[ 2018-04-24T09:42:45+08:00 ] ::1 /lab06/index.php/home/Index/data
ERR: 1146:Table 'thinkphp.tp_message' doesn't exist
 [ SQL语句 ] : SHOW COLUMNS FROM `thinkphp`.`tp_message`
ERR: 1146:Table 'thinkphp.tp_message' doesn't exist
 [ SQL语句 ] : SELECT * FROM thinkphp.tp_message 

[ 2018-04-24T09:45:57+08:00 ] ::1 /lab06/index.php/home/Index/data
ERR: 无法加载数据库驱动: Think\Db\Driver\

[ 2018-04-24T09:45:58+08:00 ] ::1 /lab06/index.php/home/Index/data
ERR: 无法加载数据库驱动: Think\Db\Driver\

[ 2018-04-24T09:46:15+08:00 ] ::1 /lab06/index.php/home/Index/data
ERR: 无法加载数据库驱动: Think\Db\Driver\

[ 2018-04-24T09:46:16+08:00 ] ::1 /lab06/index.php/home/Index/data
ERR: 无法加载数据库驱动: Think\Db\Driver\

[ 2018-04-24T09:47:28+08:00 ] ::1 /lab06/index.php/home/Index/data
ERR: 无法加载数据库驱动: Think\Db\Driver\

[ 2018-04-24T09:47:29+08:00 ] ::1 /lab06/index.php/home/Index/data
ERR: 无法加载数据库驱动: Think\Db\Driver\

[ 2018-04-24T09:48:07+08:00 ] ::1 /lab06/index.php/home/Index/data
ERR: 无法加载数据库驱动: Think\Db\Driver\

[ 2018-04-24T09:49:34+08:00 ] ::1 /lab06/index.php/home/Index/dara
ERR: 非法操作:dara

[ 2018-04-24T09:49:38+08:00 ] ::1 /lab06/index.php/home/Index/data
ERR: 1146:Table 'thinkphp.tp_message' doesn't exist
 [ SQL语句 ] : SHOW COLUMNS FROM `thinkphp`.`tp_message`
ERR: 1146:Table 'thinkphp.tp_message' doesn't exist
 [ SQL语句 ] : SELECT * FROM thinkphp.tp_message 

[ 2018-04-24T09:49:46+08:00 ] ::1 /lab06/index.php/home/Index/data
ERR: 1146:Table 'thinkphp.tp_message' doesn't exist
 [ SQL语句 ] : SHOW COLUMNS FROM `thinkphp`.`tp_message`
ERR: 1146:Table 'thinkphp.tp_message' doesn't exist
 [ SQL语句 ] : SELECT * FROM thinkphp.tp_message 

[ 2018-04-24T09:49:48+08:00 ] ::1 /lab06/index.php/home/Index/data
ERR: 1146:Table 'thinkphp.tp_message' doesn't exist
 [ SQL语句 ] : SHOW COLUMNS FROM `thinkphp`.`tp_message`
ERR: 1146:Table 'thinkphp.tp_message' doesn't exist
 [ SQL语句 ] : SELECT * FROM thinkphp.tp_message 

[ 2018-04-24T09:52:10+08:00 ] ::1 /lab06/index.php/home/Index/homework1
ERR: 1146:Table 'thinkphp.tp_message' doesn't exist
 [ SQL语句 ] : SHOW COLUMNS FROM `thinkphp`.`tp_message`
ERR: 1146:Table 'thinkphp.tp_message' doesn't exist
 [ SQL语句 ] : SELECT * FROM thinkphp.tp_message 

[ 2018-04-24T09:52:19+08:00 ] ::1 /lab06/index.php/home/Index/homework1
ERR: 1146:Table 'thinkphp.tp_message' doesn't exist
 [ SQL语句 ] : SHOW COLUMNS FROM `thinkphp`.`tp_message`
ERR: 1146:Table 'thinkphp.tp_message' doesn't exist
 [ SQL语句 ] : SELECT * FROM thinkphp.tp_message 

[ 2018-04-24T09:52:21+08:00 ] ::1 /lab06/index.php/home/Index/homework1
ERR: 1146:Table 'thinkphp.tp_message' doesn't exist
 [ SQL语句 ] : SHOW COLUMNS FROM `thinkphp`.`tp_message`
ERR: 1146:Table 'thinkphp.tp_message' doesn't exist
 [ SQL语句 ] : SELECT * FROM thinkphp.tp_message 

[ 2018-04-24T09:53:20+08:00 ] ::1 /lab06/index.php/home/Index/homework1
ERR: 1146:Table 'thinkphp.tp_message' doesn't exist
 [ SQL语句 ] : SHOW COLUMNS FROM `thinkphp`.`tp_message`
ERR: 1146:Table 'thinkphp.tp_message' doesn't exist
 [ SQL语句 ] : SELECT * FROM thinkphp.tp_message 

[ 2018-04-24T10:20:52+08:00 ] ::1 /lab06/index.php/home/Index/homework2
INFO: [ app_init ] --START--
INFO: Run Behavior\BuildLiteBehavior [ RunTime:0.000058s ]
INFO: [ app_init ] --END-- [ RunTime:0.001061s ]

[ 2018-04-24T10:21:17+08:00 ] ::1 /lab06/index.php/home/Index/homework2
INFO: [ app_init ] --START--
INFO: Run Behavior\BuildLiteBehavior [ RunTime:0.000033s ]
INFO: [ app_init ] --END-- [ RunTime:0.000537s ]

[ 2018-04-24T10:21:18+08:00 ] ::1 /lab06/index.php/home/Index/homework2
INFO: [ app_init ] --START--
INFO: Run Behavior\BuildLiteBehavior [ RunTime:0.000032s ]
INFO: [ app_init ] --END-- [ RunTime:0.000522s ]

[ 2018-04-24T10:28:12+08:00 ] ::1 /lab06/index.php/home/Index/homework2
INFO: [ app_init ] --START--
INFO: Run Behavior\BuildLiteBehavior [ RunTime:0.000032s ]
INFO: [ app_init ] --END-- [ RunTime:0.000564s ]

[ 2018-04-24T10:31:11+08:00 ] ::1 /lab06/index.php/home/Index/homework3
INFO: [ app_init ] --START--
INFO: Run Behavior\BuildLiteBehavior [ RunTime:0.000039s ]
INFO: [ app_init ] --END-- [ RunTime:0.000461s ]

[ 2018-04-24T10:32:50+08:00 ] ::1 /lab06/index.php/home/Index/homework4
INFO: [ app_init ] --START--
INFO: Run Behavior\BuildLiteBehavior [ RunTime:0.000050s ]
INFO: [ app_init ] --END-- [ RunTime:0.000710s ]

[ 2018-04-24T10:33:01+08:00 ] ::1 /lab06/index.php/home/Index/homework4
INFO: [ app_init ] --START--
INFO: Run Behavior\BuildLiteBehavior [ RunTime:0.000031s ]
INFO: [ app_init ] --END-- [ RunTime:0.000467s ]

[ 2018-04-24T10:33:04+08:00 ] ::1 /lab06/index.php/home/Index/homework4
INFO: [ app_init ] --START--
INFO: Run Behavior\BuildLiteBehavior [ RunTime:0.000030s ]
INFO: [ app_init ] --END-- [ RunTime:0.000448s ]

[ 2018-04-24T10:33:10+08:00 ] ::1 /lab06/index.php/home/Index/homework4
INFO: [ app_init ] --START--
INFO: Run Behavior\BuildLiteBehavior [ RunTime:0.000027s ]
INFO: [ app_init ] --END-- [ RunTime:0.000417s ]

[ 2018-04-24T10:35:28+08:00 ] ::1 /lab06/index.php/home/Index/homework5
INFO: [ app_init ] --START--
INFO: Run Behavior\BuildLiteBehavior [ RunTime:0.000031s ]
INFO: [ app_init ] --END-- [ RunTime:0.000510s ]

[ 2018-04-24T10:35:30+08:00 ] ::1 /lab06/index.php/home/Index/homework5
INFO: [ app_init ] --START--
INFO: Run Behavior\BuildLiteBehavior [ RunTime:0.000025s ]
INFO: [ app_init ] --END-- [ RunTime:0.000359s ]

[ 2018-04-24T10:35:33+08:00 ] ::1 /lab06/index.php/home/Index/homew
INFO: [ app_init ] --START--
INFO: Run Behavior\BuildLiteBehavior [ RunTime:0.000032s ]
INFO: [ app_init ] --END-- [ RunTime:0.000482s ]
ERR: 非法操作:homew

[ 2018-04-24T10:35:39+08:00 ] ::1 /lab06/index.php/home/Index/homework5
INFO: [ app_init ] --START--
INFO: Run Behavior\BuildLiteBehavior [ RunTime:0.000031s ]
INFO: [ app_init ] --END-- [ RunTime:0.000512s ]

[ 2018-04-24T10:36:56+08:00 ] ::1 /lab06/index.php/home/Index/homework5
INFO: [ app_init ] --START--
INFO: Run Behavior\BuildLiteBehavior [ RunTime:0.000030s ]
INFO: [ app_init ] --END-- [ RunTime:0.000508s ]

[ 2018-04-24T13:34:58+08:00 ] ::1 /lab06/index.php/home/Index/homework5
INFO: [ app_init ] --START--
INFO: Run Behavior\BuildLiteBehavior [ RunTime:0.000026s ]
INFO: [ app_init ] --END-- [ RunTime:0.031948s ]

[ 2018-04-24T13:35:06+08:00 ] ::1 /lab06/index.php/home/Index/homework1
INFO: [ app_init ] --START--
INFO: Run Behavior\BuildLiteBehavior [ RunTime:0.000045s ]
INFO: [ app_init ] --END-- [ RunTime:0.000750s ]

[ 2018-04-24T18:51:26+08:00 ] ::1 /lab06/index.php/home/Index/homework1
INFO: [ app_init ] --START--
INFO: Run Behavior\BuildLiteBehavior [ RunTime:0.000050s ]
INFO: [ app_init ] --END-- [ RunTime:0.031795s ]

[ 2018-04-24T18:52:37+08:00 ] ::1 /lab06/index.php/home/Index/homework2
INFO: [ app_init ] --START--
INFO: Run Behavior\BuildLiteBehavior [ RunTime:0.000084s ]
INFO: [ app_init ] --END-- [ RunTime:0.001365s ]

[ 2018-04-24T18:52:47+08:00 ] ::1 /lab06/index.php/home/Index/homework3
INFO: [ app_init ] --START--
INFO: Run Behavior\BuildLiteBehavior [ RunTime:0.000026s ]
INFO: [ app_init ] --END-- [ RunTime:0.000411s ]

[ 2018-04-24T18:52:57+08:00 ] ::1 /lab06/index.php/home/Index/homework4
INFO: [ app_init ] --START--
INFO: Run Behavior\BuildLiteBehavior [ RunTime:0.000040s ]
INFO: [ app_init ] --END-- [ RunTime:0.000591s ]

[ 2018-04-24T18:53:23+08:00 ] ::1 /lab06/index.php/home/Index/homework5
INFO: [ app_init ] --START--
INFO: Run Behavior\BuildLiteBehavior [ RunTime:0.000031s ]
INFO: [ app_init ] --END-- [ RunTime:0.000470s ]

