[ 2018-06-09T18:53:23+08:00 ] ::1 /lab12/index.php/Home/Login/login.html
INFO: [ app_init ] --START--
INFO: Run Behavior\BuildLiteBehavior [ RunTime:0.000029s ]
INFO: [ app_init ] --END-- [ RunTime:0.022593s ]

[ 2018-06-09T18:53:23+08:00 ] ::1 /lab12/index.php/Home/public/verify.html
INFO: [ app_init ] --START--
INFO: Run Behavior\BuildLiteBehavior [ RunTime:0.000028s ]
INFO: [ app_init ] --END-- [ RunTime:0.000489s ]

[ 2018-06-09T18:53:27+08:00 ] ::1 /lab12/index.php/Home/Login/login.html
INFO: [ app_init ] --START--
INFO: Run Behavior\BuildLiteBehavior [ RunTime:0.000030s ]
INFO: [ app_init ] --END-- [ RunTime:0.000517s ]

[ 2018-06-09T18:53:27+08:00 ] ::1 /lab12/index.php/Home/public/verify.html
INFO: [ app_init ] --START--
INFO: Run Behavior\BuildLiteBehavior [ RunTime:0.000023s ]
INFO: [ app_init ] --END-- [ RunTime:0.000358s ]

[ 2018-06-09T18:53:30+08:00 ] ::1 /lab12/index.php/home/Index/message
INFO: [ app_init ] --START--
INFO: Run Behavior\BuildLiteBehavior [ RunTime:0.000022s ]
INFO: [ app_init ] --END-- [ RunTime:0.000334s ]

[ 2018-06-09T18:53:31+08:00 ] ::1 /lab12/index.php/Home/Login/login.html
INFO: [ app_init ] --START--
INFO: Run Behavior\BuildLiteBehavior [ RunTime:0.000028s ]
INFO: [ app_init ] --END-- [ RunTime:0.000506s ]

[ 2018-06-09T18:53:31+08:00 ] ::1 /lab12/index.php/Home/public/verify.html
INFO: [ app_init ] --START--
INFO: Run Behavior\BuildLiteBehavior [ RunTime:0.000021s ]
INFO: [ app_init ] --END-- [ RunTime:0.000326s ]

[ 2018-06-09T18:53:44+08:00 ] ::1 /lab12/index.php/Home/Login/log?username=1640129240&password=1111&code=889693
INFO: [ app_init ] --START--
INFO: Run Behavior\BuildLiteBehavior [ RunTime:0.000030s ]
INFO: [ app_init ] --END-- [ RunTime:0.000508s ]

[ 2018-06-09T18:53:46+08:00 ] ::1 /lab12/index.php/Home/public/verify.html
INFO: [ app_init ] --START--
INFO: Run Behavior\BuildLiteBehavior [ RunTime:0.000031s ]
INFO: [ app_init ] --END-- [ RunTime:0.000559s ]

[ 2018-06-09T18:53:48+08:00 ] ::1 /lab12/index.php/Home/Login/login.html
INFO: [ app_init ] --START--
INFO: Run Behavior\BuildLiteBehavior [ RunTime:0.000029s ]
INFO: [ app_init ] --END-- [ RunTime:0.000524s ]

[ 2018-06-09T18:53:48+08:00 ] ::1 /lab12/index.php/Home/public/verify.html
INFO: [ app_init ] --START--
INFO: Run Behavior\BuildLiteBehavior [ RunTime:0.000023s ]
INFO: [ app_init ] --END-- [ RunTime:0.000345s ]

[ 2018-06-09T18:54:14+08:00 ] ::1 /lab12/index.php/Home/Login/login.html
INFO: [ app_init ] --START--
INFO: Run Behavior\BuildLiteBehavior [ RunTime:0.000031s ]
INFO: [ app_init ] --END-- [ RunTime:0.000529s ]

[ 2018-06-09T18:54:14+08:00 ] ::1 /lab12/index.php/Home/public/verify.html
INFO: [ app_init ] --START--
INFO: Run Behavior\BuildLiteBehavior [ RunTime:0.000032s ]
INFO: [ app_init ] --END-- [ RunTime:0.000498s ]

[ 2018-06-09T18:54:18+08:00 ] ::1 /lab12/index.php/home/Index/message
INFO: [ app_init ] --START--
INFO: Run Behavior\BuildLiteBehavior [ RunTime:0.000048s ]
INFO: [ app_init ] --END-- [ RunTime:0.000560s ]

[ 2018-06-09T18:54:19+08:00 ] ::1 /lab12/index.php/Home/Login/register.html
INFO: [ app_init ] --START--
INFO: Run Behavior\BuildLiteBehavior [ RunTime:0.000030s ]
INFO: [ app_init ] --END-- [ RunTime:0.000505s ]

[ 2018-06-09T18:54:19+08:00 ] ::1 /lab12/index.php/Home/public/verify.html
INFO: [ app_init ] --START--
INFO: Run Behavior\BuildLiteBehavior [ RunTime:0.000046s ]
INFO: [ app_init ] --END-- [ RunTime:0.000767s ]

[ 2018-06-09T18:54:28+08:00 ] ::1 /lab12/index.php/Home/Login/reg?username=1640&password=1111&code=555849
INFO: [ app_init ] --START--
INFO: Run Behavior\BuildLiteBehavior [ RunTime:0.000026s ]
INFO: [ app_init ] --END-- [ RunTime:0.000438s ]

[ 2018-06-09T18:54:31+08:00 ] ::1 /lab12/index.php/Home/Login/__URL__/addMsg.html
INFO: [ app_init ] --START--
INFO: Run Behavior\BuildLiteBehavior [ RunTime:0.000037s ]
INFO: [ app_init ] --END-- [ RunTime:0.000654s ]
ERR: 非法操作:__URL__

[ 2018-06-09T18:56:58+08:00 ] ::1 /lab12/index.php/Home/public/verify.html
INFO: [ app_init ] --START--
INFO: Run Behavior\BuildLiteBehavior [ RunTime:0.000032s ]
INFO: [ app_init ] --END-- [ RunTime:0.000761s ]

[ 2018-06-09T18:56:59+08:00 ] ::1 /lab12/index.php/Home/Login/register.html
INFO: [ app_init ] --START--
INFO: Run Behavior\BuildLiteBehavior [ RunTime:0.000032s ]
INFO: [ app_init ] --END-- [ RunTime:0.000555s ]

[ 2018-06-09T18:56:59+08:00 ] ::1 /lab12/index.php/Home/public/verify.html
INFO: [ app_init ] --START--
INFO: Run Behavior\BuildLiteBehavior [ RunTime:0.000033s ]
INFO: [ app_init ] --END-- [ RunTime:0.000631s ]

[ 2018-06-09T18:57:00+08:00 ] ::1 /lab12/index.php/Home/Login/register.html
INFO: [ app_init ] --START--
INFO: Run Behavior\BuildLiteBehavior [ RunTime:0.000031s ]
INFO: [ app_init ] --END-- [ RunTime:0.000507s ]

[ 2018-06-09T18:57:00+08:00 ] ::1 /lab12/index.php/Home/public/verify.html
INFO: [ app_init ] --START--
INFO: Run Behavior\BuildLiteBehavior [ RunTime:0.000023s ]
INFO: [ app_init ] --END-- [ RunTime:0.000398s ]

[ 2018-06-09T18:57:18+08:00 ] ::1 /lab12/index.php/Home/Login/register.html
INFO: [ app_init ] --START--
INFO: Run Behavior\BuildLiteBehavior [ RunTime:0.000025s ]
INFO: [ app_init ] --END-- [ RunTime:0.000427s ]

[ 2018-06-09T18:57:18+08:00 ] ::1 /lab12/index.php/Home/public/verify.html
INFO: [ app_init ] --START--
INFO: Run Behavior\BuildLiteBehavior [ RunTime:0.000024s ]
INFO: [ app_init ] --END-- [ RunTime:0.000394s ]

[ 2018-06-09T18:57:25+08:00 ] ::1 /lab12/index.php/Home/Login/reg?username=1640&password=1111&code=5226
INFO: [ app_init ] --START--
INFO: Run Behavior\BuildLiteBehavior [ RunTime:0.000033s ]
INFO: [ app_init ] --END-- [ RunTime:0.000701s ]

[ 2018-06-09T18:57:28+08:00 ] ::1 /lab12/index.php/Home/Login/__URL__/addMsg.html
INFO: [ app_init ] --START--
INFO: Run Behavior\BuildLiteBehavior [ RunTime:0.000035s ]
INFO: [ app_init ] --END-- [ RunTime:0.000624s ]
ERR: 非法操作:__URL__

[ 2018-06-09T18:59:01+08:00 ] ::1 /lab12/index.php/Home/Login/__URL__/addMsg.html
INFO: [ app_init ] --START--
INFO: Run Behavior\BuildLiteBehavior [ RunTime:0.000031s ]
INFO: [ app_init ] --END-- [ RunTime:0.000520s ]
ERR: 非法操作:__URL__

[ 2018-06-09T18:59:04+08:00 ] ::1 /lab12/index.php/Home/public/verify.html
INFO: [ app_init ] --START--
INFO: Run Behavior\BuildLiteBehavior [ RunTime:0.000031s ]
INFO: [ app_init ] --END-- [ RunTime:0.000547s ]

[ 2018-06-09T18:59:08+08:00 ] ::1 /lab12/index.php/Home/Login/reg?username=1640&password=1111&code=6119
INFO: [ app_init ] --START--
INFO: Run Behavior\BuildLiteBehavior [ RunTime:0.000030s ]
INFO: [ app_init ] --END-- [ RunTime:0.000526s ]

[ 2018-06-09T18:59:11+08:00 ] ::1 /lab12/index.php/Home/Login/__URL__/register
INFO: [ app_init ] --START--
INFO: Run Behavior\BuildLiteBehavior [ RunTime:0.000055s ]
INFO: [ app_init ] --END-- [ RunTime:0.000945s ]
ERR: 非法操作:__URL__

[ 2018-06-09T18:59:14+08:00 ] ::1 /lab12/index.php/Home/public/verify.html
INFO: [ app_init ] --START--
INFO: Run Behavior\BuildLiteBehavior [ RunTime:0.000031s ]
INFO: [ app_init ] --END-- [ RunTime:0.000548s ]

[ 2018-06-09T18:59:15+08:00 ] ::1 /lab12/index.php/Home/Login/register.html
INFO: [ app_init ] --START--
INFO: Run Behavior\BuildLiteBehavior [ RunTime:0.000032s ]
INFO: [ app_init ] --END-- [ RunTime:0.000549s ]

[ 2018-06-09T18:59:15+08:00 ] ::1 /lab12/index.php/Home/public/verify.html
INFO: [ app_init ] --START--
INFO: Run Behavior\BuildLiteBehavior [ RunTime:0.000023s ]
INFO: [ app_init ] --END-- [ RunTime:0.000373s ]

[ 2018-06-09T19:00:52+08:00 ] ::1 /lab12/index.php/Home/Login/register.html
INFO: [ app_init ] --START--
INFO: Run Behavior\BuildLiteBehavior [ RunTime:0.000053s ]
INFO: [ app_init ] --END-- [ RunTime:0.000830s ]

[ 2018-06-09T19:00:52+08:00 ] ::1 /lab12/index.php/Home/public/verify.html
INFO: [ app_init ] --START--
INFO: Run Behavior\BuildLiteBehavior [ RunTime:0.000026s ]
INFO: [ app_init ] --END-- [ RunTime:0.000453s ]

[ 2018-06-09T19:00:52+08:00 ] ::1 /lab12/index.php/Home/Login/register.html
INFO: [ app_init ] --START--
INFO: Run Behavior\BuildLiteBehavior [ RunTime:0.000029s ]
INFO: [ app_init ] --END-- [ RunTime:0.000528s ]

[ 2018-06-09T19:00:52+08:00 ] ::1 /lab12/index.php/Home/public/verify.html
INFO: [ app_init ] --START--
INFO: Run Behavior\BuildLiteBehavior [ RunTime:0.000025s ]
INFO: [ app_init ] --END-- [ RunTime:0.000386s ]

[ 2018-06-09T19:00:58+08:00 ] ::1 /lab12/index.php/Home/Login/reg?username=1640&password=1111&code=4053
INFO: [ app_init ] --START--
INFO: Run Behavior\BuildLiteBehavior [ RunTime:0.000030s ]
INFO: [ app_init ] --END-- [ RunTime:0.000527s ]

[ 2018-06-09T19:01:01+08:00 ] ::1 /lab12/index.php/Home/Login/__URL__/register.html
INFO: [ app_init ] --START--
INFO: Run Behavior\BuildLiteBehavior [ RunTime:0.000039s ]
INFO: [ app_init ] --END-- [ RunTime:0.000681s ]
ERR: 非法操作:__URL__

[ 2018-06-09T19:01:24+08:00 ] ::1 /lab12/index.php/Home/public/verify.html
INFO: [ app_init ] --START--
INFO: Run Behavior\BuildLiteBehavior [ RunTime:0.000032s ]
INFO: [ app_init ] --END-- [ RunTime:0.000555s ]

[ 2018-06-09T19:01:25+08:00 ] ::1 /lab12/index.php/Home/Login/reg?username=1640&password=1111&code=4053
INFO: [ app_init ] --START--
INFO: Run Behavior\BuildLiteBehavior [ RunTime:0.000023s ]
INFO: [ app_init ] --END-- [ RunTime:0.000453s ]

[ 2018-06-09T19:01:28+08:00 ] ::1 /lab12/index.php/Home/Login/register.html
INFO: [ app_init ] --START--
INFO: Run Behavior\BuildLiteBehavior [ RunTime:0.000046s ]
INFO: [ app_init ] --END-- [ RunTime:0.000804s ]

[ 2018-06-09T19:01:28+08:00 ] ::1 /lab12/index.php/Home/public/verify.html
INFO: [ app_init ] --START--
INFO: Run Behavior\BuildLiteBehavior [ RunTime:0.000037s ]
INFO: [ app_init ] --END-- [ RunTime:0.000442s ]

[ 2018-06-09T19:01:34+08:00 ] ::1 /lab12/index.php/Home/Login/register.html
INFO: [ app_init ] --START--
INFO: Run Behavior\BuildLiteBehavior [ RunTime:0.000040s ]
INFO: [ app_init ] --END-- [ RunTime:0.000709s ]

[ 2018-06-09T19:01:35+08:00 ] ::1 /lab12/index.php/Home/public/verify.html
INFO: [ app_init ] --START--
INFO: Run Behavior\BuildLiteBehavior [ RunTime:0.000024s ]
INFO: [ app_init ] --END-- [ RunTime:0.000366s ]

[ 2018-06-09T19:02:46+08:00 ] ::1 /lab12/index.php/Home/Login/register.html
INFO: [ app_init ] --START--
INFO: Run Behavior\BuildLiteBehavior [ RunTime:0.000032s ]
INFO: [ app_init ] --END-- [ RunTime:0.000511s ]

[ 2018-06-09T19:02:46+08:00 ] ::1 /lab12/index.php/Home/public/verify.html
INFO: [ app_init ] --START--
INFO: Run Behavior\BuildLiteBehavior [ RunTime:0.000054s ]
INFO: [ app_init ] --END-- [ RunTime:0.000889s ]

[ 2018-06-09T19:02:54+08:00 ] ::1 /lab12/index.php/Home/Login/reg
INFO: [ app_init ] --START--
INFO: Run Behavior\BuildLiteBehavior [ RunTime:0.000032s ]
INFO: [ app_init ] --END-- [ RunTime:0.000538s ]

[ 2018-06-09T19:02:54+08:00 ] ::1 /lab12/index.php/Home/Index/message.html
INFO: [ app_init ] --START--
INFO: Run Behavior\BuildLiteBehavior [ RunTime:0.000030s ]
INFO: [ app_init ] --END-- [ RunTime:0.000533s ]

[ 2018-06-09T19:04:23+08:00 ] ::1 /lab12/index.php/Home/Login/register.html
INFO: [ app_init ] --START--
INFO: Run Behavior\BuildLiteBehavior [ RunTime:0.000029s ]
INFO: [ app_init ] --END-- [ RunTime:0.000491s ]

[ 2018-06-09T19:04:23+08:00 ] ::1 /lab12/index.php/Home/public/verify.html
INFO: [ app_init ] --START--
INFO: Run Behavior\BuildLiteBehavior [ RunTime:0.000026s ]
INFO: [ app_init ] --END-- [ RunTime:0.000419s ]

[ 2018-06-09T19:04:32+08:00 ] ::1 /lab12/index.php/Home/Login/reg
INFO: [ app_init ] --START--
INFO: Run Behavior\BuildLiteBehavior [ RunTime:0.000029s ]
INFO: [ app_init ] --END-- [ RunTime:0.000523s ]

[ 2018-06-09T19:04:32+08:00 ] ::1 /lab12/index.php/Home/Login/login.html
INFO: [ app_init ] --START--
INFO: Run Behavior\BuildLiteBehavior [ RunTime:0.000023s ]
INFO: [ app_init ] --END-- [ RunTime:0.000417s ]

[ 2018-06-09T19:04:32+08:00 ] ::1 /lab12/index.php/Home/public/verify.html
INFO: [ app_init ] --START--
INFO: Run Behavior\BuildLiteBehavior [ RunTime:0.000022s ]
INFO: [ app_init ] --END-- [ RunTime:0.000372s ]

[ 2018-06-09T19:04:44+08:00 ] ::1 /lab12/index.php/Home/Login/log?username=1640129240&password=123&code=9904
INFO: [ app_init ] --START--
INFO: Run Behavior\BuildLiteBehavior [ RunTime:0.000031s ]
INFO: [ app_init ] --END-- [ RunTime:0.000505s ]

[ 2018-06-09T19:04:44+08:00 ] ::1 /lab12/index.php/Home/Index/data.html
INFO: [ app_init ] --START--
INFO: Run Behavior\BuildLiteBehavior [ RunTime:0.000031s ]
INFO: [ app_init ] --END-- [ RunTime:0.000492s ]
ERR: 非法操作:data

[ 2018-06-09T19:04:49+08:00 ] ::1 /lab12/index.php/Home/public/verify.html
INFO: [ app_init ] --START--
INFO: Run Behavior\BuildLiteBehavior [ RunTime:0.000031s ]
INFO: [ app_init ] --END-- [ RunTime:0.000508s ]

[ 2018-06-09T19:04:52+08:00 ] ::1 /lab12/index.php/Home/public/verify.html
INFO: [ app_init ] --START--
INFO: Run Behavior\BuildLiteBehavior [ RunTime:0.000031s ]
INFO: [ app_init ] --END-- [ RunTime:0.000557s ]

[ 2018-06-09T19:04:55+08:00 ] ::1 /lab12/index.php/Home/Login/register.html
INFO: [ app_init ] --START--
INFO: Run Behavior\BuildLiteBehavior [ RunTime:0.000032s ]
INFO: [ app_init ] --END-- [ RunTime:0.000552s ]

[ 2018-06-09T19:04:55+08:00 ] ::1 /lab12/index.php/Home/public/verify.html
INFO: [ app_init ] --START--
INFO: Run Behavior\BuildLiteBehavior [ RunTime:0.000021s ]
INFO: [ app_init ] --END-- [ RunTime:0.000393s ]

[ 2018-06-09T19:16:49+08:00 ] ::1 /lab12/index.php/Home/Login/reg
INFO: [ app_init ] --START--
INFO: Run Behavior\BuildLiteBehavior [ RunTime:0.000031s ]
INFO: [ app_init ] --END-- [ RunTime:0.000522s ]

[ 2018-06-09T19:16:52+08:00 ] ::1 /lab12/index.php/Home/Login/register.html
INFO: [ app_init ] --START--
INFO: Run Behavior\BuildLiteBehavior [ RunTime:0.000052s ]
INFO: [ app_init ] --END-- [ RunTime:0.000860s ]

[ 2018-06-09T19:16:53+08:00 ] ::1 /lab12/index.php/Home/public/verify.html
INFO: [ app_init ] --START--
INFO: Run Behavior\BuildLiteBehavior [ RunTime:0.000026s ]
INFO: [ app_init ] --END-- [ RunTime:0.000428s ]

[ 2018-06-09T19:17:06+08:00 ] ::1 /lab12/index.php/Home/Login/reg
INFO: [ app_init ] --START--
INFO: Run Behavior\BuildLiteBehavior [ RunTime:0.000033s ]
INFO: [ app_init ] --END-- [ RunTime:0.000557s ]

[ 2018-06-09T19:17:06+08:00 ] ::1 /lab12/index.php/Home/Login/login.html
INFO: [ app_init ] --START--
INFO: Run Behavior\BuildLiteBehavior [ RunTime:0.000041s ]
INFO: [ app_init ] --END-- [ RunTime:0.000717s ]

[ 2018-06-09T19:17:06+08:00 ] ::1 /lab12/index.php/Home/public/verify.html
INFO: [ app_init ] --START--
INFO: Run Behavior\BuildLiteBehavior [ RunTime:0.000024s ]
INFO: [ app_init ] --END-- [ RunTime:0.000375s ]

[ 2018-06-09T19:17:27+08:00 ] ::1 /lab12/index.php/Home/public/verify.html
INFO: [ app_init ] --START--
INFO: Run Behavior\BuildLiteBehavior [ RunTime:0.000030s ]
INFO: [ app_init ] --END-- [ RunTime:0.000542s ]

[ 2018-06-09T19:17:29+08:00 ] ::1 /lab12/index.php/Home/Login/register.html
INFO: [ app_init ] --START--
INFO: Run Behavior\BuildLiteBehavior [ RunTime:0.000025s ]
INFO: [ app_init ] --END-- [ RunTime:0.000439s ]

[ 2018-06-09T19:17:29+08:00 ] ::1 /lab12/index.php/Home/public/verify.html
INFO: [ app_init ] --START--
INFO: Run Behavior\BuildLiteBehavior [ RunTime:0.000026s ]
INFO: [ app_init ] --END-- [ RunTime:0.000548s ]

[ 2018-06-09T19:17:48+08:00 ] ::1 /lab12/index.php/Home/Login/register.html
INFO: [ app_init ] --START--
INFO: Run Behavior\BuildLiteBehavior [ RunTime:0.000029s ]
INFO: [ app_init ] --END-- [ RunTime:0.000492s ]

[ 2018-06-09T19:17:48+08:00 ] ::1 /lab12/index.php/Home/public/verify.html
INFO: [ app_init ] --START--
INFO: Run Behavior\BuildLiteBehavior [ RunTime:0.000034s ]
INFO: [ app_init ] --END-- [ RunTime:0.000457s ]

[ 2018-06-09T19:17:48+08:00 ] ::1 /lab12/index.php/Home/Login/register.html
INFO: [ app_init ] --START--
INFO: Run Behavior\BuildLiteBehavior [ RunTime:0.000029s ]
INFO: [ app_init ] --END-- [ RunTime:0.000533s ]

[ 2018-06-09T19:17:49+08:00 ] ::1 /lab12/index.php/Home/public/verify.html
INFO: [ app_init ] --START--
INFO: Run Behavior\BuildLiteBehavior [ RunTime:0.000030s ]
INFO: [ app_init ] --END-- [ RunTime:0.000452s ]

[ 2018-06-09T19:17:58+08:00 ] ::1 /lab12/index.php/Home/public/verify.html?0.6034400651033926
INFO: [ app_init ] --START--
INFO: Run Behavior\BuildLiteBehavior [ RunTime:0.000029s ]
INFO: [ app_init ] --END-- [ RunTime:0.000492s ]

[ 2018-06-09T19:18:03+08:00 ] ::1 /lab12/index.php/Home/Login/reg
INFO: [ app_init ] --START--
INFO: Run Behavior\BuildLiteBehavior [ RunTime:0.000031s ]
INFO: [ app_init ] --END-- [ RunTime:0.000496s ]

[ 2018-06-09T19:18:03+08:00 ] ::1 /lab12/index.php/Home/Login/login.html
INFO: [ app_init ] --START--
INFO: Run Behavior\BuildLiteBehavior [ RunTime:0.000025s ]
INFO: [ app_init ] --END-- [ RunTime:0.000423s ]

[ 2018-06-09T19:18:03+08:00 ] ::1 /lab12/index.php/Home/public/verify.html
INFO: [ app_init ] --START--
INFO: Run Behavior\BuildLiteBehavior [ RunTime:0.000023s ]
INFO: [ app_init ] --END-- [ RunTime:0.000407s ]

[ 2018-06-09T19:18:32+08:00 ] ::1 /lab12/index.php/Home/public/verify.html
INFO: [ app_init ] --START--
INFO: Run Behavior\BuildLiteBehavior [ RunTime:0.000038s ]
INFO: [ app_init ] --END-- [ RunTime:0.000589s ]

[ 2018-06-09T19:18:33+08:00 ] ::1 /lab12/index.php/Home/Login/register.html
INFO: [ app_init ] --START--
INFO: Run Behavior\BuildLiteBehavior [ RunTime:0.000053s ]
INFO: [ app_init ] --END-- [ RunTime:0.000837s ]

[ 2018-06-09T19:18:33+08:00 ] ::1 /lab12/index.php/Home/public/verify.html
INFO: [ app_init ] --START--
INFO: Run Behavior\BuildLiteBehavior [ RunTime:0.000024s ]
INFO: [ app_init ] --END-- [ RunTime:0.000411s ]

[ 2018-06-09T19:18:42+08:00 ] ::1 /lab12/index.php/Home/Login/reg
INFO: [ app_init ] --START--
INFO: Run Behavior\BuildLiteBehavior [ RunTime:0.000032s ]
INFO: [ app_init ] --END-- [ RunTime:0.000502s ]

[ 2018-06-09T19:18:42+08:00 ] ::1 /lab12/index.php/Home/Login/login.html
INFO: [ app_init ] --START--
INFO: Run Behavior\BuildLiteBehavior [ RunTime:0.000031s ]
INFO: [ app_init ] --END-- [ RunTime:0.000571s ]

[ 2018-06-09T19:18:43+08:00 ] ::1 /lab12/index.php/Home/public/verify.html
INFO: [ app_init ] --START--
INFO: Run Behavior\BuildLiteBehavior [ RunTime:0.000025s ]
INFO: [ app_init ] --END-- [ RunTime:0.000431s ]

[ 2018-06-09T19:19:01+08:00 ] ::1 /lab12/index.php/Home/Login/login.html
INFO: [ app_init ] --START--
INFO: Run Behavior\BuildLiteBehavior [ RunTime:0.000032s ]
INFO: [ app_init ] --END-- [ RunTime:0.000552s ]

[ 2018-06-09T19:19:01+08:00 ] ::1 /lab12/index.php/Home/public/verify.html
INFO: [ app_init ] --START--
INFO: Run Behavior\BuildLiteBehavior [ RunTime:0.000024s ]
INFO: [ app_init ] --END-- [ RunTime:0.000379s ]

[ 2018-06-09T19:19:15+08:00 ] ::1 /lab12/index.php/Home/public/verify.html
INFO: [ app_init ] --START--
INFO: Run Behavior\BuildLiteBehavior [ RunTime:0.000030s ]
INFO: [ app_init ] --END-- [ RunTime:0.000615s ]

[ 2018-06-09T19:23:28+08:00 ] ::1 /lab12/index.php/Home/Login/reg
INFO: [ app_init ] --START--
INFO: Run Behavior\BuildLiteBehavior [ RunTime:0.000030s ]
INFO: [ app_init ] --END-- [ RunTime:0.000497s ]

[ 2018-06-09T19:23:30+08:00 ] ::1 /lab12/index.php/Home/public/verify.html
INFO: [ app_init ] --START--
INFO: Run Behavior\BuildLiteBehavior [ RunTime:0.000030s ]
INFO: [ app_init ] --END-- [ RunTime:0.000498s ]

[ 2018-06-09T19:24:10+08:00 ] ::1 /lab12/index.php/Home/Login/register.html
INFO: [ app_init ] --START--
INFO: Run Behavior\BuildLiteBehavior [ RunTime:0.000053s ]
INFO: [ app_init ] --END-- [ RunTime:0.000874s ]

[ 2018-06-09T19:24:10+08:00 ] ::1 /lab12/index.php/Home/public/verify.html
INFO: [ app_init ] --START--
INFO: Run Behavior\BuildLiteBehavior [ RunTime:0.000024s ]
INFO: [ app_init ] --END-- [ RunTime:0.000479s ]

[ 2018-06-09T19:24:11+08:00 ] ::1 /lab12/index.php/Home/Login/reg
INFO: [ app_init ] --START--
INFO: Run Behavior\BuildLiteBehavior [ RunTime:0.000029s ]
INFO: [ app_init ] --END-- [ RunTime:0.000518s ]

[ 2018-06-09T19:24:14+08:00 ] ::1 /lab12/index.php/Home/Login/register.html
INFO: [ app_init ] --START--
INFO: Run Behavior\BuildLiteBehavior [ RunTime:0.000050s ]
INFO: [ app_init ] --END-- [ RunTime:0.000858s ]

[ 2018-06-09T19:24:14+08:00 ] ::1 /lab12/index.php/Home/public/verify.html
INFO: [ app_init ] --START--
INFO: Run Behavior\BuildLiteBehavior [ RunTime:0.000023s ]
INFO: [ app_init ] --END-- [ RunTime:0.000433s ]

[ 2018-06-09T19:25:31+08:00 ] ::1 /lab12/index.php/Home/Login/register.html
INFO: [ app_init ] --START--
INFO: Run Behavior\BuildLiteBehavior [ RunTime:0.000035s ]
INFO: [ app_init ] --END-- [ RunTime:0.000631s ]

[ 2018-06-09T19:25:31+08:00 ] ::1 /lab12/index.php/Home/public/verify.html
INFO: [ app_init ] --START--
INFO: Run Behavior\BuildLiteBehavior [ RunTime:0.000024s ]
INFO: [ app_init ] --END-- [ RunTime:0.000400s ]

[ 2018-06-09T19:25:32+08:00 ] ::1 /lab12/index.php/Home/Login/reg
INFO: [ app_init ] --START--
INFO: Run Behavior\BuildLiteBehavior [ RunTime:0.000030s ]
INFO: [ app_init ] --END-- [ RunTime:0.000494s ]

[ 2018-06-09T19:25:33+08:00 ] ::1 /lab12/index.php/Home/public/verify.html
INFO: [ app_init ] --START--
INFO: Run Behavior\BuildLiteBehavior [ RunTime:0.000031s ]
INFO: [ app_init ] --END-- [ RunTime:0.000552s ]

[ 2018-06-09T19:25:56+08:00 ] ::1 /lab12/index.php/Home/Login/register.html
INFO: [ app_init ] --START--
INFO: Run Behavior\BuildLiteBehavior [ RunTime:0.000026s ]
INFO: [ app_init ] --END-- [ RunTime:0.000486s ]

[ 2018-06-09T19:25:56+08:00 ] ::1 /lab12/index.php/Home/public/verify.html
INFO: [ app_init ] --START--
INFO: Run Behavior\BuildLiteBehavior [ RunTime:0.000024s ]
INFO: [ app_init ] --END-- [ RunTime:0.000437s ]

[ 2018-06-09T19:25:57+08:00 ] ::1 /lab12/index.php/Home/Login/reg
INFO: [ app_init ] --START--
INFO: Run Behavior\BuildLiteBehavior [ RunTime:0.000029s ]
INFO: [ app_init ] --END-- [ RunTime:0.000485s ]

[ 2018-06-09T19:26:00+08:00 ] ::1 /lab12/index.php/Home/Login/register.html
INFO: [ app_init ] --START--
INFO: Run Behavior\BuildLiteBehavior [ RunTime:0.000037s ]
INFO: [ app_init ] --END-- [ RunTime:0.001136s ]

[ 2018-06-09T19:26:00+08:00 ] ::1 /lab12/index.php/Home/public/verify.html
INFO: [ app_init ] --START--
INFO: Run Behavior\BuildLiteBehavior [ RunTime:0.000025s ]
INFO: [ app_init ] --END-- [ RunTime:0.000502s ]

[ 2018-06-09T19:53:55+08:00 ] ::1 /lab12/index.php/Home/Login/register.html
INFO: [ app_init ] --START--
INFO: Run Behavior\BuildLiteBehavior [ RunTime:0.000035s ]
INFO: [ app_init ] --END-- [ RunTime:0.000678s ]

[ 2018-06-09T19:53:55+08:00 ] ::1 /lab12/index.php/Home/public/verify.html
INFO: [ app_init ] --START--
INFO: Run Behavior\BuildLiteBehavior [ RunTime:0.000024s ]
INFO: [ app_init ] --END-- [ RunTime:0.000408s ]

[ 2018-06-09T19:54:12+08:00 ] ::1 /lab12/index.php/Home/public/verify.html?0.731612724035156
INFO: [ app_init ] --START--
INFO: Run Behavior\BuildLiteBehavior [ RunTime:0.000029s ]
INFO: [ app_init ] --END-- [ RunTime:0.000485s ]

[ 2018-06-09T19:54:13+08:00 ] ::1 /lab12/index.php/Home/public/verify.html?0.731612724035156?0.5649076912186393
INFO: [ app_init ] --START--
INFO: Run Behavior\BuildLiteBehavior [ RunTime:0.000027s ]
INFO: [ app_init ] --END-- [ RunTime:0.000484s ]

[ 2018-06-09T19:54:17+08:00 ] ::1 /lab12/index.php/Home/Login/reg
INFO: [ app_init ] --START--
INFO: Run Behavior\BuildLiteBehavior [ RunTime:0.000031s ]
INFO: [ app_init ] --END-- [ RunTime:0.000502s ]

[ 2018-06-09T19:54:20+08:00 ] ::1 /lab12/index.php/Home/Login/register.html
INFO: [ app_init ] --START--
INFO: Run Behavior\BuildLiteBehavior [ RunTime:0.000039s ]
INFO: [ app_init ] --END-- [ RunTime:0.000683s ]

[ 2018-06-09T19:54:20+08:00 ] ::1 /lab12/index.php/Home/public/verify.html
INFO: [ app_init ] --START--
INFO: Run Behavior\BuildLiteBehavior [ RunTime:0.000024s ]
INFO: [ app_init ] --END-- [ RunTime:0.000412s ]

[ 2018-06-09T19:54:57+08:00 ] ::1 /lab12/index.php/Home/public/verify.html?0.9580926789489661
INFO: [ app_init ] --START--
INFO: Run Behavior\BuildLiteBehavior [ RunTime:0.000029s ]
INFO: [ app_init ] --END-- [ RunTime:0.000525s ]

[ 2018-06-09T19:55:00+08:00 ] ::1 /lab12/index.php/Home/Login/reg
INFO: [ app_init ] --START--
INFO: Run Behavior\BuildLiteBehavior [ RunTime:0.000030s ]
INFO: [ app_init ] --END-- [ RunTime:0.000542s ]

[ 2018-06-09T19:55:04+08:00 ] ::1 /lab12/index.php/Home/Login/register.html
INFO: [ app_init ] --START--
INFO: Run Behavior\BuildLiteBehavior [ RunTime:0.000035s ]
INFO: [ app_init ] --END-- [ RunTime:0.000656s ]

[ 2018-06-09T19:55:04+08:00 ] ::1 /lab12/index.php/Home/public/verify.html
INFO: [ app_init ] --START--
INFO: Run Behavior\BuildLiteBehavior [ RunTime:0.000023s ]
INFO: [ app_init ] --END-- [ RunTime:0.000415s ]

[ 2018-06-09T19:55:19+08:00 ] ::1 /lab12/index.php/Home/Login/reg
INFO: [ app_init ] --START--
INFO: Run Behavior\BuildLiteBehavior [ RunTime:0.000031s ]
INFO: [ app_init ] --END-- [ RunTime:0.000500s ]

[ 2018-06-09T19:57:26+08:00 ] ::1 /lab12/index.php/Home/Login/reg
INFO: [ app_init ] --START--
INFO: Run Behavior\BuildLiteBehavior [ RunTime:0.000041s ]
INFO: [ app_init ] --END-- [ RunTime:0.000682s ]

[ 2018-06-09T19:57:29+08:00 ] ::1 /lab12/index.php/Home/public/verify.html
INFO: [ app_init ] --START--
INFO: Run Behavior\BuildLiteBehavior [ RunTime:0.000031s ]
INFO: [ app_init ] --END-- [ RunTime:0.000553s ]

[ 2018-06-09T19:57:30+08:00 ] ::1 /lab12/index.php/Home/public/verify.html
INFO: [ app_init ] --START--
INFO: Run Behavior\BuildLiteBehavior [ RunTime:0.000032s ]
INFO: [ app_init ] --END-- [ RunTime:0.000533s ]

[ 2018-06-09T19:57:31+08:00 ] ::1 /lab12/index.php/Home/Login/register.html
INFO: [ app_init ] --START--
INFO: Run Behavior\BuildLiteBehavior [ RunTime:0.000031s ]
INFO: [ app_init ] --END-- [ RunTime:0.000505s ]

[ 2018-06-09T19:57:31+08:00 ] ::1 /lab12/index.php/Home/public/verify.html
INFO: [ app_init ] --START--
INFO: Run Behavior\BuildLiteBehavior [ RunTime:0.000026s ]
INFO: [ app_init ] --END-- [ RunTime:0.000425s ]

[ 2018-06-09T19:57:38+08:00 ] ::1 /lab12/index.php/Home/Login/reg
INFO: [ app_init ] --START--
INFO: Run Behavior\BuildLiteBehavior [ RunTime:0.000030s ]
INFO: [ app_init ] --END-- [ RunTime:0.000521s ]

[ 2018-06-09T19:57:53+08:00 ] ::1 /lab12/index.php/Home/public/verify.html
INFO: [ app_init ] --START--
INFO: Run Behavior\BuildLiteBehavior [ RunTime:0.000030s ]
INFO: [ app_init ] --END-- [ RunTime:0.000559s ]

[ 2018-06-09T19:57:57+08:00 ] ::1 /lab12/index.php/Home/Login/reg
INFO: [ app_init ] --START--
INFO: Run Behavior\BuildLiteBehavior [ RunTime:0.000032s ]
INFO: [ app_init ] --END-- [ RunTime:0.000718s ]

[ 2018-06-09T19:57:58+08:00 ] ::1 /lab12/index.php/Home/public/verify.html
INFO: [ app_init ] --START--
INFO: Run Behavior\BuildLiteBehavior [ RunTime:0.000031s ]
INFO: [ app_init ] --END-- [ RunTime:0.000500s ]

[ 2018-06-09T19:57:59+08:00 ] ::1 /lab12/index.php/Home/Login/register.html
INFO: [ app_init ] --START--
INFO: Run Behavior\BuildLiteBehavior [ RunTime:0.000058s ]
INFO: [ app_init ] --END-- [ RunTime:0.000819s ]

[ 2018-06-09T19:57:59+08:00 ] ::1 /lab12/index.php/Home/public/verify.html
INFO: [ app_init ] --START--
INFO: Run Behavior\BuildLiteBehavior [ RunTime:0.000033s ]
INFO: [ app_init ] --END-- [ RunTime:0.000570s ]

[ 2018-06-09T19:58:04+08:00 ] ::1 /lab12/index.php/Home/public/verify.html?0.2583593945762226
INFO: [ app_init ] --START--
INFO: Run Behavior\BuildLiteBehavior [ RunTime:0.000030s ]
INFO: [ app_init ] --END-- [ RunTime:0.000499s ]

[ 2018-06-09T19:58:09+08:00 ] ::1 /lab12/index.php/Home/Login/reg
INFO: [ app_init ] --START--
INFO: Run Behavior\BuildLiteBehavior [ RunTime:0.000028s ]
INFO: [ app_init ] --END-- [ RunTime:0.000489s ]

[ 2018-06-09T19:58:50+08:00 ] ::1 /lab12/index.php/Home/public/verify.html
INFO: [ app_init ] --START--
INFO: Run Behavior\BuildLiteBehavior [ RunTime:0.000033s ]
INFO: [ app_init ] --END-- [ RunTime:0.000566s ]

[ 2018-06-09T19:58:51+08:00 ] ::1 /lab12/index.php/Home/Login/register.html
INFO: [ app_init ] --START--
INFO: Run Behavior\BuildLiteBehavior [ RunTime:0.000026s ]
INFO: [ app_init ] --END-- [ RunTime:0.000429s ]

[ 2018-06-09T19:58:51+08:00 ] ::1 /lab12/index.php/Home/public/verify.html
INFO: [ app_init ] --START--
INFO: Run Behavior\BuildLiteBehavior [ RunTime:0.000022s ]
INFO: [ app_init ] --END-- [ RunTime:0.000390s ]

[ 2018-06-09T19:58:57+08:00 ] ::1 /lab12/index.php/Home/Login/reg
INFO: [ app_init ] --START--
INFO: Run Behavior\BuildLiteBehavior [ RunTime:0.000031s ]
INFO: [ app_init ] --END-- [ RunTime:0.000546s ]

[ 2018-06-09T19:59:26+08:00 ] ::1 /lab12/index.php/Home/public/verify.html
INFO: [ app_init ] --START--
INFO: Run Behavior\BuildLiteBehavior [ RunTime:0.000054s ]
INFO: [ app_init ] --END-- [ RunTime:0.000821s ]

[ 2018-06-09T19:59:28+08:00 ] ::1 /lab12/index.php/Home/Login/register.html
INFO: [ app_init ] --START--
INFO: Run Behavior\BuildLiteBehavior [ RunTime:0.000030s ]
INFO: [ app_init ] --END-- [ RunTime:0.000502s ]

[ 2018-06-09T19:59:28+08:00 ] ::1 /lab12/index.php/Home/public/verify.html
INFO: [ app_init ] --START--
INFO: Run Behavior\BuildLiteBehavior [ RunTime:0.000038s ]
INFO: [ app_init ] --END-- [ RunTime:0.000627s ]

[ 2018-06-09T19:59:32+08:00 ] ::1 /lab12/index.php/Home/public/verify.html?0.9431983103675647
INFO: [ app_init ] --START--
INFO: Run Behavior\BuildLiteBehavior [ RunTime:0.000026s ]
INFO: [ app_init ] --END-- [ RunTime:0.000472s ]

[ 2018-06-09T19:59:33+08:00 ] ::1 /lab12/index.php/Home/public/verify.html?0.9431983103675647?0.5588477991967247
INFO: [ app_init ] --START--
INFO: Run Behavior\BuildLiteBehavior [ RunTime:0.000027s ]
INFO: [ app_init ] --END-- [ RunTime:0.000510s ]

[ 2018-06-09T19:59:36+08:00 ] ::1 /lab12/index.php/Home/Login/reg
INFO: [ app_init ] --START--
INFO: Run Behavior\BuildLiteBehavior [ RunTime:0.000030s ]
INFO: [ app_init ] --END-- [ RunTime:0.000522s ]

[ 2018-06-09T20:01:03+08:00 ] ::1 /lab12/index.php/Home/public/verify.html
INFO: [ app_init ] --START--
INFO: Run Behavior\BuildLiteBehavior [ RunTime:0.000028s ]
INFO: [ app_init ] --END-- [ RunTime:0.000487s ]

[ 2018-06-09T20:01:04+08:00 ] ::1 /lab12/index.php/Home/Login/register.html
INFO: [ app_init ] --START--
INFO: Run Behavior\BuildLiteBehavior [ RunTime:0.000036s ]
INFO: [ app_init ] --END-- [ RunTime:0.000555s ]

[ 2018-06-09T20:01:04+08:00 ] ::1 /lab12/index.php/Home/public/verify.html
INFO: [ app_init ] --START--
INFO: Run Behavior\BuildLiteBehavior [ RunTime:0.000030s ]
INFO: [ app_init ] --END-- [ RunTime:0.000447s ]

[ 2018-06-09T20:01:09+08:00 ] ::1 /lab12/index.php/Home/Login/reg
INFO: [ app_init ] --START--
INFO: Run Behavior\BuildLiteBehavior [ RunTime:0.000032s ]
INFO: [ app_init ] --END-- [ RunTime:0.000539s ]

[ 2018-06-09T20:01:12+08:00 ] ::1 /lab12/index.php/Home/Login/register.html
INFO: [ app_init ] --START--
INFO: Run Behavior\BuildLiteBehavior [ RunTime:0.000038s ]
INFO: [ app_init ] --END-- [ RunTime:0.000714s ]

[ 2018-06-09T20:01:12+08:00 ] ::1 /lab12/index.php/Home/public/verify.html
INFO: [ app_init ] --START--
INFO: Run Behavior\BuildLiteBehavior [ RunTime:0.000024s ]
INFO: [ app_init ] --END-- [ RunTime:0.000384s ]

[ 2018-06-09T20:01:26+08:00 ] ::1 /lab12/index.php/Home/Login/reg
INFO: [ app_init ] --START--
INFO: Run Behavior\BuildLiteBehavior [ RunTime:0.000029s ]
INFO: [ app_init ] --END-- [ RunTime:0.000489s ]

[ 2018-06-09T20:01:28+08:00 ] ::1 /lab12/index.php/Home/public/verify.html
INFO: [ app_init ] --START--
INFO: Run Behavior\BuildLiteBehavior [ RunTime:0.000031s ]
INFO: [ app_init ] --END-- [ RunTime:0.000534s ]

[ 2018-06-09T20:01:44+08:00 ] ::1 /lab12/index.php/Home/Login/register.html
INFO: [ app_init ] --START--
INFO: Run Behavior\BuildLiteBehavior [ RunTime:0.000033s ]
INFO: [ app_init ] --END-- [ RunTime:0.000750s ]

[ 2018-06-09T20:01:44+08:00 ] ::1 /lab12/index.php/Home/public/verify.html
INFO: [ app_init ] --START--
INFO: Run Behavior\BuildLiteBehavior [ RunTime:0.000023s ]
INFO: [ app_init ] --END-- [ RunTime:0.000391s ]

[ 2018-06-09T20:02:08+08:00 ] ::1 /lab12/index.php/Home/Login/reg
INFO: [ app_init ] --START--
INFO: Run Behavior\BuildLiteBehavior [ RunTime:0.000030s ]
INFO: [ app_init ] --END-- [ RunTime:0.000493s ]

[ 2018-06-09T20:02:11+08:00 ] ::1 /lab12/index.php/Home/Login/register.html
INFO: [ app_init ] --START--
INFO: Run Behavior\BuildLiteBehavior [ RunTime:0.000054s ]
INFO: [ app_init ] --END-- [ RunTime:0.000920s ]

[ 2018-06-09T20:02:11+08:00 ] ::1 /lab12/index.php/Home/public/verify.html
INFO: [ app_init ] --START--
INFO: Run Behavior\BuildLiteBehavior [ RunTime:0.000025s ]
INFO: [ app_init ] --END-- [ RunTime:0.000468s ]

[ 2018-06-09T20:04:06+08:00 ] ::1 /lab12/index.php/Home/Login/register.html
INFO: [ app_init ] --START--
INFO: Run Behavior\BuildLiteBehavior [ RunTime:0.000031s ]
INFO: [ app_init ] --END-- [ RunTime:0.000612s ]

[ 2018-06-09T20:04:06+08:00 ] ::1 /lab12/index.php/Home/public/verify.html
INFO: [ app_init ] --START--
INFO: Run Behavior\BuildLiteBehavior [ RunTime:0.000025s ]
INFO: [ app_init ] --END-- [ RunTime:0.000411s ]

[ 2018-06-09T20:04:14+08:00 ] ::1 /lab12/index.php/Home/Login/reg
INFO: [ app_init ] --START--
INFO: Run Behavior\BuildLiteBehavior [ RunTime:0.000027s ]
INFO: [ app_init ] --END-- [ RunTime:0.000474s ]

[ 2018-06-09T20:04:18+08:00 ] ::1 /lab12/index.php/Home/Login/register.html
INFO: [ app_init ] --START--
INFO: Run Behavior\BuildLiteBehavior [ RunTime:0.000086s ]
INFO: [ app_init ] --END-- [ RunTime:0.001476s ]

[ 2018-06-09T20:04:19+08:00 ] ::1 /lab12/index.php/Home/public/verify.html
INFO: [ app_init ] --START--
INFO: Run Behavior\BuildLiteBehavior [ RunTime:0.000025s ]
INFO: [ app_init ] --END-- [ RunTime:0.000456s ]

[ 2018-06-09T20:05:49+08:00 ] ::1 /lab12/index.php/Home/Login/register.html
INFO: [ app_init ] --START--
INFO: Run Behavior\BuildLiteBehavior [ RunTime:0.000033s ]
INFO: [ app_init ] --END-- [ RunTime:0.000575s ]

[ 2018-06-09T20:05:50+08:00 ] ::1 /lab12/index.php/Home/public/verify.html
INFO: [ app_init ] --START--
INFO: Run Behavior\BuildLiteBehavior [ RunTime:0.000023s ]
INFO: [ app_init ] --END-- [ RunTime:0.000380s ]

[ 2018-06-09T20:05:54+08:00 ] ::1 /lab12/index.php/Home/public/verify.html?0.16558332644878226
INFO: [ app_init ] --START--
INFO: Run Behavior\BuildLiteBehavior [ RunTime:0.000029s ]
INFO: [ app_init ] --END-- [ RunTime:0.000534s ]

[ 2018-06-09T20:05:54+08:00 ] ::1 /lab12/index.php/Home/public/verify.html?0.16558332644878226?0.7509514396026153
INFO: [ app_init ] --START--
INFO: Run Behavior\BuildLiteBehavior [ RunTime:0.000028s ]
INFO: [ app_init ] --END-- [ RunTime:0.000486s ]

[ 2018-06-09T20:05:58+08:00 ] ::1 /lab12/index.php/Home/Login/reg
INFO: [ app_init ] --START--
INFO: Run Behavior\BuildLiteBehavior [ RunTime:0.000030s ]
INFO: [ app_init ] --END-- [ RunTime:0.000537s ]

[ 2018-06-09T20:05:58+08:00 ] ::1 /lab12/index.php/Home/Login/login.html
INFO: [ app_init ] --START--
INFO: Run Behavior\BuildLiteBehavior [ RunTime:0.000027s ]
INFO: [ app_init ] --END-- [ RunTime:0.000416s ]

[ 2018-06-09T20:05:58+08:00 ] ::1 /lab12/index.php/Home/public/verify.html
INFO: [ app_init ] --START--
INFO: Run Behavior\BuildLiteBehavior [ RunTime:0.000033s ]
INFO: [ app_init ] --END-- [ RunTime:0.000433s ]

[ 2018-06-09T20:10:25+08:00 ] ::1 /lab12/index.php/Home/Login/login.html
INFO: [ app_init ] --START--
INFO: Run Behavior\BuildLiteBehavior [ RunTime:0.000031s ]
INFO: [ app_init ] --END-- [ RunTime:0.000572s ]

[ 2018-06-09T20:10:25+08:00 ] ::1 /lab12/index.php/Home/public/verify.html
INFO: [ app_init ] --START--
INFO: Run Behavior\BuildLiteBehavior [ RunTime:0.000024s ]
INFO: [ app_init ] --END-- [ RunTime:0.000386s ]

[ 2018-06-09T20:10:29+08:00 ] ::1 /lab12/index.php/Home/public/verify.html?0.7112368413795134
INFO: [ app_init ] --START--
INFO: Run Behavior\BuildLiteBehavior [ RunTime:0.000028s ]
INFO: [ app_init ] --END-- [ RunTime:0.000526s ]

[ 2018-06-09T20:10:33+08:00 ] ::1 /lab12/index.php/Home/Login/log?username=31640&password=123&code=6206
INFO: [ app_init ] --START--
INFO: Run Behavior\BuildLiteBehavior [ RunTime:0.000032s ]
INFO: [ app_init ] --END-- [ RunTime:0.000756s ]

[ 2018-06-09T20:10:35+08:00 ] ::1 /lab12/index.php/Home/public/verify.html
INFO: [ app_init ] --START--
INFO: Run Behavior\BuildLiteBehavior [ RunTime:0.000027s ]
INFO: [ app_init ] --END-- [ RunTime:0.000477s ]

[ 2018-06-09T20:10:52+08:00 ] ::1 /lab12/index.php/Home/public/verify.html
INFO: [ app_init ] --START--
INFO: Run Behavior\BuildLiteBehavior [ RunTime:0.000032s ]
INFO: [ app_init ] --END-- [ RunTime:0.000555s ]

[ 2018-06-09T20:10:54+08:00 ] ::1 /lab12/index.php/Home/Login/register.html
INFO: [ app_init ] --START--
INFO: Run Behavior\BuildLiteBehavior [ RunTime:0.000031s ]
INFO: [ app_init ] --END-- [ RunTime:0.000542s ]

[ 2018-06-09T20:10:54+08:00 ] ::1 /lab12/index.php/Home/public/verify.html
INFO: [ app_init ] --START--
INFO: Run Behavior\BuildLiteBehavior [ RunTime:0.000024s ]
INFO: [ app_init ] --END-- [ RunTime:0.000387s ]

[ 2018-06-09T20:11:01+08:00 ] ::1 /lab12/index.php/Home/Login/reg
INFO: [ app_init ] --START--
INFO: Run Behavior\BuildLiteBehavior [ RunTime:0.000032s ]
INFO: [ app_init ] --END-- [ RunTime:0.000523s ]

[ 2018-06-09T20:11:03+08:00 ] ::1 /lab12/index.php/Home/public/verify.html
INFO: [ app_init ] --START--
INFO: Run Behavior\BuildLiteBehavior [ RunTime:0.000026s ]
INFO: [ app_init ] --END-- [ RunTime:0.000449s ]

[ 2018-06-09T20:11:10+08:00 ] ::1 /lab12/index.php/Home/Login/reg
INFO: [ app_init ] --START--
INFO: Run Behavior\BuildLiteBehavior [ RunTime:0.000030s ]
INFO: [ app_init ] --END-- [ RunTime:0.000525s ]

[ 2018-06-09T20:11:13+08:00 ] ::1 /lab12/index.php/Home/Login/register.html
INFO: [ app_init ] --START--
INFO: Run Behavior\BuildLiteBehavior [ RunTime:0.000026s ]
INFO: [ app_init ] --END-- [ RunTime:0.000455s ]

[ 2018-06-09T20:11:13+08:00 ] ::1 /lab12/index.php/Home/public/verify.html
INFO: [ app_init ] --START--
INFO: Run Behavior\BuildLiteBehavior [ RunTime:0.000037s ]
INFO: [ app_init ] --END-- [ RunTime:0.000589s ]

[ 2018-06-09T20:12:33+08:00 ] ::1 /lab12/index.php/Home/Login/register.html
INFO: [ app_init ] --START--
INFO: Run Behavior\BuildLiteBehavior [ RunTime:0.000033s ]
INFO: [ app_init ] --END-- [ RunTime:0.000544s ]

[ 2018-06-09T20:12:33+08:00 ] ::1 /lab12/index.php/Home/public/verify.html
INFO: [ app_init ] --START--
INFO: Run Behavior\BuildLiteBehavior [ RunTime:0.000037s ]
INFO: [ app_init ] --END-- [ RunTime:0.000511s ]

[ 2018-06-09T20:12:37+08:00 ] ::1 /lab12/index.php/Home/public/verify.html?0.18689905305892207
INFO: [ app_init ] --START--
INFO: Run Behavior\BuildLiteBehavior [ RunTime:0.000037s ]
INFO: [ app_init ] --END-- [ RunTime:0.000564s ]

[ 2018-06-09T20:12:41+08:00 ] ::1 /lab12/index.php/Home/Login/reg
INFO: [ app_init ] --START--
INFO: Run Behavior\BuildLiteBehavior [ RunTime:0.000029s ]
INFO: [ app_init ] --END-- [ RunTime:0.000489s ]

[ 2018-06-09T20:12:44+08:00 ] ::1 /lab12/index.php/Home/Login/register.html
INFO: [ app_init ] --START--
INFO: Run Behavior\BuildLiteBehavior [ RunTime:0.000055s ]
INFO: [ app_init ] --END-- [ RunTime:0.000939s ]

[ 2018-06-09T20:12:44+08:00 ] ::1 /lab12/index.php/Home/public/verify.html
INFO: [ app_init ] --START--
INFO: Run Behavior\BuildLiteBehavior [ RunTime:0.000026s ]
INFO: [ app_init ] --END-- [ RunTime:0.000447s ]

[ 2018-06-09T20:15:02+08:00 ] ::1 /lab12/index.php/Home/Login/register.html
INFO: [ app_init ] --START--
INFO: Run Behavior\BuildLiteBehavior [ RunTime:0.000033s ]
INFO: [ app_init ] --END-- [ RunTime:0.000580s ]

[ 2018-06-09T20:15:02+08:00 ] ::1 /lab12/index.php/Home/public/verify.html
INFO: [ app_init ] --START--
INFO: Run Behavior\BuildLiteBehavior [ RunTime:0.000028s ]
INFO: [ app_init ] --END-- [ RunTime:0.000412s ]

[ 2018-06-09T20:15:10+08:00 ] ::1 /lab12/index.php/Home/Login/reg
INFO: [ app_init ] --START--
INFO: Run Behavior\BuildLiteBehavior [ RunTime:0.000030s ]
INFO: [ app_init ] --END-- [ RunTime:0.000489s ]

[ 2018-06-09T20:15:11+08:00 ] ::1 /lab12/index.php/Home/public/verify.html
INFO: [ app_init ] --START--
INFO: Run Behavior\BuildLiteBehavior [ RunTime:0.000048s ]
INFO: [ app_init ] --END-- [ RunTime:0.000810s ]

[ 2018-06-09T20:15:26+08:00 ] ::1 /lab12/index.php/Home/Login/register.html
INFO: [ app_init ] --START--
INFO: Run Behavior\BuildLiteBehavior [ RunTime:0.000032s ]
INFO: [ app_init ] --END-- [ RunTime:0.000551s ]

[ 2018-06-09T20:15:26+08:00 ] ::1 /lab12/index.php/Home/public/verify.html
INFO: [ app_init ] --START--
INFO: Run Behavior\BuildLiteBehavior [ RunTime:0.000023s ]
INFO: [ app_init ] --END-- [ RunTime:0.000384s ]

[ 2018-06-09T20:15:33+08:00 ] ::1 /lab12/index.php/Home/Login/reg
INFO: [ app_init ] --START--
INFO: Run Behavior\BuildLiteBehavior [ RunTime:0.000032s ]
INFO: [ app_init ] --END-- [ RunTime:0.000541s ]

[ 2018-06-09T20:15:36+08:00 ] ::1 /lab12/index.php/Home/Login/register.html
INFO: [ app_init ] --START--
INFO: Run Behavior\BuildLiteBehavior [ RunTime:0.000052s ]
INFO: [ app_init ] --END-- [ RunTime:0.000923s ]

[ 2018-06-09T20:15:36+08:00 ] ::1 /lab12/index.php/Home/public/verify.html
INFO: [ app_init ] --START--
INFO: Run Behavior\BuildLiteBehavior [ RunTime:0.000024s ]
INFO: [ app_init ] --END-- [ RunTime:0.000399s ]

[ 2018-06-09T20:16:46+08:00 ] ::1 /lab12/index.php/Home/Login/register.html
INFO: [ app_init ] --START--
INFO: Run Behavior\BuildLiteBehavior [ RunTime:0.000032s ]
INFO: [ app_init ] --END-- [ RunTime:0.000546s ]

[ 2018-06-09T20:16:46+08:00 ] ::1 /lab12/index.php/Home/public/verify.html
INFO: [ app_init ] --START--
INFO: Run Behavior\BuildLiteBehavior [ RunTime:0.000028s ]
INFO: [ app_init ] --END-- [ RunTime:0.000453s ]

[ 2018-06-09T20:16:51+08:00 ] ::1 /lab12/index.php/Home/Login/reg
INFO: [ app_init ] --START--
INFO: Run Behavior\BuildLiteBehavior [ RunTime:0.000030s ]
INFO: [ app_init ] --END-- [ RunTime:0.000521s ]

[ 2018-06-09T20:16:51+08:00 ] ::1 /lab12/index.php/Home/Login/login.html
INFO: [ app_init ] --START--
INFO: Run Behavior\BuildLiteBehavior [ RunTime:0.000023s ]
INFO: [ app_init ] --END-- [ RunTime:0.000394s ]

[ 2018-06-09T20:16:51+08:00 ] ::1 /lab12/index.php/Home/public/verify.html
INFO: [ app_init ] --START--
INFO: Run Behavior\BuildLiteBehavior [ RunTime:0.000023s ]
INFO: [ app_init ] --END-- [ RunTime:0.000373s ]

[ 2018-06-09T20:21:04+08:00 ] ::1 /lab12/index.php/Home/Login/login.html
INFO: [ app_init ] --START--
INFO: Run Behavior\BuildLiteBehavior [ RunTime:0.000033s ]
INFO: [ app_init ] --END-- [ RunTime:0.000522s ]

[ 2018-06-09T20:21:04+08:00 ] ::1 /lab12/index.php/Home/public/verify.html
INFO: [ app_init ] --START--
INFO: Run Behavior\BuildLiteBehavior [ RunTime:0.000027s ]
INFO: [ app_init ] --END-- [ RunTime:0.000553s ]

[ 2018-06-09T20:21:20+08:00 ] ::1 /lab12/index.php/Home/Login/log?username=1540&password=1111&code=2009
INFO: [ app_init ] --START--
INFO: Run Behavior\BuildLiteBehavior [ RunTime:0.000030s ]
INFO: [ app_init ] --END-- [ RunTime:0.000547s ]

[ 2018-06-09T20:21:21+08:00 ] ::1 /lab12/index.php/Home/public/verify.html
INFO: [ app_init ] --START--
INFO: Run Behavior\BuildLiteBehavior [ RunTime:0.000030s ]
INFO: [ app_init ] --END-- [ RunTime:0.000497s ]

[ 2018-06-09T20:21:22+08:00 ] ::1 /lab12/index.php/Home/Login/login.html
INFO: [ app_init ] --START--
INFO: Run Behavior\BuildLiteBehavior [ RunTime:0.000034s ]
INFO: [ app_init ] --END-- [ RunTime:0.000521s ]

[ 2018-06-09T20:21:22+08:00 ] ::1 /lab12/index.php/Home/public/verify.html
INFO: [ app_init ] --START--
INFO: Run Behavior\BuildLiteBehavior [ RunTime:0.000024s ]
INFO: [ app_init ] --END-- [ RunTime:0.000409s ]

[ 2018-06-09T20:21:28+08:00 ] ::1 /lab12/index.php/Home/Login/log?username=1540&password=1111&code=8240
INFO: [ app_init ] --START--
INFO: Run Behavior\BuildLiteBehavior [ RunTime:0.000033s ]
INFO: [ app_init ] --END-- [ RunTime:0.000557s ]

[ 2018-06-09T20:21:35+08:00 ] ::1 /lab12/index.php/Home/public/verify.html
INFO: [ app_init ] --START--
INFO: Run Behavior\BuildLiteBehavior [ RunTime:0.000028s ]
INFO: [ app_init ] --END-- [ RunTime:0.000484s ]

[ 2018-06-09T20:21:38+08:00 ] ::1 /lab12/index.php/Home/public/verify.html
INFO: [ app_init ] --START--
INFO: Run Behavior\BuildLiteBehavior [ RunTime:0.000033s ]
INFO: [ app_init ] --END-- [ RunTime:0.000594s ]

[ 2018-06-09T20:21:42+08:00 ] ::1 /lab12/index.php/Home/Login/reg
INFO: [ app_init ] --START--
INFO: Run Behavior\BuildLiteBehavior [ RunTime:0.000030s ]
INFO: [ app_init ] --END-- [ RunTime:0.000527s ]

[ 2018-06-09T20:21:44+08:00 ] ::1 /lab12/index.php/Home/public/verify.html
INFO: [ app_init ] --START--
INFO: Run Behavior\BuildLiteBehavior [ RunTime:0.000046s ]
INFO: [ app_init ] --END-- [ RunTime:0.000819s ]

[ 2018-06-09T20:21:53+08:00 ] ::1 /lab12/index.php/Home/Login/reg
INFO: [ app_init ] --START--
INFO: Run Behavior\BuildLiteBehavior [ RunTime:0.000032s ]
INFO: [ app_init ] --END-- [ RunTime:0.000551s ]

[ 2018-06-09T20:21:54+08:00 ] ::1 /lab12/index.php/Home/public/verify.html
INFO: [ app_init ] --START--
INFO: Run Behavior\BuildLiteBehavior [ RunTime:0.000032s ]
INFO: [ app_init ] --END-- [ RunTime:0.000654s ]

[ 2018-06-09T20:22:13+08:00 ] ::1 /lab12/index.php/Home/Login/register.html
INFO: [ app_init ] --START--
INFO: Run Behavior\BuildLiteBehavior [ RunTime:0.000032s ]
INFO: [ app_init ] --END-- [ RunTime:0.000552s ]

[ 2018-06-09T20:22:13+08:00 ] ::1 /lab12/index.php/Home/public/verify.html
INFO: [ app_init ] --START--
INFO: Run Behavior\BuildLiteBehavior [ RunTime:0.000023s ]
INFO: [ app_init ] --END-- [ RunTime:0.000395s ]

[ 2018-06-09T20:22:17+08:00 ] ::1 /lab12/index.php/Home/public/verify.html?0.273488870666736
INFO: [ app_init ] --START--
INFO: Run Behavior\BuildLiteBehavior [ RunTime:0.000028s ]
INFO: [ app_init ] --END-- [ RunTime:0.000518s ]

[ 2018-06-09T20:22:18+08:00 ] ::1 /lab12/index.php/Home/public/verify.html?0.273488870666736?0.20337015285045612
INFO: [ app_init ] --START--
INFO: Run Behavior\BuildLiteBehavior [ RunTime:0.000029s ]
INFO: [ app_init ] --END-- [ RunTime:0.000513s ]

[ 2018-06-09T20:22:21+08:00 ] ::1 /lab12/index.php/Home/Login/reg
INFO: [ app_init ] --START--
INFO: Run Behavior\BuildLiteBehavior [ RunTime:0.000032s ]
INFO: [ app_init ] --END-- [ RunTime:0.000598s ]

[ 2018-06-09T20:22:24+08:00 ] ::1 /lab12/index.php/Home/Login/register.html
INFO: [ app_init ] --START--
INFO: Run Behavior\BuildLiteBehavior [ RunTime:0.000038s ]
INFO: [ app_init ] --END-- [ RunTime:0.000651s ]

[ 2018-06-09T20:22:25+08:00 ] ::1 /lab12/index.php/Home/public/verify.html
INFO: [ app_init ] --START--
INFO: Run Behavior\BuildLiteBehavior [ RunTime:0.000037s ]
INFO: [ app_init ] --END-- [ RunTime:0.000653s ]

[ 2018-06-09T20:22:56+08:00 ] ::1 /lab12/index.php/Home/Login/register.html
INFO: [ app_init ] --START--
INFO: Run Behavior\BuildLiteBehavior [ RunTime:0.000032s ]
INFO: [ app_init ] --END-- [ RunTime:0.000530s ]

[ 2018-06-09T20:22:56+08:00 ] ::1 /lab12/index.php/Home/public/verify.html
INFO: [ app_init ] --START--
INFO: Run Behavior\BuildLiteBehavior [ RunTime:0.000025s ]
INFO: [ app_init ] --END-- [ RunTime:0.000430s ]

[ 2018-06-09T20:22:59+08:00 ] ::1 /lab12/index.php/Home/public/verify.html?0.7399013713113114
INFO: [ app_init ] --START--
INFO: Run Behavior\BuildLiteBehavior [ RunTime:0.000027s ]
INFO: [ app_init ] --END-- [ RunTime:0.000472s ]

[ 2018-06-09T20:23:02+08:00 ] ::1 /lab12/index.php/Home/Login/reg
INFO: [ app_init ] --START--
INFO: Run Behavior\BuildLiteBehavior [ RunTime:0.000029s ]
INFO: [ app_init ] --END-- [ RunTime:0.000492s ]

[ 2018-06-09T20:23:06+08:00 ] ::1 /lab12/index.php/Home/Login/register.html
INFO: [ app_init ] --START--
INFO: Run Behavior\BuildLiteBehavior [ RunTime:0.000083s ]
INFO: [ app_init ] --END-- [ RunTime:0.001477s ]

[ 2018-06-09T20:23:06+08:00 ] ::1 /lab12/index.php/Home/public/verify.html
INFO: [ app_init ] --START--
INFO: Run Behavior\BuildLiteBehavior [ RunTime:0.000039s ]
INFO: [ app_init ] --END-- [ RunTime:0.000738s ]

[ 2018-06-09T20:23:31+08:00 ] ::1 /lab12/index.php/Home/Login/reg
INFO: [ app_init ] --START--
INFO: Run Behavior\BuildLiteBehavior [ RunTime:0.000030s ]
INFO: [ app_init ] --END-- [ RunTime:0.000523s ]

[ 2018-06-09T20:23:31+08:00 ] ::1 /lab12/index.php/Home/Login/login.html
INFO: [ app_init ] --START--
INFO: Run Behavior\BuildLiteBehavior [ RunTime:0.000022s ]
INFO: [ app_init ] --END-- [ RunTime:0.000392s ]

[ 2018-06-09T20:23:31+08:00 ] ::1 /lab12/index.php/Home/public/verify.html
INFO: [ app_init ] --START--
INFO: Run Behavior\BuildLiteBehavior [ RunTime:0.000023s ]
INFO: [ app_init ] --END-- [ RunTime:0.000379s ]

[ 2018-06-09T20:23:32+08:00 ] ::1 /lab12/index.php/Home/public/verify.html
INFO: [ app_init ] --START--
INFO: Run Behavior\BuildLiteBehavior [ RunTime:0.000052s ]
INFO: [ app_init ] --END-- [ RunTime:0.000850s ]

[ 2018-06-09T20:29:51+08:00 ] ::1 /lab12/index.php/home/Index/message
INFO: [ app_init ] --START--
INFO: Run Behavior\BuildLiteBehavior [ RunTime:0.000030s ]
INFO: [ app_init ] --END-- [ RunTime:0.000575s ]

[ 2018-06-09T20:29:53+08:00 ] ::1 /lab12/index.php/Home/Login/register.html
INFO: [ app_init ] --START--
INFO: Run Behavior\BuildLiteBehavior [ RunTime:0.000030s ]
INFO: [ app_init ] --END-- [ RunTime:0.000543s ]

[ 2018-06-09T20:29:53+08:00 ] ::1 /lab12/index.php/Home/public/verify.html
INFO: [ app_init ] --START--
INFO: Run Behavior\BuildLiteBehavior [ RunTime:0.000030s ]
INFO: [ app_init ] --END-- [ RunTime:0.000495s ]

[ 2018-06-09T20:29:59+08:00 ] ::1 /lab12/index.php/Home/Login/reg
INFO: [ app_init ] --START--
INFO: Run Behavior\BuildLiteBehavior [ RunTime:0.000030s ]
INFO: [ app_init ] --END-- [ RunTime:0.000525s ]

[ 2018-06-09T20:30:16+08:00 ] ::1 /lab12/index.php/Home/public/verify.html
INFO: [ app_init ] --START--
INFO: Run Behavior\BuildLiteBehavior [ RunTime:0.000030s ]
INFO: [ app_init ] --END-- [ RunTime:0.000508s ]

[ 2018-06-09T20:30:17+08:00 ] ::1 /lab12/index.php/Home/Login/register.html
INFO: [ app_init ] --START--
INFO: Run Behavior\BuildLiteBehavior [ RunTime:0.000027s ]
INFO: [ app_init ] --END-- [ RunTime:0.000565s ]

[ 2018-06-09T20:30:17+08:00 ] ::1 /lab12/index.php/Home/public/verify.html
INFO: [ app_init ] --START--
INFO: Run Behavior\BuildLiteBehavior [ RunTime:0.000040s ]
INFO: [ app_init ] --END-- [ RunTime:0.000597s ]

[ 2018-06-09T20:30:23+08:00 ] ::1 /lab12/index.php/Home/Login/reg
INFO: [ app_init ] --START--
INFO: Run Behavior\BuildLiteBehavior [ RunTime:0.000025s ]
INFO: [ app_init ] --END-- [ RunTime:0.000408s ]

[ 2018-06-09T20:30:26+08:00 ] ::1 /lab12/index.php/Home/Login/register.html
INFO: [ app_init ] --START--
INFO: Run Behavior\BuildLiteBehavior [ RunTime:0.000083s ]
INFO: [ app_init ] --END-- [ RunTime:0.001552s ]

[ 2018-06-09T20:30:26+08:00 ] ::1 /lab12/index.php/Home/public/verify.html
INFO: [ app_init ] --START--
INFO: Run Behavior\BuildLiteBehavior [ RunTime:0.000025s ]
INFO: [ app_init ] --END-- [ RunTime:0.000435s ]

[ 2018-06-09T20:30:35+08:00 ] ::1 /lab12/index.php/Home/Login/register.html
INFO: [ app_init ] --START--
INFO: Run Behavior\BuildLiteBehavior [ RunTime:0.000035s ]
INFO: [ app_init ] --END-- [ RunTime:0.000660s ]

[ 2018-06-09T20:30:35+08:00 ] ::1 /lab12/index.php/Home/public/verify.html
INFO: [ app_init ] --START--
INFO: Run Behavior\BuildLiteBehavior [ RunTime:0.000023s ]
INFO: [ app_init ] --END-- [ RunTime:0.000374s ]

[ 2018-06-09T20:30:41+08:00 ] ::1 /lab12/index.php/Home/Login/reg
INFO: [ app_init ] --START--
INFO: Run Behavior\BuildLiteBehavior [ RunTime:0.000031s ]
INFO: [ app_init ] --END-- [ RunTime:0.000529s ]

[ 2018-06-09T20:30:44+08:00 ] ::1 /lab12/index.php/Home/Login/register.html
INFO: [ app_init ] --START--
INFO: Run Behavior\BuildLiteBehavior [ RunTime:0.000039s ]
INFO: [ app_init ] --END-- [ RunTime:0.000666s ]

[ 2018-06-09T20:30:44+08:00 ] ::1 /lab12/index.php/Home/public/verify.html
INFO: [ app_init ] --START--
INFO: Run Behavior\BuildLiteBehavior [ RunTime:0.000036s ]
INFO: [ app_init ] --END-- [ RunTime:0.000581s ]

[ 2018-06-09T20:30:46+08:00 ] ::1 /lab12/index.php/Home/Login/register.html
INFO: [ app_init ] --START--
INFO: Run Behavior\BuildLiteBehavior [ RunTime:0.000030s ]
INFO: [ app_init ] --END-- [ RunTime:0.000578s ]

[ 2018-06-09T20:30:46+08:00 ] ::1 /lab12/index.php/Home/public/verify.html
INFO: [ app_init ] --START--
INFO: Run Behavior\BuildLiteBehavior [ RunTime:0.000032s ]
INFO: [ app_init ] --END-- [ RunTime:0.000584s ]

[ 2018-06-09T20:30:50+08:00 ] ::1 /lab12/index.php/Home/Login/reg
INFO: [ app_init ] --START--
INFO: Run Behavior\BuildLiteBehavior [ RunTime:0.000029s ]
INFO: [ app_init ] --END-- [ RunTime:0.000515s ]

[ 2018-06-09T20:30:53+08:00 ] ::1 /lab12/index.php/Home/Login/register.html
INFO: [ app_init ] --START--
INFO: Run Behavior\BuildLiteBehavior [ RunTime:0.000046s ]
INFO: [ app_init ] --END-- [ RunTime:0.000858s ]

[ 2018-06-09T20:30:53+08:00 ] ::1 /lab12/index.php/Home/public/verify.html
INFO: [ app_init ] --START--
INFO: Run Behavior\BuildLiteBehavior [ RunTime:0.000023s ]
INFO: [ app_init ] --END-- [ RunTime:0.000398s ]

[ 2018-06-09T20:31:31+08:00 ] ::1 /lab12/index.php/Home/Login/register.html
INFO: [ app_init ] --START--
INFO: Run Behavior\BuildLiteBehavior [ RunTime:0.000033s ]
INFO: [ app_init ] --END-- [ RunTime:0.000520s ]

[ 2018-06-09T20:31:31+08:00 ] ::1 /lab12/index.php/Home/public/verify.html
INFO: [ app_init ] --START--
INFO: Run Behavior\BuildLiteBehavior [ RunTime:0.000047s ]
INFO: [ app_init ] --END-- [ RunTime:0.000755s ]

[ 2018-06-09T20:31:39+08:00 ] ::1 /lab12/index.php/Home/Login/reg
INFO: [ app_init ] --START--
INFO: Run Behavior\BuildLiteBehavior [ RunTime:0.000036s ]
INFO: [ app_init ] --END-- [ RunTime:0.000725s ]

[ 2018-06-09T20:31:40+08:00 ] ::1 /lab12/index.php/Home/public/verify.html
INFO: [ app_init ] --START--
INFO: Run Behavior\BuildLiteBehavior [ RunTime:0.000029s ]
INFO: [ app_init ] --END-- [ RunTime:0.000491s ]

[ 2018-06-09T20:32:29+08:00 ] ::1 /lab12/index.php/Home/Login/register.html
INFO: [ app_init ] --START--
INFO: Run Behavior\BuildLiteBehavior [ RunTime:0.000041s ]
INFO: [ app_init ] --END-- [ RunTime:0.000607s ]

[ 2018-06-09T20:32:29+08:00 ] ::1 /lab12/index.php/Home/public/verify.html
INFO: [ app_init ] --START--
INFO: Run Behavior\BuildLiteBehavior [ RunTime:0.000024s ]
INFO: [ app_init ] --END-- [ RunTime:0.000421s ]

[ 2018-06-09T20:32:33+08:00 ] ::1 /lab12/index.php/Home/Login/reg
INFO: [ app_init ] --START--
INFO: Run Behavior\BuildLiteBehavior [ RunTime:0.000032s ]
INFO: [ app_init ] --END-- [ RunTime:0.000578s ]

[ 2018-06-09T20:32:36+08:00 ] ::1 /lab12/index.php/Home/Login/reg
INFO: [ app_init ] --START--
INFO: Run Behavior\BuildLiteBehavior [ RunTime:0.000031s ]
INFO: [ app_init ] --END-- [ RunTime:0.000542s ]

[ 2018-06-09T20:32:39+08:00 ] ::1 /lab12/index.php/Home/Login/register.html
INFO: [ app_init ] --START--
INFO: Run Behavior\BuildLiteBehavior [ RunTime:0.000032s ]
INFO: [ app_init ] --END-- [ RunTime:0.000562s ]

[ 2018-06-09T20:32:39+08:00 ] ::1 /lab12/index.php/Home/public/verify.html
INFO: [ app_init ] --START--
INFO: Run Behavior\BuildLiteBehavior [ RunTime:0.000026s ]
INFO: [ app_init ] --END-- [ RunTime:0.000437s ]

[ 2018-06-09T20:35:03+08:00 ] ::1 /lab12/index.php/Home/Login/register.html
INFO: [ app_init ] --START--
INFO: Run Behavior\BuildLiteBehavior [ RunTime:0.000031s ]
INFO: [ app_init ] --END-- [ RunTime:0.000516s ]

[ 2018-06-09T20:35:03+08:00 ] ::1 /lab12/index.php/Home/public/verify.html
INFO: [ app_init ] --START--
INFO: Run Behavior\BuildLiteBehavior [ RunTime:0.000024s ]
INFO: [ app_init ] --END-- [ RunTime:0.000413s ]

[ 2018-06-09T20:35:08+08:00 ] ::1 /lab12/index.php/Home/Login/reg
INFO: [ app_init ] --START--
INFO: Run Behavior\BuildLiteBehavior [ RunTime:0.000029s ]
INFO: [ app_init ] --END-- [ RunTime:0.000493s ]

[ 2018-06-09T20:35:11+08:00 ] ::1 /lab12/index.php/Home/Login/register.html
INFO: [ app_init ] --START--
INFO: Run Behavior\BuildLiteBehavior [ RunTime:0.000039s ]
INFO: [ app_init ] --END-- [ RunTime:0.000697s ]

[ 2018-06-09T20:35:11+08:00 ] ::1 /lab12/index.php/Home/public/verify.html
INFO: [ app_init ] --START--
INFO: Run Behavior\BuildLiteBehavior [ RunTime:0.000047s ]
INFO: [ app_init ] --END-- [ RunTime:0.000842s ]

[ 2018-06-09T20:35:11+08:00 ] ::1 /lab12/index.php/Home/Login/reg
INFO: [ app_init ] --START--
INFO: Run Behavior\BuildLiteBehavior [ RunTime:0.000037s ]
INFO: [ app_init ] --END-- [ RunTime:0.000582s ]

[ 2018-06-09T20:35:12+08:00 ] ::1 /lab12/index.php/Home/public/verify.html
INFO: [ app_init ] --START--
INFO: Run Behavior\BuildLiteBehavior [ RunTime:0.000023s ]
INFO: [ app_init ] --END-- [ RunTime:0.000438s ]

[ 2018-06-09T20:35:13+08:00 ] ::1 /lab12/index.php/Home/Login/register.html
INFO: [ app_init ] --START--
INFO: Run Behavior\BuildLiteBehavior [ RunTime:0.000026s ]
INFO: [ app_init ] --END-- [ RunTime:0.000407s ]

[ 2018-06-09T20:35:13+08:00 ] ::1 /lab12/index.php/Home/public/verify.html
INFO: [ app_init ] --START--
INFO: Run Behavior\BuildLiteBehavior [ RunTime:0.000026s ]
INFO: [ app_init ] --END-- [ RunTime:0.000462s ]

[ 2018-06-09T20:35:19+08:00 ] ::1 /lab12/index.php/Home/Login/reg
INFO: [ app_init ] --START--
INFO: Run Behavior\BuildLiteBehavior [ RunTime:0.000036s ]
INFO: [ app_init ] --END-- [ RunTime:0.000499s ]

[ 2018-06-09T20:35:19+08:00 ] ::1 /lab12/index.php/Home/Login/login.html
INFO: [ app_init ] --START--
INFO: Run Behavior\BuildLiteBehavior [ RunTime:0.000026s ]
INFO: [ app_init ] --END-- [ RunTime:0.000407s ]

[ 2018-06-09T20:35:19+08:00 ] ::1 /lab12/index.php/Home/public/verify.html
INFO: [ app_init ] --START--
INFO: Run Behavior\BuildLiteBehavior [ RunTime:0.000027s ]
INFO: [ app_init ] --END-- [ RunTime:0.000431s ]

[ 2018-06-09T20:35:51+08:00 ] ::1 /lab12/index.php/Home/Login/login.html
INFO: [ app_init ] --START--
INFO: Run Behavior\BuildLiteBehavior [ RunTime:0.000036s ]
INFO: [ app_init ] --END-- [ RunTime:0.000685s ]

[ 2018-06-09T20:35:51+08:00 ] ::1 /lab12/index.php/Home/public/verify.html
INFO: [ app_init ] --START--
INFO: Run Behavior\BuildLiteBehavior [ RunTime:0.000022s ]
INFO: [ app_init ] --END-- [ RunTime:0.000393s ]

[ 2018-06-09T20:35:57+08:00 ] ::1 /lab12/index.php/Home/public/verify.html?0.6863431282406123
INFO: [ app_init ] --START--
INFO: Run Behavior\BuildLiteBehavior [ RunTime:0.000030s ]
INFO: [ app_init ] --END-- [ RunTime:0.000508s ]

[ 2018-06-09T20:36:00+08:00 ] ::1 /lab12/index.php/Home/Login/log?username=1540&password=1111&code=4866
INFO: [ app_init ] --START--
INFO: Run Behavior\BuildLiteBehavior [ RunTime:0.000031s ]
INFO: [ app_init ] --END-- [ RunTime:0.000494s ]

[ 2018-06-09T20:36:02+08:00 ] ::1 /lab12/index.php/Home/public/verify.html
INFO: [ app_init ] --START--
INFO: Run Behavior\BuildLiteBehavior [ RunTime:0.000031s ]
INFO: [ app_init ] --END-- [ RunTime:0.000536s ]

[ 2018-06-09T20:36:02+08:00 ] ::1 /lab12/index.php/Home/Login/login.html
INFO: [ app_init ] --START--
INFO: Run Behavior\BuildLiteBehavior [ RunTime:0.000034s ]
INFO: [ app_init ] --END-- [ RunTime:0.000664s ]

[ 2018-06-09T20:36:02+08:00 ] ::1 /lab12/index.php/Home/public/verify.html
INFO: [ app_init ] --START--
INFO: Run Behavior\BuildLiteBehavior [ RunTime:0.000040s ]
INFO: [ app_init ] --END-- [ RunTime:0.000635s ]

[ 2018-06-09T20:36:14+08:00 ] ::1 /lab12/index.php/Home/Login/log?username=51234&password=1111&code=8510
INFO: [ app_init ] --START--
INFO: Run Behavior\BuildLiteBehavior [ RunTime:0.000031s ]
INFO: [ app_init ] --END-- [ RunTime:0.000497s ]

[ 2018-06-09T20:36:15+08:00 ] ::1 /lab12/index.php/Home/public/verify.html
INFO: [ app_init ] --START--
INFO: Run Behavior\BuildLiteBehavior [ RunTime:0.000032s ]
INFO: [ app_init ] --END-- [ RunTime:0.000557s ]

[ 2018-06-09T20:36:16+08:00 ] ::1 /lab12/index.php/Home/public/verify.html
INFO: [ app_init ] --START--
INFO: Run Behavior\BuildLiteBehavior [ RunTime:0.000029s ]
INFO: [ app_init ] --END-- [ RunTime:0.000483s ]

[ 2018-06-09T20:36:19+08:00 ] ::1 /lab12/index.php/Home/Login/register.html
INFO: [ app_init ] --START--
INFO: Run Behavior\BuildLiteBehavior [ RunTime:0.000048s ]
INFO: [ app_init ] --END-- [ RunTime:0.000819s ]

[ 2018-06-09T20:36:19+08:00 ] ::1 /lab12/index.php/Home/public/verify.html
INFO: [ app_init ] --START--
INFO: Run Behavior\BuildLiteBehavior [ RunTime:0.000023s ]
INFO: [ app_init ] --END-- [ RunTime:0.000441s ]

[ 2018-06-09T20:36:25+08:00 ] ::1 /lab12/index.php/Home/public/verify.html?0.8023978825428091
INFO: [ app_init ] --START--
INFO: Run Behavior\BuildLiteBehavior [ RunTime:0.000029s ]
INFO: [ app_init ] --END-- [ RunTime:0.000521s ]

[ 2018-06-09T20:36:29+08:00 ] ::1 /lab12/index.php/Home/Login/reg
INFO: [ app_init ] --START--
INFO: Run Behavior\BuildLiteBehavior [ RunTime:0.000029s ]
INFO: [ app_init ] --END-- [ RunTime:0.000515s ]

[ 2018-06-09T20:36:29+08:00 ] ::1 /lab12/index.php/Home/Login/login.html
INFO: [ app_init ] --START--
INFO: Run Behavior\BuildLiteBehavior [ RunTime:0.000023s ]
INFO: [ app_init ] --END-- [ RunTime:0.000409s ]

[ 2018-06-09T20:36:29+08:00 ] ::1 /lab12/index.php/Home/public/verify.html
INFO: [ app_init ] --START--
INFO: Run Behavior\BuildLiteBehavior [ RunTime:0.000022s ]
INFO: [ app_init ] --END-- [ RunTime:0.000378s ]

