[ 2018-05-29T09:54:50+08:00 ] ::1 /lab11/dynamic.php/home/index/index
INFO: [ app_init ] --START--
INFO: Run Behavior\BuildLiteBehavior [ RunTime:0.000031s ]
INFO: [ app_init ] --END-- [ RunTime:0.000538s ]

[ 2018-05-29T09:55:34+08:00 ] ::1 /lab11/dynamic.php/Home/Index/do_add.html
INFO: [ app_init ] --START--
INFO: Run Behavior\BuildLiteBehavior [ RunTime:0.000048s ]
INFO: [ app_init ] --END-- [ RunTime:0.000623s ]
ERR: SQLSTATE[HY000] [1045] Access denied for user 'root'@'localhost' (using password: NO)

[ 2018-05-29T09:56:26+08:00 ] ::1 /lab11/dynamic.php/home/index/index
INFO: [ app_init ] --START--
INFO: Run Behavior\BuildLiteBehavior [ RunTime:0.000040s ]
INFO: [ app_init ] --END-- [ RunTime:0.000653s ]

[ 2018-05-29T09:56:28+08:00 ] ::1 /lab11/dynamic.php/Home/Index/do_add.html
INFO: [ app_init ] --START--
INFO: Run Behavior\BuildLiteBehavior [ RunTime:0.000024s ]
INFO: [ app_init ] --END-- [ RunTime:0.000412s ]
ERR: SQLSTATE[HY000] [1049] Unknown database 'lxl'

[ 2018-05-29T09:56:50+08:00 ] ::1 /lab11/dynamic.php/Home/Index/do_add.html
INFO: [ app_init ] --START--
INFO: Run Behavior\BuildLiteBehavior [ RunTime:0.000029s ]
INFO: [ app_init ] --END-- [ RunTime:0.000520s ]
ERR: 1146:Table 'mysql.tp_user' doesn't exist
 [ SQL语句 ] : SHOW COLUMNS FROM `tp_user`

[ 2018-05-29T09:56:52+08:00 ] ::1 /lab11/dynamic.php/Home/Index/do_add.html
INFO: [ app_init ] --START--
INFO: Run Behavior\BuildLiteBehavior [ RunTime:0.000031s ]
INFO: [ app_init ] --END-- [ RunTime:0.000548s ]
ERR: 1146:Table 'mysql.tp_user' doesn't exist
 [ SQL语句 ] : SHOW COLUMNS FROM `tp_user`

[ 2018-05-29T09:57:55+08:00 ] ::1 /lab11/dynamic.php/Home/Index/do_add.html
INFO: [ app_init ] --START--
INFO: Run Behavior\BuildLiteBehavior [ RunTime:0.000054s ]
INFO: [ app_init ] --END-- [ RunTime:0.000900s ]

[ 2018-05-29T09:57:58+08:00 ] ::1 /lab11/dynamic.php/Home/Index/do_add.html
INFO: [ app_init ] --START--
INFO: Run Behavior\BuildLiteBehavior [ RunTime:0.000030s ]
INFO: [ app_init ] --END-- [ RunTime:0.000512s ]

[ 2018-05-29T09:57:59+08:00 ] ::1 /lab11/dynamic.php/home/index/index
INFO: [ app_init ] --START--
INFO: Run Behavior\BuildLiteBehavior [ RunTime:0.000036s ]
INFO: [ app_init ] --END-- [ RunTime:0.000637s ]

[ 2018-05-29T09:58:01+08:00 ] ::1 /lab11/dynamic.php/Home/Index/do_add.html
INFO: [ app_init ] --START--
INFO: Run Behavior\BuildLiteBehavior [ RunTime:0.000031s ]
INFO: [ app_init ] --END-- [ RunTime:0.000532s ]

[ 2018-05-29T09:58:05+08:00 ] ::1 /lab11/dynamic.php/Home/Index/do_add.html
INFO: [ app_init ] --START--
INFO: Run Behavior\BuildLiteBehavior [ RunTime:0.000032s ]
INFO: [ app_init ] --END-- [ RunTime:0.000537s ]

[ 2018-05-29T09:58:09+08:00 ] ::1 /lab11/dynamic.php/Home/Index/do_add.html
INFO: [ app_init ] --START--
INFO: Run Behavior\BuildLiteBehavior [ RunTime:0.000030s ]
INFO: [ app_init ] --END-- [ RunTime:0.000513s ]

[ 2018-05-29T09:58:10+08:00 ] ::1 /lab11/dynamic.php/home/index/index
INFO: [ app_init ] --START--
INFO: Run Behavior\BuildLiteBehavior [ RunTime:0.000044s ]
INFO: [ app_init ] --END-- [ RunTime:0.000658s ]

[ 2018-05-29T10:00:37+08:00 ] ::1 /lab11/dynamic.php/Home/Index/do_add.html
INFO: [ app_init ] --START--
INFO: Run Behavior\BuildLiteBehavior [ RunTime:0.000030s ]
INFO: [ app_init ] --END-- [ RunTime:0.000516s ]

[ 2018-05-29T10:00:40+08:00 ] ::1 /lab11/dynamic.php/Home/Index/do_add.html
INFO: [ app_init ] --START--
INFO: Run Behavior\BuildLiteBehavior [ RunTime:0.000030s ]
INFO: [ app_init ] --END-- [ RunTime:0.000536s ]

[ 2018-05-29T10:00:42+08:00 ] ::1 /lab11/dynamic.php/Home/Index/do_add.html
INFO: [ app_init ] --START--
INFO: Run Behavior\BuildLiteBehavior [ RunTime:0.000028s ]
INFO: [ app_init ] --END-- [ RunTime:0.000504s ]

[ 2018-05-29T10:00:43+08:00 ] ::1 /lab11/dynamic.php/home/index/index
INFO: [ app_init ] --START--
INFO: Run Behavior\BuildLiteBehavior [ RunTime:0.000037s ]
INFO: [ app_init ] --END-- [ RunTime:0.000684s ]

[ 2018-05-29T10:04:44+08:00 ] ::1 /lab11/dynamic.php/home/index/index
INFO: [ app_init ] --START--
INFO: Run Behavior\BuildLiteBehavior [ RunTime:0.000033s ]
INFO: [ app_init ] --END-- [ RunTime:0.000451s ]

[ 2018-05-29T10:04:45+08:00 ] ::1 /lab11/dynamic.php/Home/Index/do_add.html
INFO: [ app_init ] --START--
INFO: Run Behavior\BuildLiteBehavior [ RunTime:0.000029s ]
INFO: [ app_init ] --END-- [ RunTime:0.000519s ]

