[ 2018-05-31T16:58:51+08:00 ] ::1 /lab11/autocreate.php/home/index/index
INFO: [ app_init ] --START--
INFO: Run Behavior\BuildLiteBehavior [ RunTime:0.000036s ]
INFO: [ app_init ] --END-- [ RunTime:0.032292s ]
INFO: [ app_begin ] --START--
INFO: Run Behavior\ReadHtmlCacheBehavior [ RunTime:0.024535s ]
INFO: [ app_begin ] --END-- [ RunTime:0.024691s ]
INFO: [ view_parse ] --START--
INFO: [ template_filter ] --START--
INFO: Run Behavior\ContentReplaceBehavior [ RunTime:0.004449s ]
INFO: [ template_filter ] --END-- [ RunTime:0.004597s ]
INFO: Run Behavior\ParseTemplateBehavior [ RunTime:0.115668s ]
INFO: [ view_parse ] --END-- [ RunTime:0.115810s ]
INFO: [ view_filter ] --START--
INFO: Run Behavior\WriteHtmlCacheBehavior [ RunTime:0.017404s ]
INFO: [ view_filter ] --END-- [ RunTime:0.017563s ]
INFO: [ app_end ] --START--
INFO: Run Behavior\ShowPageTraceBehavior [ RunTime:0.007638s ]
INFO: [ app_end ] --END-- [ RunTime:0.007794s ]

[ 2018-05-31T16:58:51+08:00 ] ::1 /lab11/autocreate.php/Home/Index/verify.html
INFO: [ app_init ] --START--
INFO: Run Behavior\BuildLiteBehavior [ RunTime:0.000022s ]
INFO: [ app_init ] --END-- [ RunTime:0.000377s ]
INFO: [ app_begin ] --START--
INFO: Run Behavior\ReadHtmlCacheBehavior [ RunTime:0.000347s ]
INFO: [ app_begin ] --END-- [ RunTime:0.000447s ]
INFO: [ app_end ] --START--
INFO: Run Behavior\ShowPageTraceBehavior [ RunTime:0.000599s ]
INFO: [ app_end ] --END-- [ RunTime:0.000756s ]

[ 2018-05-31T17:05:44+08:00 ] ::1 /lab11/autocreate.php/home/index/index
INFO: [ app_init ] --START--
INFO: Run Behavior\BuildLiteBehavior [ RunTime:0.000024s ]
INFO: [ app_init ] --END-- [ RunTime:0.000417s ]
INFO: [ app_begin ] --START--
INFO: Run Behavior\ReadHtmlCacheBehavior [ RunTime:0.000484s ]
INFO: [ app_begin ] --END-- [ RunTime:0.000589s ]
INFO: [ view_parse ] --START--
INFO: [ template_filter ] --START--
INFO: Run Behavior\ContentReplaceBehavior [ RunTime:0.000065s ]
INFO: [ template_filter ] --END-- [ RunTime:0.000196s ]
INFO: Run Behavior\ParseTemplateBehavior [ RunTime:0.005775s ]
INFO: [ view_parse ] --END-- [ RunTime:0.005908s ]
INFO: [ view_filter ] --START--
INFO: Run Behavior\WriteHtmlCacheBehavior [ RunTime:0.000370s ]
INFO: [ view_filter ] --END-- [ RunTime:0.000493s ]
INFO: [ app_end ] --START--
INFO: Run Behavior\ShowPageTraceBehavior [ RunTime:0.000527s ]
INFO: [ app_end ] --END-- [ RunTime:0.000640s ]

[ 2018-05-31T17:05:44+08:00 ] ::1 /lab11/autocreate.php/Home/Index/verify.html
INFO: [ app_init ] --START--
INFO: Run Behavior\BuildLiteBehavior [ RunTime:0.000046s ]
INFO: [ app_init ] --END-- [ RunTime:0.000808s ]
INFO: [ app_begin ] --START--
INFO: Run Behavior\ReadHtmlCacheBehavior [ RunTime:0.000774s ]
INFO: [ app_begin ] --END-- [ RunTime:0.001048s ]
INFO: [ app_end ] --START--
INFO: Run Behavior\ShowPageTraceBehavior [ RunTime:0.001558s ]
INFO: [ app_end ] --END-- [ RunTime:0.002003s ]

[ 2018-05-31T17:05:46+08:00 ] ::1 /lab11/autocreate.php/Home/Index/do_add.html
INFO: [ app_init ] --START--
INFO: Run Behavior\BuildLiteBehavior [ RunTime:0.000029s ]
INFO: [ app_init ] --END-- [ RunTime:0.000465s ]
INFO: [ app_begin ] --START--
INFO: Run Behavior\ReadHtmlCacheBehavior [ RunTime:0.000456s ]
INFO: [ app_begin ] --END-- [ RunTime:0.000592s ]
INFO: [ view_parse ] --START--
INFO: [ template_filter ] --START--
INFO: Run Behavior\ContentReplaceBehavior [ RunTime:0.011292s ]
INFO: [ template_filter ] --END-- [ RunTime:0.011448s ]
INFO: Run Behavior\ParseTemplateBehavior [ RunTime:0.086516s ]
INFO: [ view_parse ] --END-- [ RunTime:0.086648s ]
INFO: [ view_filter ] --START--
INFO: Run Behavior\WriteHtmlCacheBehavior [ RunTime:0.000307s ]
INFO: [ view_filter ] --END-- [ RunTime:0.000395s ]

[ 2018-05-31T17:05:48+08:00 ] ::1 /lab11/autocreate.php/Home/Index/verify.html
INFO: [ app_init ] --START--
INFO: Run Behavior\BuildLiteBehavior [ RunTime:0.000044s ]
INFO: [ app_init ] --END-- [ RunTime:0.000469s ]
INFO: [ app_begin ] --START--
INFO: Run Behavior\ReadHtmlCacheBehavior [ RunTime:0.000359s ]
INFO: [ app_begin ] --END-- [ RunTime:0.000462s ]
INFO: [ app_end ] --START--
INFO: Run Behavior\ShowPageTraceBehavior [ RunTime:0.000397s ]
INFO: [ app_end ] --END-- [ RunTime:0.000513s ]

[ 2018-05-31T17:05:50+08:00 ] ::1 /lab11/autocreate.php/Home/Index/verify.html?0.04672999395406041
INFO: [ app_init ] --START--
INFO: Run Behavior\BuildLiteBehavior [ RunTime:0.000027s ]
INFO: [ app_init ] --END-- [ RunTime:0.000520s ]
INFO: [ app_begin ] --START--
INFO: Run Behavior\ReadHtmlCacheBehavior [ RunTime:0.000447s ]
INFO: [ app_begin ] --END-- [ RunTime:0.000579s ]
INFO: [ app_end ] --START--
INFO: Run Behavior\ShowPageTraceBehavior [ RunTime:0.000461s ]
INFO: [ app_end ] --END-- [ RunTime:0.000598s ]

[ 2018-05-31T17:05:51+08:00 ] ::1 /lab11/autocreate.php/Home/Index/verify.html?0.04672999395406041?0.3479584920367709
INFO: [ app_init ] --START--
INFO: Run Behavior\BuildLiteBehavior [ RunTime:0.000026s ]
INFO: [ app_init ] --END-- [ RunTime:0.000427s ]
INFO: [ app_begin ] --START--
INFO: Run Behavior\ReadHtmlCacheBehavior [ RunTime:0.000450s ]
INFO: [ app_begin ] --END-- [ RunTime:0.000585s ]
INFO: [ app_end ] --START--
INFO: Run Behavior\ShowPageTraceBehavior [ RunTime:0.000470s ]
INFO: [ app_end ] --END-- [ RunTime:0.000613s ]

[ 2018-05-31T17:05:56+08:00 ] ::1 /lab11/autocreate.php/Home/Index/do_add.html
INFO: [ app_init ] --START--
INFO: Run Behavior\BuildLiteBehavior [ RunTime:0.000028s ]
INFO: [ app_init ] --END-- [ RunTime:0.000437s ]
INFO: [ app_begin ] --START--
INFO: Run Behavior\ReadHtmlCacheBehavior [ RunTime:0.000444s ]
INFO: [ app_begin ] --END-- [ RunTime:0.000578s ]
NOTIC: [8] Undefined index: db_name E:\wamp\www\lab11\ThinkPHP\Library\Think\Db.class.php 第 68 行.
ERR: SQLSTATE[HY000] [1045] Access denied for user 'root'@'localhost' (using password: NO)

[ 2018-05-31T17:06:31+08:00 ] ::1 /lab11/autocreate.php/Home/Index/data
ERR: 非法操作:data

[ 2018-05-31T17:06:43+08:00 ] ::1 /lab11/autocreate.php/Home/Index/do_add.html
ERR: SQLSTATE[HY000] [1045] Access denied for user 'root'@'localhost' (using password: NO)

[ 2018-05-31T17:07:27+08:00 ] ::1 /lab11/autocreate.php/Home/Index/do_add.html
ERR: SQLSTATE[HY000] [1045] Access denied for user 'root'@'localhost' (using password: NO)

[ 2018-05-31T17:07:41+08:00 ] ::1 /lab11/autocreate.php/Home/Index/do_add.html
ERR: SQLSTATE[HY000] [1045] Access denied for user 'root'@'localhost' (using password: NO)

[ 2018-05-31T17:08:04+08:00 ] ::1 /lab11/autocreate.php/Home/Index/data
ERR: 非法操作:data

[ 2018-05-31T17:08:11+08:00 ] ::1 /lab11/autocreate.php/Home/Index/do_add.html
ERR: SQLSTATE[HY000] [1045] Access denied for user 'root'@'localhost' (using password: NO)

[ 2018-05-31T17:11:25+08:00 ] ::1 /lab11/autocreate.php/Home/Index/do_add.html
ERR: SQLSTATE[HY000] [1045] Access denied for user 'root'@'localhost' (using password: NO)

[ 2018-05-31T17:12:52+08:00 ] ::1 /lab11/autocreate.php/Home/Index/do_add.html
ERR: 1146:Table 'thinkphp.tp_message' doesn't exist
 [ SQL语句 ] : SHOW COLUMNS FROM `thinkphp`.`tp_message`

[ 2018-05-31T17:37:08+08:00 ] ::1 /lab11/autocreate.php/Home/Index/data
ERR: 非法操作:data

[ 2018-05-31T17:49:51+08:00 ] ::1 /lab11/autocreate.php/Home/Index/data
ERR: 非法操作:data

[ 2018-05-31T18:09:10+08:00 ] ::1 /lab11/autocreate.php/Home/Index/data
ERR: 非法操作:data

