[ 2018-05-24T17:05:12+08:00 ] ::1 /lab08/index.php/Home/Index/homework
INFO: [ app_init ] --START--
INFO: Run Behavior\BuildLiteBehavior [ RunTime:0.000091s ]
INFO: [ app_init ] --END-- [ RunTime:0.057144s ]

[ 2018-05-24T17:06:20+08:00 ] ::1 /lab08/index.php/Home/Index/homework
INFO: [ app_init ] --START--
INFO: Run Behavior\BuildLiteBehavior [ RunTime:0.000037s ]
INFO: [ app_init ] --END-- [ RunTime:0.000603s ]

[ 2018-05-24T17:06:56+08:00 ] ::1 /lab08/index.php/Home/Index/homework
INFO: [ app_init ] --START--
INFO: Run Behavior\BuildLiteBehavior [ RunTime:0.000025s ]
INFO: [ app_init ] --END-- [ RunTime:0.000375s ]

[ 2018-05-24T17:06:57+08:00 ] ::1 /lab08/index.php/Home/Index/homework
INFO: [ app_init ] --START--
INFO: Run Behavior\BuildLiteBehavior [ RunTime:0.000031s ]
INFO: [ app_init ] --END-- [ RunTime:0.000457s ]

[ 2018-05-24T17:07:46+08:00 ] ::1 /lab08/index.php/Home/Index/homework
INFO: [ app_init ] --START--
INFO: Run Behavior\BuildLiteBehavior [ RunTime:0.000030s ]
INFO: [ app_init ] --END-- [ RunTime:0.000477s ]

[ 2018-05-24T17:07:47+08:00 ] ::1 /lab08/index.php/Home/Index/homework
INFO: [ app_init ] --START--
INFO: Run Behavior\BuildLiteBehavior [ RunTime:0.000025s ]
INFO: [ app_init ] --END-- [ RunTime:0.000365s ]

[ 2018-05-24T17:08:21+08:00 ] ::1 /lab08/index.php/Home/Index/homework
INFO: [ app_init ] --START--
INFO: Run Behavior\BuildLiteBehavior [ RunTime:0.000029s ]
INFO: [ app_init ] --END-- [ RunTime:0.000484s ]

[ 2018-05-24T17:09:31+08:00 ] ::1 /lab08/index.php/Home/Index/order
INFO: [ app_init ] --START--
INFO: Run Behavior\BuildLiteBehavior [ RunTime:0.000023s ]
INFO: [ app_init ] --END-- [ RunTime:0.000378s ]
INFO: [ app_begin ] --START--
INFO: Run Behavior\ReadHtmlCacheBehavior [ RunTime:0.000370s ]
INFO: [ app_begin ] --END-- [ RunTime:0.000468s ]
SQL: SHOW COLUMNS FROM `tp_message` [ RunTime:0.0007s ]
SQL: SELECT * FROM `tp_message` WHERE `id` LIKE '%%' ORDER BY content  [ RunTime:0.0003s ]

[ 2018-05-24T17:10:40+08:00 ] ::1 /lab08/index.php/Home/Index/homework
INFO: [ app_init ] --START--
INFO: Run Behavior\BuildLiteBehavior [ RunTime:0.000030s ]
INFO: [ app_init ] --END-- [ RunTime:0.000509s ]

[ 2018-05-24T17:10:42+08:00 ] ::1 /lab08/index.php/Home/Index/homework
INFO: [ app_init ] --START--
INFO: Run Behavior\BuildLiteBehavior [ RunTime:0.000024s ]
INFO: [ app_init ] --END-- [ RunTime:0.000357s ]

[ 2018-05-24T17:11:14+08:00 ] ::1 /lab08/index.php/Home/Index/homework
INFO: [ app_init ] --START--
INFO: Run Behavior\BuildLiteBehavior [ RunTime:0.000030s ]
INFO: [ app_init ] --END-- [ RunTime:0.000477s ]

[ 2018-05-24T17:11:15+08:00 ] ::1 /lab08/index.php/Home/Index/homework
INFO: [ app_init ] --START--
INFO: Run Behavior\BuildLiteBehavior [ RunTime:0.000031s ]
INFO: [ app_init ] --END-- [ RunTime:0.000447s ]

[ 2018-05-24T17:11:35+08:00 ] ::1 /lab08/index.php/Home/Index/homework
INFO: [ app_init ] --START--
INFO: Run Behavior\BuildLiteBehavior [ RunTime:0.000030s ]
INFO: [ app_init ] --END-- [ RunTime:0.000451s ]

[ 2018-05-24T17:11:36+08:00 ] ::1 /lab08/index.php/Home/Index/homework
INFO: [ app_init ] --START--
INFO: Run Behavior\BuildLiteBehavior [ RunTime:0.000025s ]
INFO: [ app_init ] --END-- [ RunTime:0.000436s ]

[ 2018-05-24T17:11:49+08:00 ] ::1 /lab08/index.php/Home/Index/homework
INFO: [ app_init ] --START--
INFO: Run Behavior\BuildLiteBehavior [ RunTime:0.000023s ]
INFO: [ app_init ] --END-- [ RunTime:0.000371s ]

[ 2018-05-24T17:11:52+08:00 ] ::1 /lab08/index.php/Home/Index/homework/p/2.html
INFO: [ app_init ] --START--
INFO: Run Behavior\BuildLiteBehavior [ RunTime:0.000029s ]
INFO: [ app_init ] --END-- [ RunTime:0.000448s ]

[ 2018-05-24T17:11:53+08:00 ] ::1 /lab08/index.php/Home/Index/homework/p/3.html
INFO: [ app_init ] --START--
INFO: Run Behavior\BuildLiteBehavior [ RunTime:0.000028s ]
INFO: [ app_init ] --END-- [ RunTime:0.000439s ]

[ 2018-05-24T17:13:48+08:00 ] ::1 /lab08/index.php/Home/Index/homework/p/3.html
INFO: [ app_init ] --START--
INFO: Run Behavior\BuildLiteBehavior [ RunTime:0.000030s ]
INFO: [ app_init ] --END-- [ RunTime:0.000531s ]

[ 2018-05-24T17:13:56+08:00 ] ::1 /lab08/index.php/Home/Index/homework/p/3.html
INFO: [ app_init ] --START--
INFO: Run Behavior\BuildLiteBehavior [ RunTime:0.000030s ]
INFO: [ app_init ] --END-- [ RunTime:0.000454s ]

[ 2018-05-24T17:14:54+08:00 ] ::1 /lab08/index.php/Home/Index/homework/p/3.html
INFO: [ app_init ] --START--
INFO: Run Behavior\BuildLiteBehavior [ RunTime:0.000023s ]
INFO: [ app_init ] --END-- [ RunTime:0.000394s ]

[ 2018-05-24T17:15:03+08:00 ] ::1 /lab08/index.php/Home/Index/homework/p/3.html
INFO: [ app_init ] --START--
INFO: Run Behavior\BuildLiteBehavior [ RunTime:0.000032s ]
INFO: [ app_init ] --END-- [ RunTime:0.000549s ]

[ 2018-05-24T17:15:05+08:00 ] ::1 /lab08/index.php/Home/Index/order
INFO: [ app_init ] --START--
INFO: Run Behavior\BuildLiteBehavior [ RunTime:0.000028s ]
INFO: [ app_init ] --END-- [ RunTime:0.000446s ]
INFO: [ app_begin ] --START--
INFO: Run Behavior\ReadHtmlCacheBehavior [ RunTime:0.000445s ]
INFO: [ app_begin ] --END-- [ RunTime:0.000561s ]
SQL: SHOW COLUMNS FROM `tp_message` [ RunTime:0.0006s ]
ERR: 1054:Unknown column 'author' in 'order clause'
 [ SQL语句 ] : SELECT * FROM `tp_message` WHERE `id` LIKE '%%' ORDER BY author 
ERR: 1054:Unknown column 'author' in 'order clause'
 [ SQL语句 ] : SELECT * FROM `tp_message` WHERE `id` LIKE '%%' ORDER BY author 

[ 2018-05-24T17:15:18+08:00 ] ::1 /lab08/index.php/Home/Index/homework/p/3.html
INFO: [ app_init ] --START--
INFO: Run Behavior\BuildLiteBehavior [ RunTime:0.000032s ]
INFO: [ app_init ] --END-- [ RunTime:0.000490s ]

[ 2018-05-24T17:15:20+08:00 ] ::1 /lab08/index.php/Home/Index/order
INFO: [ app_init ] --START--
INFO: Run Behavior\BuildLiteBehavior [ RunTime:0.000027s ]
INFO: [ app_init ] --END-- [ RunTime:0.000450s ]
INFO: [ app_begin ] --START--
INFO: Run Behavior\ReadHtmlCacheBehavior [ RunTime:0.000437s ]
INFO: [ app_begin ] --END-- [ RunTime:0.000551s ]
SQL: SHOW COLUMNS FROM `tp_message` [ RunTime:0.0005s ]
ERR: 1054:Unknown column 'author' in 'order clause'
 [ SQL语句 ] : SELECT * FROM `tp_message` WHERE `id` LIKE '%%' ORDER BY author 
ERR: 1054:Unknown column 'author' in 'order clause'
 [ SQL语句 ] : SELECT * FROM `tp_message` WHERE `id` LIKE '%%' ORDER BY author 

[ 2018-05-24T17:15:21+08:00 ] ::1 /lab08/index.php/Home/Index/homework/p/1.html
INFO: [ app_init ] --START--
INFO: Run Behavior\BuildLiteBehavior [ RunTime:0.000027s ]
INFO: [ app_init ] --END-- [ RunTime:0.000455s ]

[ 2018-05-24T17:15:24+08:00 ] ::1 /lab08/index.php/Home/Index/order
INFO: [ app_init ] --START--
INFO: Run Behavior\BuildLiteBehavior [ RunTime:0.000027s ]
INFO: [ app_init ] --END-- [ RunTime:0.000438s ]
INFO: [ app_begin ] --START--
INFO: Run Behavior\ReadHtmlCacheBehavior [ RunTime:0.000435s ]
INFO: [ app_begin ] --END-- [ RunTime:0.000550s ]
SQL: SHOW COLUMNS FROM `tp_message` [ RunTime:0.0005s ]
SQL: SELECT * FROM `tp_message` WHERE `id` LIKE '%%' ORDER BY time  [ RunTime:0.0004s ]

[ 2018-05-24T17:15:34+08:00 ] ::1 /lab08/index.php/Home/Index/order
INFO: [ app_init ] --START--
INFO: Run Behavior\BuildLiteBehavior [ RunTime:0.000027s ]
INFO: [ app_init ] --END-- [ RunTime:0.000442s ]
INFO: [ app_begin ] --START--
INFO: Run Behavior\ReadHtmlCacheBehavior [ RunTime:0.000435s ]
INFO: [ app_begin ] --END-- [ RunTime:0.000549s ]
SQL: SHOW COLUMNS FROM `tp_message` [ RunTime:0.0006s ]
SQL: SELECT * FROM `tp_message` WHERE `id` LIKE '%%' ORDER BY time  [ RunTime:0.0004s ]

[ 2018-05-24T17:15:36+08:00 ] ::1 /lab08/index.php/Home/Index/order
INFO: [ app_init ] --START--
INFO: Run Behavior\BuildLiteBehavior [ RunTime:0.000027s ]
INFO: [ app_init ] --END-- [ RunTime:0.000439s ]
INFO: [ app_begin ] --START--
INFO: Run Behavior\ReadHtmlCacheBehavior [ RunTime:0.000435s ]
INFO: [ app_begin ] --END-- [ RunTime:0.000549s ]
SQL: SHOW COLUMNS FROM `tp_message` [ RunTime:0.0005s ]
SQL: SELECT * FROM `tp_message` WHERE `id` LIKE '%%' ORDER BY content  [ RunTime:0.0004s ]

[ 2018-05-24T17:15:38+08:00 ] ::1 /lab08/index.php/Home/Index/order
INFO: [ app_init ] --START--
INFO: Run Behavior\BuildLiteBehavior [ RunTime:0.000027s ]
INFO: [ app_init ] --END-- [ RunTime:0.000430s ]
INFO: [ app_begin ] --START--
INFO: Run Behavior\ReadHtmlCacheBehavior [ RunTime:0.000435s ]
INFO: [ app_begin ] --END-- [ RunTime:0.000548s ]
SQL: SHOW COLUMNS FROM `tp_message` [ RunTime:0.0006s ]
SQL: SELECT * FROM `tp_message` WHERE `id` LIKE '%%' ORDER BY title  [ RunTime:0.0004s ]

[ 2018-05-24T17:15:41+08:00 ] ::1 /lab08/index.php/Home/Index/homework/p/1.html
INFO: [ app_init ] --START--
INFO: Run Behavior\BuildLiteBehavior [ RunTime:0.000029s ]
INFO: [ app_init ] --END-- [ RunTime:0.000443s ]

[ 2018-05-24T17:15:42+08:00 ] ::1 /lab08/index.php/Home/Index/homework/p/5.html
INFO: [ app_init ] --START--
INFO: Run Behavior\BuildLiteBehavior [ RunTime:0.000029s ]
INFO: [ app_init ] --END-- [ RunTime:0.000451s ]

[ 2018-05-24T17:15:44+08:00 ] ::1 /lab08/index.php/Home/Index/order
INFO: [ app_init ] --START--
INFO: Run Behavior\BuildLiteBehavior [ RunTime:0.000028s ]
INFO: [ app_init ] --END-- [ RunTime:0.000437s ]
INFO: [ app_begin ] --START--
INFO: Run Behavior\ReadHtmlCacheBehavior [ RunTime:0.000337s ]
INFO: [ app_begin ] --END-- [ RunTime:0.000432s ]
SQL: SHOW COLUMNS FROM `tp_message` [ RunTime:0.0006s ]
ERR: 1054:Unknown column 'author' in 'order clause'
 [ SQL语句 ] : SELECT * FROM `tp_message` WHERE `id` LIKE '%%' ORDER BY author 
ERR: 1054:Unknown column 'author' in 'order clause'
 [ SQL语句 ] : SELECT * FROM `tp_message` WHERE `id` LIKE '%%' ORDER BY author 

[ 2018-05-24T17:16:04+08:00 ] ::1 /lab08/index.php/Home/Index/homework/p/5.html
INFO: [ app_init ] --START--
INFO: Run Behavior\BuildLiteBehavior [ RunTime:0.000029s ]
INFO: [ app_init ] --END-- [ RunTime:0.000495s ]

[ 2018-05-24T17:16:06+08:00 ] ::1 /lab08/index.php/Home/Index/homework/p/1.html
INFO: [ app_init ] --START--
INFO: Run Behavior\BuildLiteBehavior [ RunTime:0.000028s ]
INFO: [ app_init ] --END-- [ RunTime:0.000438s ]

[ 2018-05-24T17:16:07+08:00 ] ::1 /lab08/index.php/Home/Index/homework/p/1.html
INFO: [ app_init ] --START--
INFO: Run Behavior\BuildLiteBehavior [ RunTime:0.000031s ]
INFO: [ app_init ] --END-- [ RunTime:0.000534s ]

[ 2018-05-24T17:16:14+08:00 ] ::1 /lab08/index.php/Home/Index/homework/p/1.html
INFO: [ app_init ] --START--
INFO: Run Behavior\BuildLiteBehavior [ RunTime:0.000030s ]
INFO: [ app_init ] --END-- [ RunTime:0.000504s ]

[ 2018-05-24T17:16:24+08:00 ] ::1 /lab08/index.php/Home/Index/homework/p/1.html
INFO: [ app_init ] --START--
INFO: Run Behavior\BuildLiteBehavior [ RunTime:0.000031s ]
INFO: [ app_init ] --END-- [ RunTime:0.000465s ]

[ 2018-05-24T17:16:26+08:00 ] ::1 /lab08/index.php/Home/Index/order
INFO: [ app_init ] --START--
INFO: Run Behavior\BuildLiteBehavior [ RunTime:0.000026s ]
INFO: [ app_init ] --END-- [ RunTime:0.000431s ]
INFO: [ app_begin ] --START--
INFO: Run Behavior\ReadHtmlCacheBehavior [ RunTime:0.000441s ]
INFO: [ app_begin ] --END-- [ RunTime:0.000556s ]
SQL: SHOW COLUMNS FROM `tp_message` [ RunTime:0.0006s ]
ERR: 1054:Unknown column 'author' in 'order clause'
 [ SQL语句 ] : SELECT * FROM `tp_message` WHERE `id` LIKE '%%' ORDER BY author 
ERR: 1054:Unknown column 'author' in 'order clause'
 [ SQL语句 ] : SELECT * FROM `tp_message` WHERE `id` LIKE '%%' ORDER BY author 

[ 2018-05-24T17:16:28+08:00 ] ::1 /lab08/index.php/Home/Index/order
INFO: [ app_init ] --START--
INFO: Run Behavior\BuildLiteBehavior [ RunTime:0.000028s ]
INFO: [ app_init ] --END-- [ RunTime:0.000435s ]
INFO: [ app_begin ] --START--
INFO: Run Behavior\ReadHtmlCacheBehavior [ RunTime:0.000438s ]
INFO: [ app_begin ] --END-- [ RunTime:0.000553s ]
SQL: SHOW COLUMNS FROM `tp_message` [ RunTime:0.0006s ]
SQL: SELECT * FROM `tp_message` WHERE `id` LIKE '%%' ORDER BY time  [ RunTime:0.0004s ]

[ 2018-05-24T17:16:30+08:00 ] ::1 /lab08/index.php/Home/Index/order
INFO: [ app_init ] --START--
INFO: Run Behavior\BuildLiteBehavior [ RunTime:0.000028s ]
INFO: [ app_init ] --END-- [ RunTime:0.000436s ]
INFO: [ app_begin ] --START--
INFO: Run Behavior\ReadHtmlCacheBehavior [ RunTime:0.000438s ]
INFO: [ app_begin ] --END-- [ RunTime:0.000553s ]
SQL: SHOW COLUMNS FROM `tp_message` [ RunTime:0.0006s ]
SQL: SELECT * FROM `tp_message` WHERE `id` LIKE '%%' ORDER BY content  [ RunTime:0.0004s ]

[ 2018-05-24T17:16:33+08:00 ] ::1 /lab08/index.php/Home/Index/order
INFO: [ app_init ] --START--
INFO: Run Behavior\BuildLiteBehavior [ RunTime:0.000028s ]
INFO: [ app_init ] --END-- [ RunTime:0.000435s ]
INFO: [ app_begin ] --START--
INFO: Run Behavior\ReadHtmlCacheBehavior [ RunTime:0.000445s ]
INFO: [ app_begin ] --END-- [ RunTime:0.000560s ]
SQL: SHOW COLUMNS FROM `tp_message` [ RunTime:0.0006s ]
SQL: SELECT * FROM `tp_message` WHERE `id` LIKE '%%' ORDER BY title  [ RunTime:0.0004s ]

[ 2018-05-24T17:22:57+08:00 ] ::1 /lab08/index.php/Home/Index/homework/p/1.html
INFO: [ app_init ] --START--
INFO: Run Behavior\BuildLiteBehavior [ RunTime:0.000031s ]
INFO: [ app_init ] --END-- [ RunTime:0.000544s ]

[ 2018-05-24T17:22:59+08:00 ] ::1 /lab08/index.php/Home/Index/order
INFO: [ app_init ] --START--
INFO: Run Behavior\BuildLiteBehavior [ RunTime:0.000028s ]
INFO: [ app_init ] --END-- [ RunTime:0.000441s ]
INFO: [ app_begin ] --START--
INFO: Run Behavior\ReadHtmlCacheBehavior [ RunTime:0.000444s ]
INFO: [ app_begin ] --END-- [ RunTime:0.000558s ]
SQL: SHOW COLUMNS FROM `tp_message` [ RunTime:0.0006s ]
SQL: SELECT COUNT(*) AS tp_count FROM `tp_message` LIMIT 1   [ RunTime:0.0002s ]
SQL: SELECT * FROM `tp_message` WHERE `id` LIKE '%%' ORDER BY content LIMIT 0,2   [ RunTime:0.0003s ]

[ 2018-05-24T17:23:07+08:00 ] ::1 /lab08/index.php/Home/Index/order
INFO: [ app_init ] --START--
INFO: Run Behavior\BuildLiteBehavior [ RunTime:0.000027s ]
INFO: [ app_init ] --END-- [ RunTime:0.000435s ]
INFO: [ app_begin ] --START--
INFO: Run Behavior\ReadHtmlCacheBehavior [ RunTime:0.000436s ]
INFO: [ app_begin ] --END-- [ RunTime:0.000550s ]
SQL: SHOW COLUMNS FROM `tp_message` [ RunTime:0.0005s ]
SQL: SELECT COUNT(*) AS tp_count FROM `tp_message` LIMIT 1   [ RunTime:0.0002s ]
SQL: SELECT * FROM `tp_message` WHERE `id` LIKE '%%' ORDER BY time LIMIT 0,2   [ RunTime:0.0003s ]

[ 2018-05-24T17:23:07+08:00 ] ::1 /lab08/index.php/Home/Index/order
INFO: [ app_init ] --START--
INFO: Run Behavior\BuildLiteBehavior [ RunTime:0.000027s ]
INFO: [ app_init ] --END-- [ RunTime:0.000434s ]
INFO: [ app_begin ] --START--
INFO: Run Behavior\ReadHtmlCacheBehavior [ RunTime:0.000442s ]
INFO: [ app_begin ] --END-- [ RunTime:0.000558s ]
SQL: SHOW COLUMNS FROM `tp_message` [ RunTime:0.0006s ]
SQL: SELECT COUNT(*) AS tp_count FROM `tp_message` LIMIT 1   [ RunTime:0.0002s ]
SQL: SELECT * FROM `tp_message` WHERE `id` LIKE '%%' ORDER BY time LIMIT 0,2   [ RunTime:0.0003s ]

[ 2018-05-24T17:23:07+08:00 ] ::1 /lab08/index.php/Home/Index/order
INFO: [ app_init ] --START--
INFO: Run Behavior\BuildLiteBehavior [ RunTime:0.000020s ]
INFO: [ app_init ] --END-- [ RunTime:0.000327s ]
INFO: [ app_begin ] --START--
INFO: Run Behavior\ReadHtmlCacheBehavior [ RunTime:0.000325s ]
INFO: [ app_begin ] --END-- [ RunTime:0.000409s ]
SQL: SHOW COLUMNS FROM `tp_message` [ RunTime:0.0005s ]
SQL: SELECT COUNT(*) AS tp_count FROM `tp_message` LIMIT 1   [ RunTime:0.0002s ]
SQL: SELECT * FROM `tp_message` WHERE `id` LIKE '%%' ORDER BY time LIMIT 0,2   [ RunTime:0.0002s ]

[ 2018-05-24T17:27:27+08:00 ] ::1 /lab08/index.php/Home/Index/homework/p/1.html
INFO: [ app_init ] --START--
INFO: Run Behavior\BuildLiteBehavior [ RunTime:0.000031s ]
INFO: [ app_init ] --END-- [ RunTime:0.000534s ]

[ 2018-05-24T17:28:17+08:00 ] ::1 /lab08/index.php/Home/Index/homework/p/1.html
INFO: [ app_init ] --START--
INFO: Run Behavior\BuildLiteBehavior [ RunTime:0.000031s ]
INFO: [ app_init ] --END-- [ RunTime:0.000478s ]

[ 2018-05-24T17:30:21+08:00 ] ::1 /lab08/index.php/Home/Index/homework/p/1.html
INFO: [ app_init ] --START--
INFO: Run Behavior\BuildLiteBehavior [ RunTime:0.000031s ]
INFO: [ app_init ] --END-- [ RunTime:0.000509s ]

[ 2018-05-24T17:30:35+08:00 ] ::1 /lab08/index.php/Home/Index/homework/p/1.html
INFO: [ app_init ] --START--
INFO: Run Behavior\BuildLiteBehavior [ RunTime:0.000025s ]
INFO: [ app_init ] --END-- [ RunTime:0.000364s ]

[ 2018-05-24T17:30:37+08:00 ] ::1 /lab08/index.php/Home/Index/order
INFO: [ app_init ] --START--
INFO: Run Behavior\BuildLiteBehavior [ RunTime:0.000027s ]
INFO: [ app_init ] --END-- [ RunTime:0.000440s ]
INFO: [ app_begin ] --START--
INFO: Run Behavior\ReadHtmlCacheBehavior [ RunTime:0.000435s ]
INFO: [ app_begin ] --END-- [ RunTime:0.000549s ]
SQL: SHOW COLUMNS FROM `tp_message` [ RunTime:0.0006s ]
ERR: 1054:Unknown column 'author' in 'order clause'
 [ SQL语句 ] : SELECT * FROM `tp_message` WHERE `id` LIKE '%%' ORDER BY author 
ERR: 1054:Unknown column 'author' in 'order clause'
 [ SQL语句 ] : SELECT * FROM `tp_message` WHERE `id` LIKE '%%' ORDER BY author 

[ 2018-05-24T17:30:39+08:00 ] ::1 /lab08/index.php/Home/Index/order
INFO: [ app_init ] --START--
INFO: Run Behavior\BuildLiteBehavior [ RunTime:0.000026s ]
INFO: [ app_init ] --END-- [ RunTime:0.000434s ]
INFO: [ app_begin ] --START--
INFO: Run Behavior\ReadHtmlCacheBehavior [ RunTime:0.000426s ]
INFO: [ app_begin ] --END-- [ RunTime:0.000540s ]
SQL: SHOW COLUMNS FROM `tp_message` [ RunTime:0.0006s ]
SQL: SELECT * FROM `tp_message` WHERE `id` LIKE '%%' ORDER BY content  [ RunTime:0.0004s ]

[ 2018-05-24T17:30:45+08:00 ] ::1 /lab08/index.php/Home/Index/addMsg
INFO: [ app_init ] --START--
INFO: Run Behavior\BuildLiteBehavior [ RunTime:0.000029s ]
INFO: [ app_init ] --END-- [ RunTime:0.000450s ]

[ 2018-05-24T17:30:45+08:00 ] ::1 /lab08/index.php/Home/public/verify.html
INFO: [ app_init ] --START--
INFO: Run Behavior\BuildLiteBehavior [ RunTime:0.000025s ]
INFO: [ app_init ] --END-- [ RunTime:0.000469s ]

[ 2018-05-24T17:30:50+08:00 ] ::1 /lab08/index.php/Home/Index/homework/p/4.html
INFO: [ app_init ] --START--
INFO: Run Behavior\BuildLiteBehavior [ RunTime:0.000030s ]
INFO: [ app_init ] --END-- [ RunTime:0.000483s ]

[ 2018-05-24T17:30:52+08:00 ] ::1 /lab08/index.php/Home/Index/order
INFO: [ app_init ] --START--
INFO: Run Behavior\BuildLiteBehavior [ RunTime:0.000027s ]
INFO: [ app_init ] --END-- [ RunTime:0.000431s ]
INFO: [ app_begin ] --START--
INFO: Run Behavior\ReadHtmlCacheBehavior [ RunTime:0.000435s ]
INFO: [ app_begin ] --END-- [ RunTime:0.000549s ]
SQL: SHOW COLUMNS FROM `tp_message` [ RunTime:0.0006s ]
ERR: 1054:Unknown column 'author' in 'order clause'
 [ SQL语句 ] : SELECT * FROM `tp_message` WHERE `id` LIKE '%%' ORDER BY author 
ERR: 1054:Unknown column 'author' in 'order clause'
 [ SQL语句 ] : SELECT * FROM `tp_message` WHERE `id` LIKE '%%' ORDER BY author 

[ 2018-05-24T17:30:54+08:00 ] ::1 /lab08/index.php/Home/Index/order
INFO: [ app_init ] --START--
INFO: Run Behavior\BuildLiteBehavior [ RunTime:0.000027s ]
INFO: [ app_init ] --END-- [ RunTime:0.000434s ]
INFO: [ app_begin ] --START--
INFO: Run Behavior\ReadHtmlCacheBehavior [ RunTime:0.000439s ]
INFO: [ app_begin ] --END-- [ RunTime:0.000555s ]
SQL: SHOW COLUMNS FROM `tp_message` [ RunTime:0.0005s ]
ERR: 1054:Unknown column 'author' in 'order clause'
 [ SQL语句 ] : SELECT * FROM `tp_message` WHERE `id` LIKE '%%' ORDER BY author 
ERR: 1054:Unknown column 'author' in 'order clause'
 [ SQL语句 ] : SELECT * FROM `tp_message` WHERE `id` LIKE '%%' ORDER BY author 

[ 2018-05-24T17:30:54+08:00 ] ::1 /lab08/index.php/Home/Index/order
INFO: [ app_init ] --START--
INFO: Run Behavior\BuildLiteBehavior [ RunTime:0.000028s ]
INFO: [ app_init ] --END-- [ RunTime:0.000439s ]
INFO: [ app_begin ] --START--
INFO: Run Behavior\ReadHtmlCacheBehavior [ RunTime:0.000436s ]
INFO: [ app_begin ] --END-- [ RunTime:0.000550s ]
SQL: SHOW COLUMNS FROM `tp_message` [ RunTime:0.0005s ]
ERR: 1054:Unknown column 'author' in 'order clause'
 [ SQL语句 ] : SELECT * FROM `tp_message` WHERE `id` LIKE '%%' ORDER BY author 
ERR: 1054:Unknown column 'author' in 'order clause'
 [ SQL语句 ] : SELECT * FROM `tp_message` WHERE `id` LIKE '%%' ORDER BY author 

[ 2018-05-24T17:30:54+08:00 ] ::1 /lab08/index.php/Home/Index/order
INFO: [ app_init ] --START--
INFO: Run Behavior\BuildLiteBehavior [ RunTime:0.000022s ]
INFO: [ app_init ] --END-- [ RunTime:0.000360s ]
INFO: [ app_begin ] --START--
INFO: Run Behavior\ReadHtmlCacheBehavior [ RunTime:0.000330s ]
INFO: [ app_begin ] --END-- [ RunTime:0.000416s ]
SQL: SHOW COLUMNS FROM `tp_message` [ RunTime:0.0006s ]
ERR: 1054:Unknown column 'author' in 'order clause'
 [ SQL语句 ] : SELECT * FROM `tp_message` WHERE `id` LIKE '%%' ORDER BY author 
ERR: 1054:Unknown column 'author' in 'order clause'
 [ SQL语句 ] : SELECT * FROM `tp_message` WHERE `id` LIKE '%%' ORDER BY author 

[ 2018-05-24T17:32:03+08:00 ] ::1 /lab08/index.php/Home/Index/homework/p/5.html
INFO: [ app_init ] --START--
INFO: Run Behavior\BuildLiteBehavior [ RunTime:0.000029s ]
INFO: [ app_init ] --END-- [ RunTime:0.000453s ]

[ 2018-05-24T17:32:05+08:00 ] ::1 /lab08/index.php/Home/Index/order
INFO: [ app_init ] --START--
INFO: Run Behavior\BuildLiteBehavior [ RunTime:0.000028s ]
INFO: [ app_init ] --END-- [ RunTime:0.000445s ]
INFO: [ app_begin ] --START--
INFO: Run Behavior\ReadHtmlCacheBehavior [ RunTime:0.000441s ]
INFO: [ app_begin ] --END-- [ RunTime:0.000553s ]
SQL: SHOW COLUMNS FROM `tp_message` [ RunTime:0.0006s ]
SQL: SELECT * FROM `tp_message` WHERE `id` LIKE '%%' ORDER BY time  [ RunTime:0.0004s ]

[ 2018-05-24T17:32:05+08:00 ] ::1 /lab08/index.php/Home/Index/order
INFO: [ app_init ] --START--
INFO: Run Behavior\BuildLiteBehavior [ RunTime:0.000027s ]
INFO: [ app_init ] --END-- [ RunTime:0.000437s ]
INFO: [ app_begin ] --START--
INFO: Run Behavior\ReadHtmlCacheBehavior [ RunTime:0.000438s ]
INFO: [ app_begin ] --END-- [ RunTime:0.000552s ]
SQL: SHOW COLUMNS FROM `tp_message` [ RunTime:0.0006s ]
SQL: SELECT * FROM `tp_message` WHERE `id` LIKE '%%' ORDER BY time  [ RunTime:0.0004s ]

[ 2018-05-24T17:32:05+08:00 ] ::1 /lab08/index.php/Home/Index/order
INFO: [ app_init ] --START--
INFO: Run Behavior\BuildLiteBehavior [ RunTime:0.000027s ]
INFO: [ app_init ] --END-- [ RunTime:0.000441s ]
INFO: [ app_begin ] --START--
INFO: Run Behavior\ReadHtmlCacheBehavior [ RunTime:0.000447s ]
INFO: [ app_begin ] --END-- [ RunTime:0.000564s ]
SQL: SHOW COLUMNS FROM `tp_message` [ RunTime:0.0006s ]
SQL: SELECT * FROM `tp_message` WHERE `id` LIKE '%%' ORDER BY time  [ RunTime:0.0004s ]

[ 2018-05-24T17:32:10+08:00 ] ::1 /lab08/index.php/Home/Index/order
INFO: [ app_init ] --START--
INFO: Run Behavior\BuildLiteBehavior [ RunTime:0.000027s ]
INFO: [ app_init ] --END-- [ RunTime:0.000431s ]
INFO: [ app_begin ] --START--
INFO: Run Behavior\ReadHtmlCacheBehavior [ RunTime:0.000435s ]
INFO: [ app_begin ] --END-- [ RunTime:0.000549s ]
SQL: SHOW COLUMNS FROM `tp_message` [ RunTime:0.0005s ]
SQL: SELECT * FROM `tp_message` ORDER BY time  [ RunTime:0.0003s ]

[ 2018-05-24T17:32:25+08:00 ] ::1 /lab08/index.php/Home/Index/homework
INFO: [ app_init ] --START--
INFO: Run Behavior\BuildLiteBehavior [ RunTime:0.000031s ]
INFO: [ app_init ] --END-- [ RunTime:0.000513s ]

[ 2018-05-24T17:32:28+08:00 ] ::1 /lab08/index.php/Home/Index/homework/p/3.html
INFO: [ app_init ] --START--
INFO: Run Behavior\BuildLiteBehavior [ RunTime:0.000028s ]
INFO: [ app_init ] --END-- [ RunTime:0.000482s ]

[ 2018-05-24T17:32:30+08:00 ] ::1 /lab08/index.php/Home/Index/order
INFO: [ app_init ] --START--
INFO: Run Behavior\BuildLiteBehavior [ RunTime:0.000027s ]
INFO: [ app_init ] --END-- [ RunTime:0.000438s ]
INFO: [ app_begin ] --START--
INFO: Run Behavior\ReadHtmlCacheBehavior [ RunTime:0.000438s ]
INFO: [ app_begin ] --END-- [ RunTime:0.000554s ]
SQL: SHOW COLUMNS FROM `tp_message` [ RunTime:0.0005s ]
SQL: SELECT * FROM `tp_message` WHERE `id` LIKE '%%' ORDER BY time  [ RunTime:0.0003s ]

[ 2018-05-24T17:32:36+08:00 ] ::1 /lab08/index.php/Home/Index/homework/p/2.html
INFO: [ app_init ] --START--
INFO: Run Behavior\BuildLiteBehavior [ RunTime:0.000027s ]
INFO: [ app_init ] --END-- [ RunTime:0.000433s ]

[ 2018-05-24T17:32:38+08:00 ] ::1 /lab08/index.php/Home/Index/order
INFO: [ app_init ] --START--
INFO: Run Behavior\BuildLiteBehavior [ RunTime:0.000028s ]
INFO: [ app_init ] --END-- [ RunTime:0.000498s ]
INFO: [ app_begin ] --START--
INFO: Run Behavior\ReadHtmlCacheBehavior [ RunTime:0.000510s ]
INFO: [ app_begin ] --END-- [ RunTime:0.000628s ]
SQL: SHOW COLUMNS FROM `tp_message` [ RunTime:0.0006s ]
SQL: SELECT * FROM `tp_message` WHERE `id` LIKE '%%' ORDER BY content  [ RunTime:0.0004s ]

[ 2018-05-24T17:34:08+08:00 ] ::1 /lab08/index.php/Home/Index/homework/p/2.html
INFO: [ app_init ] --START--
INFO: Run Behavior\BuildLiteBehavior [ RunTime:0.000031s ]
INFO: [ app_init ] --END-- [ RunTime:0.000501s ]

[ 2018-05-24T17:36:59+08:00 ] ::1 /lab08/index.php/Home/Index/homework/p/2.html
INFO: [ app_init ] --START--
INFO: Run Behavior\BuildLiteBehavior [ RunTime:0.000030s ]
INFO: [ app_init ] --END-- [ RunTime:0.000489s ]

[ 2018-05-24T17:37:01+08:00 ] ::1 /lab08/index.php/Home/Index/order
INFO: [ app_init ] --START--
INFO: Run Behavior\BuildLiteBehavior [ RunTime:0.000026s ]
INFO: [ app_init ] --END-- [ RunTime:0.000439s ]
INFO: [ app_begin ] --START--
INFO: Run Behavior\ReadHtmlCacheBehavior [ RunTime:0.000447s ]
INFO: [ app_begin ] --END-- [ RunTime:0.000563s ]
SQL: SHOW COLUMNS FROM `tp_message` [ RunTime:0.0006s ]
SQL: SELECT COUNT(*) AS tp_count FROM `tp_message` LIMIT 1   [ RunTime:0.0002s ]
ERR: 1054:Unknown column 'author' in 'order clause'
 [ SQL语句 ] : SELECT * FROM `tp_message` WHERE `id` LIKE '%%' ORDER BY author LIMIT 0,2  
ERR: 1054:Unknown column 'author' in 'order clause'
 [ SQL语句 ] : SELECT * FROM `tp_message` WHERE `id` LIKE '%%' ORDER BY author LIMIT 0,2  

[ 2018-05-24T17:37:07+08:00 ] ::1 /lab08/index.php/Home/Index/homework/p/1.html
INFO: [ app_init ] --START--
INFO: Run Behavior\BuildLiteBehavior [ RunTime:0.000022s ]
INFO: [ app_init ] --END-- [ RunTime:0.000358s ]

[ 2018-05-24T17:37:09+08:00 ] ::1 /lab08/index.php/Home/Index/order
INFO: [ app_init ] --START--
INFO: Run Behavior\BuildLiteBehavior [ RunTime:0.000029s ]
INFO: [ app_init ] --END-- [ RunTime:0.000443s ]
INFO: [ app_begin ] --START--
INFO: Run Behavior\ReadHtmlCacheBehavior [ RunTime:0.000450s ]
INFO: [ app_begin ] --END-- [ RunTime:0.000566s ]
SQL: SHOW COLUMNS FROM `tp_message` [ RunTime:0.0006s ]
SQL: SELECT COUNT(*) AS tp_count FROM `tp_message` LIMIT 1   [ RunTime:0.0002s ]
SQL: SELECT * FROM `tp_message` WHERE `id` LIKE '%%' ORDER BY title LIMIT 0,2   [ RunTime:0.0003s ]

[ 2018-05-24T17:37:11+08:00 ] ::1 /lab08/index.php/Home/Index/order
INFO: [ app_init ] --START--
INFO: Run Behavior\BuildLiteBehavior [ RunTime:0.000027s ]
INFO: [ app_init ] --END-- [ RunTime:0.000434s ]
INFO: [ app_begin ] --START--
INFO: Run Behavior\ReadHtmlCacheBehavior [ RunTime:0.000437s ]
INFO: [ app_begin ] --END-- [ RunTime:0.000552s ]
SQL: SHOW COLUMNS FROM `tp_message` [ RunTime:0.0006s ]
SQL: SELECT COUNT(*) AS tp_count FROM `tp_message` LIMIT 1   [ RunTime:0.0002s ]
ERR: 1054:Unknown column 'author' in 'order clause'
 [ SQL语句 ] : SELECT * FROM `tp_message` WHERE `id` LIKE '%%' ORDER BY author LIMIT 0,2  
ERR: 1054:Unknown column 'author' in 'order clause'
 [ SQL语句 ] : SELECT * FROM `tp_message` WHERE `id` LIKE '%%' ORDER BY author LIMIT 0,2  

[ 2018-05-24T17:37:13+08:00 ] ::1 /lab08/index.php/Home/Index/order
INFO: [ app_init ] --START--
INFO: Run Behavior\BuildLiteBehavior [ RunTime:0.000029s ]
INFO: [ app_init ] --END-- [ RunTime:0.000459s ]
INFO: [ app_begin ] --START--
INFO: Run Behavior\ReadHtmlCacheBehavior [ RunTime:0.000449s ]
INFO: [ app_begin ] --END-- [ RunTime:0.000563s ]
SQL: SHOW COLUMNS FROM `tp_message` [ RunTime:0.0006s ]
SQL: SELECT COUNT(*) AS tp_count FROM `tp_message` LIMIT 1   [ RunTime:0.0002s ]
SQL: SELECT * FROM `tp_message` WHERE `id` LIKE '%%' ORDER BY time LIMIT 0,2   [ RunTime:0.0003s ]

[ 2018-05-24T17:37:42+08:00 ] ::1 /lab08/index.php/Home/Index/homework/p/1.html
INFO: [ app_init ] --START--
INFO: Run Behavior\BuildLiteBehavior [ RunTime:0.000029s ]
INFO: [ app_init ] --END-- [ RunTime:0.000461s ]

[ 2018-05-24T17:37:44+08:00 ] ::1 /lab08/index.php/Home/Index/order
INFO: [ app_init ] --START--
INFO: Run Behavior\BuildLiteBehavior [ RunTime:0.000028s ]
INFO: [ app_init ] --END-- [ RunTime:0.000451s ]
INFO: [ app_begin ] --START--
INFO: Run Behavior\ReadHtmlCacheBehavior [ RunTime:0.000449s ]
INFO: [ app_begin ] --END-- [ RunTime:0.000566s ]
SQL: SHOW COLUMNS FROM `tp_message` [ RunTime:0.0006s ]
SQL: SELECT COUNT(*) AS tp_count FROM `tp_message` LIMIT 1   [ RunTime:0.0002s ]
ERR: 1054:Unknown column 'author' in 'order clause'
 [ SQL语句 ] : SELECT * FROM `tp_message` WHERE `id` LIKE '%%' ORDER BY author LIMIT 0,2  
ERR: 1054:Unknown column 'author' in 'order clause'
 [ SQL语句 ] : SELECT * FROM `tp_message` WHERE `id` LIKE '%%' ORDER BY author LIMIT 0,2  

[ 2018-05-24T17:37:44+08:00 ] ::1 /lab08/index.php/Home/Index/order
INFO: [ app_init ] --START--
INFO: Run Behavior\BuildLiteBehavior [ RunTime:0.000027s ]
INFO: [ app_init ] --END-- [ RunTime:0.000436s ]
INFO: [ app_begin ] --START--
INFO: Run Behavior\ReadHtmlCacheBehavior [ RunTime:0.000436s ]
INFO: [ app_begin ] --END-- [ RunTime:0.000552s ]
SQL: SHOW COLUMNS FROM `tp_message` [ RunTime:0.0006s ]
SQL: SELECT COUNT(*) AS tp_count FROM `tp_message` LIMIT 1   [ RunTime:0.0002s ]
ERR: 1054:Unknown column 'author' in 'order clause'
 [ SQL语句 ] : SELECT * FROM `tp_message` WHERE `id` LIKE '%%' ORDER BY author LIMIT 0,2  
ERR: 1054:Unknown column 'author' in 'order clause'
 [ SQL语句 ] : SELECT * FROM `tp_message` WHERE `id` LIKE '%%' ORDER BY author LIMIT 0,2  

[ 2018-05-24T17:37:46+08:00 ] ::1 /lab08/index.php/Home/Index/order
INFO: [ app_init ] --START--
INFO: Run Behavior\BuildLiteBehavior [ RunTime:0.000028s ]
INFO: [ app_init ] --END-- [ RunTime:0.000440s ]
INFO: [ app_begin ] --START--
INFO: Run Behavior\ReadHtmlCacheBehavior [ RunTime:0.000441s ]
INFO: [ app_begin ] --END-- [ RunTime:0.000558s ]
SQL: SHOW COLUMNS FROM `tp_message` [ RunTime:0.0006s ]
SQL: SELECT COUNT(*) AS tp_count FROM `tp_message` LIMIT 1   [ RunTime:0.0002s ]
SQL: SELECT * FROM `tp_message` WHERE `id` LIKE '%%' ORDER BY time LIMIT 0,2   [ RunTime:0.0003s ]

[ 2018-05-24T17:37:51+08:00 ] ::1 /lab08/index.php/Home/Index/order
INFO: [ app_init ] --START--
INFO: Run Behavior\BuildLiteBehavior [ RunTime:0.000028s ]
INFO: [ app_init ] --END-- [ RunTime:0.000436s ]
INFO: [ app_begin ] --START--
INFO: Run Behavior\ReadHtmlCacheBehavior [ RunTime:0.000440s ]
INFO: [ app_begin ] --END-- [ RunTime:0.000555s ]
SQL: SHOW COLUMNS FROM `tp_message` [ RunTime:0.0006s ]
SQL: SELECT COUNT(*) AS tp_count FROM `tp_message` LIMIT 1   [ RunTime:0.0002s ]
SQL: SELECT * FROM `tp_message` WHERE `title` LIKE '%%' ORDER BY time LIMIT 0,2   [ RunTime:0.0003s ]

[ 2018-05-24T17:37:52+08:00 ] ::1 /lab08/index.php/Home/Index/order
INFO: [ app_init ] --START--
INFO: Run Behavior\BuildLiteBehavior [ RunTime:0.000028s ]
INFO: [ app_init ] --END-- [ RunTime:0.000437s ]
INFO: [ app_begin ] --START--
INFO: Run Behavior\ReadHtmlCacheBehavior [ RunTime:0.000442s ]
INFO: [ app_begin ] --END-- [ RunTime:0.000556s ]
SQL: SHOW COLUMNS FROM `tp_message` [ RunTime:0.0006s ]
SQL: SELECT COUNT(*) AS tp_count FROM `tp_message` LIMIT 1   [ RunTime:0.0002s ]
SQL: SELECT * FROM `tp_message` WHERE `title` LIKE '%%' ORDER BY time LIMIT 0,2   [ RunTime:0.0003s ]

[ 2018-05-24T17:37:53+08:00 ] ::1 /lab08/index.php/Home/Index/order
INFO: [ app_init ] --START--
INFO: Run Behavior\BuildLiteBehavior [ RunTime:0.000028s ]
INFO: [ app_init ] --END-- [ RunTime:0.000445s ]
INFO: [ app_begin ] --START--
INFO: Run Behavior\ReadHtmlCacheBehavior [ RunTime:0.000442s ]
INFO: [ app_begin ] --END-- [ RunTime:0.000555s ]
SQL: SHOW COLUMNS FROM `tp_message` [ RunTime:0.0005s ]
SQL: SELECT COUNT(*) AS tp_count FROM `tp_message` LIMIT 1   [ RunTime:0.0002s ]
ERR: 1054:Unknown column 'author' in 'order clause'
 [ SQL语句 ] : SELECT * FROM `tp_message` WHERE `title` LIKE '%%' ORDER BY author LIMIT 0,2  
ERR: 1054:Unknown column 'author' in 'order clause'
 [ SQL语句 ] : SELECT * FROM `tp_message` WHERE `title` LIKE '%%' ORDER BY author LIMIT 0,2  

[ 2018-05-24T17:37:55+08:00 ] ::1 /lab08/index.php/Home/Index/order
INFO: [ app_init ] --START--
INFO: Run Behavior\BuildLiteBehavior [ RunTime:0.000028s ]
INFO: [ app_init ] --END-- [ RunTime:0.000438s ]
INFO: [ app_begin ] --START--
INFO: Run Behavior\ReadHtmlCacheBehavior [ RunTime:0.000441s ]
INFO: [ app_begin ] --END-- [ RunTime:0.000555s ]
SQL: SHOW COLUMNS FROM `tp_message` [ RunTime:0.0006s ]
SQL: SELECT COUNT(*) AS tp_count FROM `tp_message` LIMIT 1   [ RunTime:0.0002s ]
SQL: SELECT * FROM `tp_message` WHERE `title` LIKE '%%' ORDER BY title LIMIT 0,2   [ RunTime:0.0003s ]

[ 2018-05-24T17:38:51+08:00 ] ::1 /lab08/index.php/Home/Index/homework/p/1.html
INFO: [ app_init ] --START--
INFO: Run Behavior\BuildLiteBehavior [ RunTime:0.000030s ]
INFO: [ app_init ] --END-- [ RunTime:0.000493s ]

[ 2018-05-24T17:38:52+08:00 ] ::1 /lab08/index.php/Home/Index/order
INFO: [ app_init ] --START--
INFO: Run Behavior\BuildLiteBehavior [ RunTime:0.000026s ]
INFO: [ app_init ] --END-- [ RunTime:0.000438s ]
INFO: [ app_begin ] --START--
INFO: Run Behavior\ReadHtmlCacheBehavior [ RunTime:0.000450s ]
INFO: [ app_begin ] --END-- [ RunTime:0.000564s ]
SQL: SHOW COLUMNS FROM `tp_message` [ RunTime:0.0006s ]
SQL: SELECT COUNT(*) AS tp_count FROM `tp_message` LIMIT 1   [ RunTime:0.0002s ]
SQL: SELECT * FROM `tp_message` WHERE `id` LIKE '%%' ORDER BY id LIMIT 0,2   [ RunTime:0.0002s ]

[ 2018-05-24T17:38:54+08:00 ] ::1 /lab08/index.php/Home/Index/order
INFO: [ app_init ] --START--
INFO: Run Behavior\BuildLiteBehavior [ RunTime:0.000027s ]
INFO: [ app_init ] --END-- [ RunTime:0.000438s ]
INFO: [ app_begin ] --START--
INFO: Run Behavior\ReadHtmlCacheBehavior [ RunTime:0.000446s ]
INFO: [ app_begin ] --END-- [ RunTime:0.000560s ]
SQL: SHOW COLUMNS FROM `tp_message` [ RunTime:0.0006s ]
SQL: SELECT COUNT(*) AS tp_count FROM `tp_message` LIMIT 1   [ RunTime:0.0002s ]
SQL: SELECT * FROM `tp_message` WHERE `id` LIKE '%%' ORDER BY title LIMIT 0,2   [ RunTime:0.0003s ]

[ 2018-05-24T17:38:54+08:00 ] ::1 /lab08/index.php/Home/Index/order
INFO: [ app_init ] --START--
INFO: Run Behavior\BuildLiteBehavior [ RunTime:0.000027s ]
INFO: [ app_init ] --END-- [ RunTime:0.000441s ]
INFO: [ app_begin ] --START--
INFO: Run Behavior\ReadHtmlCacheBehavior [ RunTime:0.000434s ]
INFO: [ app_begin ] --END-- [ RunTime:0.000547s ]
SQL: SHOW COLUMNS FROM `tp_message` [ RunTime:0.0006s ]
SQL: SELECT COUNT(*) AS tp_count FROM `tp_message` LIMIT 1   [ RunTime:0.0002s ]
SQL: SELECT * FROM `tp_message` WHERE `id` LIKE '%%' ORDER BY title LIMIT 0,2   [ RunTime:0.0003s ]

[ 2018-05-24T17:38:54+08:00 ] ::1 /lab08/index.php/Home/Index/order
INFO: [ app_init ] --START--
INFO: Run Behavior\BuildLiteBehavior [ RunTime:0.000028s ]
INFO: [ app_init ] --END-- [ RunTime:0.000433s ]
INFO: [ app_begin ] --START--
INFO: Run Behavior\ReadHtmlCacheBehavior [ RunTime:0.000434s ]
INFO: [ app_begin ] --END-- [ RunTime:0.000547s ]
SQL: SHOW COLUMNS FROM `tp_message` [ RunTime:0.0005s ]
SQL: SELECT COUNT(*) AS tp_count FROM `tp_message` LIMIT 1   [ RunTime:0.0002s ]
SQL: SELECT * FROM `tp_message` WHERE `id` LIKE '%%' ORDER BY title LIMIT 0,2   [ RunTime:0.0003s ]

[ 2018-05-24T17:39:17+08:00 ] ::1 /lab08/index.php/Home/Index/homework/p/1.html
INFO: [ app_init ] --START--
INFO: Run Behavior\BuildLiteBehavior [ RunTime:0.000024s ]
INFO: [ app_init ] --END-- [ RunTime:0.000381s ]

[ 2018-05-24T17:39:18+08:00 ] ::1 /lab08/index.php/Home/Index/order
INFO: [ app_init ] --START--
INFO: Run Behavior\BuildLiteBehavior [ RunTime:0.000027s ]
INFO: [ app_init ] --END-- [ RunTime:0.000438s ]
INFO: [ app_begin ] --START--
INFO: Run Behavior\ReadHtmlCacheBehavior [ RunTime:0.000468s ]
INFO: [ app_begin ] --END-- [ RunTime:0.000587s ]
SQL: SHOW COLUMNS FROM `tp_message` [ RunTime:0.0006s ]
SQL: SELECT COUNT(*) AS tp_count FROM `tp_message` LIMIT 1   [ RunTime:0.0002s ]
SQL: SELECT * FROM `tp_message` WHERE `id` LIKE '%%' ORDER BY id LIMIT 0,2   [ RunTime:0.0003s ]

[ 2018-05-24T17:40:58+08:00 ] ::1 /lab08/index.php/Home/Index/homework/p/1.html
INFO: [ app_init ] --START--
INFO: Run Behavior\BuildLiteBehavior [ RunTime:0.000023s ]
INFO: [ app_init ] --END-- [ RunTime:0.000408s ]

[ 2018-05-24T17:40:59+08:00 ] ::1 /lab08/index.php/Home/Index/order
INFO: [ app_init ] --START--
INFO: Run Behavior\BuildLiteBehavior [ RunTime:0.000027s ]
INFO: [ app_init ] --END-- [ RunTime:0.000433s ]
INFO: [ app_begin ] --START--
INFO: Run Behavior\ReadHtmlCacheBehavior [ RunTime:0.000432s ]
INFO: [ app_begin ] --END-- [ RunTime:0.000545s ]
SQL: SHOW COLUMNS FROM `tp_message` [ RunTime:0.0006s ]
SQL: SELECT COUNT(*) AS tp_count FROM `tp_message` LIMIT 1   [ RunTime:0.0002s ]
SQL: SELECT * FROM `tp_message` WHERE `id` LIKE '%%' ORDER BY id LIMIT 0,2   [ RunTime:0.0003s ]

[ 2018-05-24T17:41:07+08:00 ] ::1 /lab08/index.php/Home/Index/homework/p/1.html
INFO: [ app_init ] --START--
INFO: Run Behavior\BuildLiteBehavior [ RunTime:0.000030s ]
INFO: [ app_init ] --END-- [ RunTime:0.000452s ]

[ 2018-05-24T17:41:09+08:00 ] ::1 /lab08/index.php/Home/Index/order
INFO: [ app_init ] --START--
INFO: Run Behavior\BuildLiteBehavior [ RunTime:0.000026s ]
INFO: [ app_init ] --END-- [ RunTime:0.000429s ]
INFO: [ app_begin ] --START--
INFO: Run Behavior\ReadHtmlCacheBehavior [ RunTime:0.000432s ]
INFO: [ app_begin ] --END-- [ RunTime:0.000547s ]
SQL: SHOW COLUMNS FROM `tp_message` [ RunTime:0.0006s ]
SQL: SELECT COUNT(*) AS tp_count FROM `tp_message` LIMIT 1   [ RunTime:0.0002s ]
SQL: SELECT * FROM `tp_message` WHERE `id` LIKE '%%' ORDER BY id LIMIT 0,2   [ RunTime:0.0003s ]

[ 2018-05-24T17:41:55+08:00 ] ::1 /lab08/index.php/Home/Index/homework/p/1.html
INFO: [ app_init ] --START--
INFO: Run Behavior\BuildLiteBehavior [ RunTime:0.000029s ]
INFO: [ app_init ] --END-- [ RunTime:0.000454s ]

[ 2018-05-24T17:45:11+08:00 ] ::1 /lab08/index.php/Home/Index/homework/p/1.html
INFO: [ app_init ] --START--
INFO: Run Behavior\BuildLiteBehavior [ RunTime:0.000031s ]
INFO: [ app_init ] --END-- [ RunTime:0.000518s ]

[ 2018-05-24T17:45:12+08:00 ] ::1 /lab08/index.php/Home/Index/order
INFO: [ app_init ] --START--
INFO: Run Behavior\BuildLiteBehavior [ RunTime:0.000026s ]
INFO: [ app_init ] --END-- [ RunTime:0.000442s ]
INFO: [ app_begin ] --START--
INFO: Run Behavior\ReadHtmlCacheBehavior [ RunTime:0.000429s ]
INFO: [ app_begin ] --END-- [ RunTime:0.000544s ]
SQL: SHOW COLUMNS FROM `tp_message` [ RunTime:0.0006s ]
SQL: SELECT COUNT(*) AS tp_count FROM `tp_message` LIMIT 1   [ RunTime:0.0002s ]
SQL: SELECT * FROM `tp_message` WHERE `id` LIKE '%%' ORDER BY id LIMIT 0,2   [ RunTime:0.0002s ]

[ 2018-05-24T17:46:48+08:00 ] ::1 /lab08/index.php/Home/Index/homework/p/1.html
INFO: [ app_init ] --START--
INFO: Run Behavior\BuildLiteBehavior [ RunTime:0.000029s ]
INFO: [ app_init ] --END-- [ RunTime:0.000457s ]

[ 2018-05-24T17:46:49+08:00 ] ::1 /lab08/index.php/Home/Index/homework/p/1.html
INFO: [ app_init ] --START--
INFO: Run Behavior\BuildLiteBehavior [ RunTime:0.000029s ]
INFO: [ app_init ] --END-- [ RunTime:0.000449s ]

[ 2018-05-24T17:46:50+08:00 ] ::1 /lab08/index.php/Home/Index/homework/p/1.html
INFO: [ app_init ] --START--
INFO: Run Behavior\BuildLiteBehavior [ RunTime:0.000026s ]
INFO: [ app_init ] --END-- [ RunTime:0.000450s ]

[ 2018-05-24T17:46:50+08:00 ] ::1 /lab08/index.php/Home/Index/homework/p/1.html
INFO: [ app_init ] --START--
INFO: Run Behavior\BuildLiteBehavior [ RunTime:0.000048s ]
INFO: [ app_init ] --END-- [ RunTime:0.000589s ]

[ 2018-05-24T17:46:50+08:00 ] ::1 /lab08/index.php/Home/Index/homework/p/1.html
INFO: [ app_init ] --START--
INFO: Run Behavior\BuildLiteBehavior [ RunTime:0.000029s ]
INFO: [ app_init ] --END-- [ RunTime:0.000375s ]

[ 2018-05-24T17:46:57+08:00 ] ::1 /lab08/index.php/Home/Index/homework/p/1.html
INFO: [ app_init ] --START--
INFO: Run Behavior\BuildLiteBehavior [ RunTime:0.000023s ]
INFO: [ app_init ] --END-- [ RunTime:0.000351s ]

[ 2018-05-24T17:48:05+08:00 ] ::1 /lab08/index.php/Home/Index/homework/p/1.html
INFO: [ app_init ] --START--
INFO: Run Behavior\BuildLiteBehavior [ RunTime:0.000027s ]
INFO: [ app_init ] --END-- [ RunTime:0.000422s ]

[ 2018-05-24T17:48:05+08:00 ] ::1 /lab08/index.php/Home/Index/homework/p/1.html
INFO: [ app_init ] --START--
INFO: Run Behavior\BuildLiteBehavior [ RunTime:0.000030s ]
INFO: [ app_init ] --END-- [ RunTime:0.000454s ]

[ 2018-05-24T17:48:07+08:00 ] ::1 /lab08/index.php/Home/Index/homework/p/1.html
INFO: [ app_init ] --START--
INFO: Run Behavior\BuildLiteBehavior [ RunTime:0.000030s ]
INFO: [ app_init ] --END-- [ RunTime:0.000443s ]

[ 2018-05-24T17:50:44+08:00 ] ::1 /lab08/index.php/Home/Index/homework/p/1.html
INFO: [ app_init ] --START--
INFO: Run Behavior\BuildLiteBehavior [ RunTime:0.000024s ]
INFO: [ app_init ] --END-- [ RunTime:0.000404s ]

[ 2018-05-24T17:50:55+08:00 ] ::1 /lab08/index.php/Home/Index/homework/p/1.html
INFO: [ app_init ] --START--
INFO: Run Behavior\BuildLiteBehavior [ RunTime:0.000029s ]
INFO: [ app_init ] --END-- [ RunTime:0.000443s ]

[ 2018-05-24T17:50:56+08:00 ] ::1 /lab08/index.php/Home/Index/homework/p/1.html
INFO: [ app_init ] --START--
INFO: Run Behavior\BuildLiteBehavior [ RunTime:0.000025s ]
INFO: [ app_init ] --END-- [ RunTime:0.000434s ]

[ 2018-05-24T17:52:13+08:00 ] ::1 /lab08/index.php/Home/Index/homework/p/1.html
INFO: [ app_init ] --START--
INFO: Run Behavior\BuildLiteBehavior [ RunTime:0.000033s ]
INFO: [ app_init ] --END-- [ RunTime:0.000499s ]

[ 2018-05-24T17:52:14+08:00 ] ::1 /lab08/index.php/Home/Index/homework/p/1.html
INFO: [ app_init ] --START--
INFO: Run Behavior\BuildLiteBehavior [ RunTime:0.000030s ]
INFO: [ app_init ] --END-- [ RunTime:0.000476s ]

[ 2018-05-24T17:54:09+08:00 ] ::1 /lab08/index.php/Home/Index/homework/p/1.html
INFO: [ app_init ] --START--
INFO: Run Behavior\BuildLiteBehavior [ RunTime:0.000022s ]
INFO: [ app_init ] --END-- [ RunTime:0.000386s ]

[ 2018-05-24T17:54:10+08:00 ] ::1 /lab08/index.php/Home/Index/homework/p/1.html
INFO: [ app_init ] --START--
INFO: Run Behavior\BuildLiteBehavior [ RunTime:0.000029s ]
INFO: [ app_init ] --END-- [ RunTime:0.000450s ]

[ 2018-05-24T17:54:11+08:00 ] ::1 /lab08/index.php/Home/Index/homework/p/1.html
INFO: [ app_init ] --START--
INFO: Run Behavior\BuildLiteBehavior [ RunTime:0.000022s ]
INFO: [ app_init ] --END-- [ RunTime:0.000341s ]

[ 2018-05-24T17:54:30+08:00 ] ::1 /lab08/index.php/Home/Index/homework/p/1.html
INFO: [ app_init ] --START--
INFO: Run Behavior\BuildLiteBehavior [ RunTime:0.000023s ]
INFO: [ app_init ] --END-- [ RunTime:0.000379s ]

[ 2018-05-24T17:57:48+08:00 ] ::1 /lab08/index.php/Home/Index/homework/p/1.html
INFO: [ app_init ] --START--
INFO: Run Behavior\BuildLiteBehavior [ RunTime:0.000051s ]
INFO: [ app_init ] --END-- [ RunTime:0.000863s ]

[ 2018-05-24T17:57:49+08:00 ] ::1 /lab08/index.php/Home/Index/homework/p/1.html
INFO: [ app_init ] --START--
INFO: Run Behavior\BuildLiteBehavior [ RunTime:0.000030s ]
INFO: [ app_init ] --END-- [ RunTime:0.000484s ]

[ 2018-05-24T17:57:50+08:00 ] ::1 /lab08/index.php/Home/Index/homework/p/1.html
INFO: [ app_init ] --START--
INFO: Run Behavior\BuildLiteBehavior [ RunTime:0.000030s ]
INFO: [ app_init ] --END-- [ RunTime:0.000468s ]

[ 2018-05-24T17:59:21+08:00 ] ::1 /lab08/index.php/Home/Index/homework/p/1.html
INFO: [ app_init ] --START--
INFO: Run Behavior\BuildLiteBehavior [ RunTime:0.000047s ]
INFO: [ app_init ] --END-- [ RunTime:0.000684s ]

[ 2018-05-24T18:05:33+08:00 ] ::1 /lab08/index.php/Home/Index/homework/p/1.html
INFO: [ app_init ] --START--
INFO: Run Behavior\BuildLiteBehavior [ RunTime:0.000029s ]
INFO: [ app_init ] --END-- [ RunTime:0.000503s ]

[ 2018-05-24T18:05:34+08:00 ] ::1 /lab08/index.php/Home/Index/homework/p/1.html
INFO: [ app_init ] --START--
INFO: Run Behavior\BuildLiteBehavior [ RunTime:0.000024s ]
INFO: [ app_init ] --END-- [ RunTime:0.000409s ]

[ 2018-05-24T18:09:30+08:00 ] ::1 /lab08/index.php/Home/Index/homework/p/1.html
INFO: [ app_init ] --START--
INFO: Run Behavior\BuildLiteBehavior [ RunTime:0.000030s ]
INFO: [ app_init ] --END-- [ RunTime:0.000514s ]

[ 2018-05-24T18:09:33+08:00 ] ::1 /lab08/index.php/Home/Index/homework/p/1.html
INFO: [ app_init ] --START--
INFO: Run Behavior\BuildLiteBehavior [ RunTime:0.000051s ]
INFO: [ app_init ] --END-- [ RunTime:0.000743s ]

