[ 2018-05-25T09:49:25+08:00 ] ::1 /lab08/index.php/Home/Index/homework
INFO: [ app_init ] --START--
INFO: Run Behavior\BuildLiteBehavior [ RunTime:0.000042s ]
INFO: [ app_init ] --END-- [ RunTime:0.041088s ]

[ 2018-05-25T09:49:55+08:00 ] ::1 /lab08/index.php/Home/Index/homework
INFO: [ app_init ] --START--
INFO: Run Behavior\BuildLiteBehavior [ RunTime:0.000033s ]
INFO: [ app_init ] --END-- [ RunTime:0.000492s ]

[ 2018-05-25T09:49:56+08:00 ] ::1 /lab08/index.php/Home/Index/order
INFO: [ app_init ] --START--
INFO: Run Behavior\BuildLiteBehavior [ RunTime:0.000027s ]
INFO: [ app_init ] --END-- [ RunTime:0.000429s ]
INFO: [ app_begin ] --START--
INFO: Run Behavior\ReadHtmlCacheBehavior [ RunTime:0.000434s ]
INFO: [ app_begin ] --END-- [ RunTime:0.000551s ]
SQL: SHOW COLUMNS FROM `tp_message` [ RunTime:0.0006s ]
SQL: SELECT COUNT(*) AS tp_count FROM `tp_message` LIMIT 1   [ RunTime:0.0002s ]
SQL: SELECT * FROM `tp_message` WHERE `id` LIKE '%%' ORDER BY id LIMIT 0,2   [ RunTime:0.0003s ]

[ 2018-05-25T09:50:43+08:00 ] ::1 /lab08/index.php/Home/Index/homework
INFO: [ app_init ] --START--
INFO: Run Behavior\BuildLiteBehavior [ RunTime:0.000030s ]
INFO: [ app_init ] --END-- [ RunTime:0.000450s ]

[ 2018-05-25T09:50:44+08:00 ] ::1 /lab08/index.php/Home/Index/order
INFO: [ app_init ] --START--
INFO: Run Behavior\BuildLiteBehavior [ RunTime:0.000027s ]
INFO: [ app_init ] --END-- [ RunTime:0.000439s ]
INFO: [ app_begin ] --START--
INFO: Run Behavior\ReadHtmlCacheBehavior [ RunTime:0.000448s ]
INFO: [ app_begin ] --END-- [ RunTime:0.000573s ]
SQL: SHOW COLUMNS FROM `tp_message` [ RunTime:0.0006s ]
SQL: SELECT COUNT(*) AS tp_count FROM `tp_message` LIMIT 1   [ RunTime:0.0002s ]
SQL: SELECT * FROM `tp_message` WHERE `id` LIKE '%%' ORDER BY id LIMIT 0,2   [ RunTime:0.0003s ]

[ 2018-05-25T09:50:46+08:00 ] ::1 /lab08/index.php/Home/Index/order
INFO: [ app_init ] --START--
INFO: Run Behavior\BuildLiteBehavior [ RunTime:0.000046s ]
INFO: [ app_init ] --END-- [ RunTime:0.000684s ]
INFO: [ app_begin ] --START--
INFO: Run Behavior\ReadHtmlCacheBehavior [ RunTime:0.000447s ]
INFO: [ app_begin ] --END-- [ RunTime:0.000563s ]
SQL: SHOW COLUMNS FROM `tp_message` [ RunTime:0.0005s ]
SQL: SELECT COUNT(*) AS tp_count FROM `tp_message` LIMIT 1   [ RunTime:0.0002s ]
SQL: SELECT * FROM `tp_message` WHERE `id` LIKE '%%' ORDER BY title LIMIT 0,2   [ RunTime:0.0003s ]

[ 2018-05-25T09:50:50+08:00 ] ::1 /lab08/index.php/Home/Index/order
INFO: [ app_init ] --START--
INFO: Run Behavior\BuildLiteBehavior [ RunTime:0.000027s ]
INFO: [ app_init ] --END-- [ RunTime:0.000432s ]
INFO: [ app_begin ] --START--
INFO: Run Behavior\ReadHtmlCacheBehavior [ RunTime:0.000427s ]
INFO: [ app_begin ] --END-- [ RunTime:0.000541s ]
SQL: SHOW COLUMNS FROM `tp_message` [ RunTime:0.0006s ]
SQL: SELECT COUNT(*) AS tp_count FROM `tp_message` LIMIT 1   [ RunTime:0.0002s ]
ERR: 1054:Unknown column 'author' in 'order clause'
 [ SQL语句 ] : SELECT * FROM `tp_message` WHERE `id` LIKE '%%' ORDER BY author LIMIT 0,2  
ERR: 1054:Unknown column 'author' in 'order clause'
 [ SQL语句 ] : SELECT * FROM `tp_message` WHERE `id` LIKE '%%' ORDER BY author LIMIT 0,2  

[ 2018-05-25T09:50:51+08:00 ] ::1 /lab08/index.php/Home/Index/order
INFO: [ app_init ] --START--
INFO: Run Behavior\BuildLiteBehavior [ RunTime:0.000028s ]
INFO: [ app_init ] --END-- [ RunTime:0.000438s ]
INFO: [ app_begin ] --START--
INFO: Run Behavior\ReadHtmlCacheBehavior [ RunTime:0.000425s ]
INFO: [ app_begin ] --END-- [ RunTime:0.000538s ]
SQL: SHOW COLUMNS FROM `tp_message` [ RunTime:0.0006s ]
SQL: SELECT COUNT(*) AS tp_count FROM `tp_message` LIMIT 1   [ RunTime:0.0002s ]
ERR: 1054:Unknown column 'author' in 'order clause'
 [ SQL语句 ] : SELECT * FROM `tp_message` WHERE `id` LIKE '%%' ORDER BY author LIMIT 0,2  
ERR: 1054:Unknown column 'author' in 'order clause'
 [ SQL语句 ] : SELECT * FROM `tp_message` WHERE `id` LIKE '%%' ORDER BY author LIMIT 0,2  

[ 2018-05-25T09:50:53+08:00 ] ::1 /lab08/index.php/Home/Index/order
INFO: [ app_init ] --START--
INFO: Run Behavior\BuildLiteBehavior [ RunTime:0.000028s ]
INFO: [ app_init ] --END-- [ RunTime:0.000452s ]
INFO: [ app_begin ] --START--
INFO: Run Behavior\ReadHtmlCacheBehavior [ RunTime:0.000472s ]
INFO: [ app_begin ] --END-- [ RunTime:0.000611s ]
SQL: SHOW COLUMNS FROM `tp_message` [ RunTime:0.0005s ]
SQL: SELECT COUNT(*) AS tp_count FROM `tp_message` LIMIT 1   [ RunTime:0.0002s ]
SQL: SELECT * FROM `tp_message` WHERE `id` LIKE '%%' ORDER BY time LIMIT 0,2   [ RunTime:0.0003s ]

[ 2018-05-25T09:50:55+08:00 ] ::1 /lab08/index.php/Home/Index/order
INFO: [ app_init ] --START--
INFO: Run Behavior\BuildLiteBehavior [ RunTime:0.000027s ]
INFO: [ app_init ] --END-- [ RunTime:0.000438s ]
INFO: [ app_begin ] --START--
INFO: Run Behavior\ReadHtmlCacheBehavior [ RunTime:0.000429s ]
INFO: [ app_begin ] --END-- [ RunTime:0.000542s ]
SQL: SHOW COLUMNS FROM `tp_message` [ RunTime:0.0006s ]
SQL: SELECT COUNT(*) AS tp_count FROM `tp_message` LIMIT 1   [ RunTime:0.0002s ]
ERR: 1054:Unknown column 'author' in 'order clause'
 [ SQL语句 ] : SELECT * FROM `tp_message` WHERE `id` LIKE '%%' ORDER BY author LIMIT 0,2  
ERR: 1054:Unknown column 'author' in 'order clause'
 [ SQL语句 ] : SELECT * FROM `tp_message` WHERE `id` LIKE '%%' ORDER BY author LIMIT 0,2  

[ 2018-05-25T09:51:00+08:00 ] ::1 /lab08/index.php/Home/Index/homework/p/3.html
INFO: [ app_init ] --START--
INFO: Run Behavior\BuildLiteBehavior [ RunTime:0.000029s ]
INFO: [ app_init ] --END-- [ RunTime:0.000440s ]

[ 2018-05-25T09:51:02+08:00 ] ::1 /lab08/index.php/Home/Index/order
INFO: [ app_init ] --START--
INFO: Run Behavior\BuildLiteBehavior [ RunTime:0.000028s ]
INFO: [ app_init ] --END-- [ RunTime:0.000434s ]
INFO: [ app_begin ] --START--
INFO: Run Behavior\ReadHtmlCacheBehavior [ RunTime:0.000451s ]
INFO: [ app_begin ] --END-- [ RunTime:0.000571s ]
SQL: SHOW COLUMNS FROM `tp_message` [ RunTime:0.0006s ]
SQL: SELECT COUNT(*) AS tp_count FROM `tp_message` LIMIT 1   [ RunTime:0.0002s ]
SQL: SELECT * FROM `tp_message` WHERE `id` LIKE '%%' ORDER BY id LIMIT 0,2   [ RunTime:0.0002s ]

[ 2018-05-25T09:51:37+08:00 ] ::1 /lab08/index.php/Home/Index/homework/p/3.html
INFO: [ app_init ] --START--
INFO: Run Behavior\BuildLiteBehavior [ RunTime:0.000048s ]
INFO: [ app_init ] --END-- [ RunTime:0.000781s ]

[ 2018-05-25T09:51:39+08:00 ] ::1 /lab08/index.php/Home/Index/order
INFO: [ app_init ] --START--
INFO: Run Behavior\BuildLiteBehavior [ RunTime:0.000028s ]
INFO: [ app_init ] --END-- [ RunTime:0.000449s ]
INFO: [ app_begin ] --START--
INFO: Run Behavior\ReadHtmlCacheBehavior [ RunTime:0.000435s ]
INFO: [ app_begin ] --END-- [ RunTime:0.000549s ]
SQL: SHOW COLUMNS FROM `tp_message` [ RunTime:0.0006s ]
SQL: SELECT COUNT(*) AS tp_count FROM `tp_message` LIMIT 1   [ RunTime:0.0002s ]
SQL: SELECT * FROM `tp_message` WHERE `id` LIKE '%%' ORDER BY title LIMIT 0,2   [ RunTime:0.0003s ]

[ 2018-05-25T09:51:41+08:00 ] ::1 /lab08/index.php/Home/Index/homework/p/4.html
INFO: [ app_init ] --START--
INFO: Run Behavior\BuildLiteBehavior [ RunTime:0.000029s ]
INFO: [ app_init ] --END-- [ RunTime:0.000445s ]

[ 2018-05-25T09:51:42+08:00 ] ::1 /lab08/index.php/Home/Index/homework/p/5.html
INFO: [ app_init ] --START--
INFO: Run Behavior\BuildLiteBehavior [ RunTime:0.000031s ]
INFO: [ app_init ] --END-- [ RunTime:0.000454s ]

[ 2018-05-25T09:51:44+08:00 ] ::1 /lab08/index.php/Home/Index/homework/p/2.html
INFO: [ app_init ] --START--
INFO: Run Behavior\BuildLiteBehavior [ RunTime:0.000030s ]
INFO: [ app_init ] --END-- [ RunTime:0.000451s ]

[ 2018-05-25T09:56:35+08:00 ] ::1 /lab08/index.php/Home/Index/order
INFO: [ app_init ] --START--
INFO: Run Behavior\BuildLiteBehavior [ RunTime:0.000027s ]
INFO: [ app_init ] --END-- [ RunTime:0.000483s ]
INFO: [ app_begin ] --START--
INFO: Run Behavior\ReadHtmlCacheBehavior [ RunTime:0.000542s ]
INFO: [ app_begin ] --END-- [ RunTime:0.000657s ]
SQL: SHOW COLUMNS FROM `tp_message` [ RunTime:0.0006s ]
SQL: SELECT COUNT(*) AS tp_count FROM `tp_message` LIMIT 1   [ RunTime:0.0002s ]
SQL: SELECT * FROM `tp_message` WHERE `id` LIKE '%%' ORDER BY content LIMIT 0,2   [ RunTime:0.0003s ]

[ 2018-05-25T09:56:37+08:00 ] ::1 /lab08/index.php/Home/Index/homework/p/3.html
INFO: [ app_init ] --START--
INFO: Run Behavior\BuildLiteBehavior [ RunTime:0.000029s ]
INFO: [ app_init ] --END-- [ RunTime:0.000447s ]

[ 2018-05-25T09:56:38+08:00 ] ::1 /lab08/index.php/Home/Index/homework/p/4.html
INFO: [ app_init ] --START--
INFO: Run Behavior\BuildLiteBehavior [ RunTime:0.000028s ]
INFO: [ app_init ] --END-- [ RunTime:0.000436s ]

[ 2018-05-25T09:56:40+08:00 ] ::1 /lab08/index.php/Home/Index/order
INFO: [ app_init ] --START--
INFO: Run Behavior\BuildLiteBehavior [ RunTime:0.000028s ]
INFO: [ app_init ] --END-- [ RunTime:0.000461s ]
INFO: [ app_begin ] --START--
INFO: Run Behavior\ReadHtmlCacheBehavior [ RunTime:0.000477s ]
INFO: [ app_begin ] --END-- [ RunTime:0.000598s ]
SQL: SHOW COLUMNS FROM `tp_message` [ RunTime:0.0006s ]
SQL: SELECT COUNT(*) AS tp_count FROM `tp_message` LIMIT 1   [ RunTime:0.0002s ]
SQL: SELECT * FROM `tp_message` WHERE `id` LIKE '%%' ORDER BY id LIMIT 0,2   [ RunTime:0.0003s ]

[ 2018-05-25T09:56:42+08:00 ] ::1 /lab08/index.php/Home/Index/order
INFO: [ app_init ] --START--
INFO: Run Behavior\BuildLiteBehavior [ RunTime:0.000044s ]
INFO: [ app_init ] --END-- [ RunTime:0.000450s ]
INFO: [ app_begin ] --START--
INFO: Run Behavior\ReadHtmlCacheBehavior [ RunTime:0.000458s ]
INFO: [ app_begin ] --END-- [ RunTime:0.000574s ]
SQL: SHOW COLUMNS FROM `tp_message` [ RunTime:0.0006s ]
SQL: SELECT COUNT(*) AS tp_count FROM `tp_message` LIMIT 1   [ RunTime:0.0002s ]
SQL: SELECT * FROM `tp_message` WHERE `id` LIKE '%%' ORDER BY id LIMIT 0,2   [ RunTime:0.0003s ]

[ 2018-05-25T09:56:44+08:00 ] ::1 /lab08/index.php/Home/Index/edit?id=26
INFO: [ app_init ] --START--
INFO: Run Behavior\BuildLiteBehavior [ RunTime:0.000028s ]
INFO: [ app_init ] --END-- [ RunTime:0.000433s ]
ERR: 非法操作:edit

[ 2018-05-25T09:59:19+08:00 ] ::1 /lab08/index.php/Home/Index/homework/p/5.html
INFO: [ app_init ] --START--
INFO: Run Behavior\BuildLiteBehavior [ RunTime:0.000028s ]
INFO: [ app_init ] --END-- [ RunTime:0.000475s ]

[ 2018-05-25T09:59:21+08:00 ] ::1 /lab08/index.php/Home/Index/homework/p/1.html
INFO: [ app_init ] --START--
INFO: Run Behavior\BuildLiteBehavior [ RunTime:0.000029s ]
INFO: [ app_init ] --END-- [ RunTime:0.000441s ]

[ 2018-05-25T11:17:11+08:00 ] ::1 /lab08/index.php/Home/Index/homework
INFO: [ app_init ] --START--
INFO: Run Behavior\BuildLiteBehavior [ RunTime:0.000037s ]
INFO: [ app_init ] --END-- [ RunTime:0.000498s ]

[ 2018-05-25T11:17:13+08:00 ] ::1 /lab08/index.php/Home/Index/edit?id=
INFO: [ app_init ] --START--
INFO: Run Behavior\BuildLiteBehavior [ RunTime:0.000029s ]
INFO: [ app_init ] --END-- [ RunTime:0.000451s ]

[ 2018-05-25T11:22:51+08:00 ] ::1 /lab08/index.php/Home/Index/order
INFO: [ app_init ] --START--
INFO: Run Behavior\BuildLiteBehavior [ RunTime:0.000031s ]
INFO: [ app_init ] --END-- [ RunTime:0.000499s ]
INFO: [ app_begin ] --START--
INFO: Run Behavior\ReadHtmlCacheBehavior [ RunTime:0.000546s ]
INFO: [ app_begin ] --END-- [ RunTime:0.000663s ]
SQL: SHOW COLUMNS FROM `tp_message` [ RunTime:0.0006s ]
SQL: SELECT COUNT(*) AS tp_count FROM `tp_message` LIMIT 1   [ RunTime:0.0002s ]
SQL: SELECT * FROM `tp_message` WHERE `id` LIKE '%%' ORDER BY id LIMIT 0,2   [ RunTime:0.0003s ]

[ 2018-05-25T11:22:52+08:00 ] ::1 /lab08/index.php/Home/Index/edit?id=26
INFO: [ app_init ] --START--
INFO: Run Behavior\BuildLiteBehavior [ RunTime:0.000030s ]
INFO: [ app_init ] --END-- [ RunTime:0.000449s ]

[ 2018-05-25T11:23:03+08:00 ] ::1 /lab08/index.php/Home/Index/updateMessage
INFO: [ app_init ] --START--
INFO: Run Behavior\BuildLiteBehavior [ RunTime:0.000029s ]
INFO: [ app_init ] --END-- [ RunTime:0.000448s ]

[ 2018-05-25T11:23:03+08:00 ] ::1 /lab08/index.php/Home/Index/message
INFO: [ app_init ] --START--
INFO: Run Behavior\BuildLiteBehavior [ RunTime:0.000033s ]
INFO: [ app_init ] --END-- [ RunTime:0.000585s ]
ERR: 非法操作:message

[ 2018-05-25T11:23:09+08:00 ] ::1 /lab08/index.php/Home/Index/message
INFO: [ app_init ] --START--
INFO: Run Behavior\BuildLiteBehavior [ RunTime:0.000028s ]
INFO: [ app_init ] --END-- [ RunTime:0.000478s ]
ERR: 非法操作:message

[ 2018-05-25T11:23:49+08:00 ] ::1 /lab08/index.php/Home/Index/message
INFO: [ app_init ] --START--
INFO: Run Behavior\BuildLiteBehavior [ RunTime:0.000031s ]
INFO: [ app_init ] --END-- [ RunTime:0.000450s ]
ERR: 非法操作:message

[ 2018-05-25T11:23:50+08:00 ] ::1 /lab08/index.php/Home/Index/message
INFO: [ app_init ] --START--
INFO: Run Behavior\BuildLiteBehavior [ RunTime:0.000032s ]
INFO: [ app_init ] --END-- [ RunTime:0.000498s ]
ERR: 非法操作:message

[ 2018-05-25T11:24:05+08:00 ] ::1 /lab08/index.php/Home/Index/homework/p/1.html
INFO: [ app_init ] --START--
INFO: Run Behavior\BuildLiteBehavior [ RunTime:0.000046s ]
INFO: [ app_init ] --END-- [ RunTime:0.000810s ]

[ 2018-05-25T11:24:08+08:00 ] ::1 /lab08/index.php/Home/Index/order
INFO: [ app_init ] --START--
INFO: Run Behavior\BuildLiteBehavior [ RunTime:0.000030s ]
INFO: [ app_init ] --END-- [ RunTime:0.000452s ]
INFO: [ app_begin ] --START--
INFO: Run Behavior\ReadHtmlCacheBehavior [ RunTime:0.000479s ]
INFO: [ app_begin ] --END-- [ RunTime:0.000597s ]
SQL: SHOW COLUMNS FROM `tp_message` [ RunTime:0.0006s ]
SQL: SELECT COUNT(*) AS tp_count FROM `tp_message` LIMIT 1   [ RunTime:0.0002s ]
SQL: SELECT * FROM `tp_message` WHERE `id` LIKE '%%' ORDER BY id LIMIT 0,2   [ RunTime:0.0003s ]

[ 2018-05-25T11:24:10+08:00 ] ::1 /lab08/index.php/Home/Index/edit?id=26
INFO: [ app_init ] --START--
INFO: Run Behavior\BuildLiteBehavior [ RunTime:0.000028s ]
INFO: [ app_init ] --END-- [ RunTime:0.000482s ]

[ 2018-05-25T11:24:13+08:00 ] ::1 /lab08/index.php/Home/Index/updateMessage
INFO: [ app_init ] --START--
INFO: Run Behavior\BuildLiteBehavior [ RunTime:0.000027s ]
INFO: [ app_init ] --END-- [ RunTime:0.000433s ]

[ 2018-05-25T11:24:13+08:00 ] ::1 /lab08/index.php/Home/Index/homework
INFO: [ app_init ] --START--
INFO: Run Behavior\BuildLiteBehavior [ RunTime:0.000028s ]
INFO: [ app_init ] --END-- [ RunTime:0.000439s ]

[ 2018-05-25T11:29:05+08:00 ] ::1 /lab08/index.php/Home/Index/homework
INFO: [ app_init ] --START--
INFO: Run Behavior\BuildLiteBehavior [ RunTime:0.000030s ]
INFO: [ app_init ] --END-- [ RunTime:0.000516s ]

[ 2018-05-25T11:29:30+08:00 ] ::1 /lab08/index.php/Home/Index/order
INFO: [ app_init ] --START--
INFO: Run Behavior\BuildLiteBehavior [ RunTime:0.000026s ]
INFO: [ app_init ] --END-- [ RunTime:0.000432s ]
INFO: [ app_begin ] --START--
INFO: Run Behavior\ReadHtmlCacheBehavior [ RunTime:0.000438s ]
INFO: [ app_begin ] --END-- [ RunTime:0.000552s ]
SQL: SHOW COLUMNS FROM `tp_message` [ RunTime:0.0006s ]
SQL: SELECT COUNT(*) AS tp_count FROM `tp_message` LIMIT 1   [ RunTime:0.0002s ]
ERR: 1054:Unknown column 'author' in 'order clause'
 [ SQL语句 ] : SELECT * FROM `tp_message` WHERE `id` LIKE '%%' ORDER BY author LIMIT 0,2  
ERR: 1054:Unknown column 'author' in 'order clause'
 [ SQL语句 ] : SELECT * FROM `tp_message` WHERE `id` LIKE '%%' ORDER BY author LIMIT 0,2  

[ 2018-05-25T11:29:39+08:00 ] ::1 /lab08/index.php/Home/Index/order
INFO: [ app_init ] --START--
INFO: Run Behavior\BuildLiteBehavior [ RunTime:0.000028s ]
INFO: [ app_init ] --END-- [ RunTime:0.000479s ]
INFO: [ app_begin ] --START--
INFO: Run Behavior\ReadHtmlCacheBehavior [ RunTime:0.000542s ]
INFO: [ app_begin ] --END-- [ RunTime:0.000659s ]
SQL: SHOW COLUMNS FROM `tp_message` [ RunTime:0.0006s ]
SQL: SELECT COUNT(*) AS tp_count FROM `tp_message` LIMIT 1   [ RunTime:0.0002s ]
SQL: SELECT * FROM `tp_message` WHERE `id` LIKE '%%' ORDER BY time LIMIT 0,2   [ RunTime:0.0003s ]

[ 2018-05-25T11:30:09+08:00 ] ::1 /lab08/index.php/Home/Index/order
INFO: [ app_init ] --START--
INFO: Run Behavior\BuildLiteBehavior [ RunTime:0.000027s ]
INFO: [ app_init ] --END-- [ RunTime:0.000438s ]
INFO: [ app_begin ] --START--
INFO: Run Behavior\ReadHtmlCacheBehavior [ RunTime:0.000449s ]
INFO: [ app_begin ] --END-- [ RunTime:0.000566s ]
SQL: SHOW COLUMNS FROM `tp_message` [ RunTime:0.0006s ]
SQL: SELECT COUNT(*) AS tp_count FROM `tp_message` LIMIT 1   [ RunTime:0.0002s ]
SQL: SELECT * FROM `tp_message` WHERE `content` LIKE '%这是%' ORDER BY time LIMIT 0,2   [ RunTime:0.0003s ]

[ 2018-05-25T11:30:10+08:00 ] ::1 /lab08/index.php/Home/Index/order
INFO: [ app_init ] --START--
INFO: Run Behavior\BuildLiteBehavior [ RunTime:0.000027s ]
INFO: [ app_init ] --END-- [ RunTime:0.000425s ]
INFO: [ app_begin ] --START--
INFO: Run Behavior\ReadHtmlCacheBehavior [ RunTime:0.000426s ]
INFO: [ app_begin ] --END-- [ RunTime:0.000539s ]
SQL: SHOW COLUMNS FROM `tp_message` [ RunTime:0.0006s ]
SQL: SELECT COUNT(*) AS tp_count FROM `tp_message` LIMIT 1   [ RunTime:0.0002s ]
SQL: SELECT * FROM `tp_message` WHERE `content` LIKE '%这是%' ORDER BY time LIMIT 0,2   [ RunTime:0.0003s ]

[ 2018-05-25T11:30:10+08:00 ] ::1 /lab08/index.php/Home/Index/order
INFO: [ app_init ] --START--
INFO: Run Behavior\BuildLiteBehavior [ RunTime:0.000026s ]
INFO: [ app_init ] --END-- [ RunTime:0.000439s ]
INFO: [ app_begin ] --START--
INFO: Run Behavior\ReadHtmlCacheBehavior [ RunTime:0.000430s ]
INFO: [ app_begin ] --END-- [ RunTime:0.000545s ]
SQL: SHOW COLUMNS FROM `tp_message` [ RunTime:0.0006s ]
SQL: SELECT COUNT(*) AS tp_count FROM `tp_message` LIMIT 1   [ RunTime:0.0002s ]
SQL: SELECT * FROM `tp_message` WHERE `content` LIKE '%这是%' ORDER BY time LIMIT 0,2   [ RunTime:0.0003s ]

[ 2018-05-25T11:30:10+08:00 ] ::1 /lab08/index.php/Home/Index/order
INFO: [ app_init ] --START--
INFO: Run Behavior\BuildLiteBehavior [ RunTime:0.000026s ]
INFO: [ app_init ] --END-- [ RunTime:0.000433s ]
INFO: [ app_begin ] --START--
INFO: Run Behavior\ReadHtmlCacheBehavior [ RunTime:0.000430s ]
INFO: [ app_begin ] --END-- [ RunTime:0.000551s ]
SQL: SHOW COLUMNS FROM `tp_message` [ RunTime:0.0006s ]
SQL: SELECT COUNT(*) AS tp_count FROM `tp_message` LIMIT 1   [ RunTime:0.0002s ]
SQL: SELECT * FROM `tp_message` WHERE `content` LIKE '%这是%' ORDER BY time LIMIT 0,2   [ RunTime:0.0003s ]

[ 2018-05-25T11:30:16+08:00 ] ::1 /lab08/index.php/Home/Index/order
INFO: [ app_init ] --START--
INFO: Run Behavior\BuildLiteBehavior [ RunTime:0.000026s ]
INFO: [ app_init ] --END-- [ RunTime:0.000439s ]
INFO: [ app_begin ] --START--
INFO: Run Behavior\ReadHtmlCacheBehavior [ RunTime:0.000434s ]
INFO: [ app_begin ] --END-- [ RunTime:0.000550s ]
SQL: SHOW COLUMNS FROM `tp_message` [ RunTime:0.0005s ]
SQL: SELECT COUNT(*) AS tp_count FROM `tp_message` LIMIT 1   [ RunTime:0.0002s ]
SQL: SELECT * FROM `tp_message` WHERE `content` LIKE '%测试%' ORDER BY time LIMIT 0,2   [ RunTime:0.0003s ]

[ 2018-05-25T11:30:18+08:00 ] ::1 /lab08/index.php/Home/Index/homework
INFO: [ app_init ] --START--
INFO: Run Behavior\BuildLiteBehavior [ RunTime:0.000043s ]
INFO: [ app_init ] --END-- [ RunTime:0.000653s ]

[ 2018-05-25T11:30:25+08:00 ] ::1 /lab08/index.php/Home/Index/order
INFO: [ app_init ] --START--
INFO: Run Behavior\BuildLiteBehavior [ RunTime:0.000030s ]
INFO: [ app_init ] --END-- [ RunTime:0.000451s ]
INFO: [ app_begin ] --START--
INFO: Run Behavior\ReadHtmlCacheBehavior [ RunTime:0.000441s ]
INFO: [ app_begin ] --END-- [ RunTime:0.000555s ]
SQL: SHOW COLUMNS FROM `tp_message` [ RunTime:0.0005s ]
SQL: SELECT COUNT(*) AS tp_count FROM `tp_message` LIMIT 1   [ RunTime:0.0002s ]
SQL: SELECT * FROM `tp_message` WHERE `title` LIKE '%测试%' ORDER BY id LIMIT 0,2   [ RunTime:0.0003s ]

[ 2018-05-25T11:30:46+08:00 ] ::1 /lab08/index.php/Home/Index/del4
INFO: [ app_init ] --START--
INFO: Run Behavior\BuildLiteBehavior [ RunTime:0.000027s ]
INFO: [ app_init ] --END-- [ RunTime:0.000489s ]
INFO: [ app_begin ] --START--
INFO: Run Behavior\ReadHtmlCacheBehavior [ RunTime:0.000430s ]
INFO: [ app_begin ] --END-- [ RunTime:0.000545s ]
SQL: SHOW COLUMNS FROM `tp_message` [ RunTime:0.0006s ]
SQL: DELETE FROM `tp_message` WHERE `id` = 31 [ RunTime:0.0003s ]

[ 2018-05-25T11:30:52+08:00 ] ::1 /lab08/index.php/Home/Index/homework
INFO: [ app_init ] --START--
INFO: Run Behavior\BuildLiteBehavior [ RunTime:0.000030s ]
INFO: [ app_init ] --END-- [ RunTime:0.000456s ]

[ 2018-05-25T11:30:54+08:00 ] ::1 /lab08/index.php/Home/Index/del4
INFO: [ app_init ] --START--
INFO: Run Behavior\BuildLiteBehavior [ RunTime:0.000026s ]
INFO: [ app_init ] --END-- [ RunTime:0.000431s ]
INFO: [ app_begin ] --START--
INFO: Run Behavior\ReadHtmlCacheBehavior [ RunTime:0.000431s ]
INFO: [ app_begin ] --END-- [ RunTime:0.000545s ]
SQL: SHOW COLUMNS FROM `tp_message` [ RunTime:0.0006s ]
SQL: DELETE FROM `tp_message` WHERE `id` = 26 [ RunTime:0.0003s ]

[ 2018-05-25T11:30:58+08:00 ] ::1 /lab08/index.php/Home/Index/del4
INFO: [ app_init ] --START--
INFO: Run Behavior\BuildLiteBehavior [ RunTime:0.000027s ]
INFO: [ app_init ] --END-- [ RunTime:0.000434s ]
INFO: [ app_begin ] --START--
INFO: Run Behavior\ReadHtmlCacheBehavior [ RunTime:0.000432s ]
INFO: [ app_begin ] --END-- [ RunTime:0.000546s ]
SQL: SHOW COLUMNS FROM `tp_message` [ RunTime:0.0006s ]
SQL: DELETE FROM `tp_message` WHERE `id` = 26 [ RunTime:0.0002s ]

[ 2018-05-25T11:31:02+08:00 ] ::1 /lab08/index.php/Home/Index/homework
INFO: [ app_init ] --START--
INFO: Run Behavior\BuildLiteBehavior [ RunTime:0.000051s ]
INFO: [ app_init ] --END-- [ RunTime:0.000697s ]

[ 2018-05-25T11:31:03+08:00 ] ::1 /lab08/index.php/Home/Index/del4
INFO: [ app_init ] --START--
INFO: Run Behavior\BuildLiteBehavior [ RunTime:0.000027s ]
INFO: [ app_init ] --END-- [ RunTime:0.000433s ]
INFO: [ app_begin ] --START--
INFO: Run Behavior\ReadHtmlCacheBehavior [ RunTime:0.000437s ]
INFO: [ app_begin ] --END-- [ RunTime:0.000554s ]
SQL: SHOW COLUMNS FROM `tp_message` [ RunTime:0.0006s ]
SQL: DELETE FROM `tp_message` WHERE `id` = 32 [ RunTime:0.0003s ]

[ 2018-05-25T11:31:22+08:00 ] ::1 /lab08/index.php/Home/Index/edit?id=
INFO: [ app_init ] --START--
INFO: Run Behavior\BuildLiteBehavior [ RunTime:0.000029s ]
INFO: [ app_init ] --END-- [ RunTime:0.000495s ]

[ 2018-05-25T11:31:29+08:00 ] ::1 /lab08/index.php/Home/Index/order
INFO: [ app_init ] --START--
INFO: Run Behavior\BuildLiteBehavior [ RunTime:0.000026s ]
INFO: [ app_init ] --END-- [ RunTime:0.000429s ]
INFO: [ app_begin ] --START--
INFO: Run Behavior\ReadHtmlCacheBehavior [ RunTime:0.000433s ]
INFO: [ app_begin ] --END-- [ RunTime:0.000547s ]
SQL: SHOW COLUMNS FROM `tp_message` [ RunTime:0.0006s ]
SQL: SELECT COUNT(*) AS tp_count FROM `tp_message` LIMIT 1   [ RunTime:0.0002s ]
SQL: SELECT * FROM `tp_message` WHERE `id` LIKE '%%' ORDER BY title LIMIT 0,2   [ RunTime:0.0003s ]

[ 2018-05-25T11:31:30+08:00 ] ::1 /lab08/index.php/Home/Index/edit?id=37
INFO: [ app_init ] --START--
INFO: Run Behavior\BuildLiteBehavior [ RunTime:0.000029s ]
INFO: [ app_init ] --END-- [ RunTime:0.000440s ]

[ 2018-05-25T11:31:55+08:00 ] ::1 /lab08/index.php/Home/Index/updateMessage
INFO: [ app_init ] --START--
INFO: Run Behavior\BuildLiteBehavior [ RunTime:0.000027s ]
INFO: [ app_init ] --END-- [ RunTime:0.000475s ]

[ 2018-05-25T11:31:55+08:00 ] ::1 /lab08/index.php/Home/Index/homework
INFO: [ app_init ] --START--
INFO: Run Behavior\BuildLiteBehavior [ RunTime:0.000028s ]
INFO: [ app_init ] --END-- [ RunTime:0.000437s ]

[ 2018-05-25T11:31:57+08:00 ] ::1 /lab08/index.php/Home/Index/homework/p/3.html
INFO: [ app_init ] --START--
INFO: Run Behavior\BuildLiteBehavior [ RunTime:0.000028s ]
INFO: [ app_init ] --END-- [ RunTime:0.000430s ]

[ 2018-05-25T11:32:02+08:00 ] ::1 /lab08/index.php/Home/Index/homework/p/4.html
INFO: [ app_init ] --START--
INFO: Run Behavior\BuildLiteBehavior [ RunTime:0.000028s ]
INFO: [ app_init ] --END-- [ RunTime:0.000433s ]

[ 2018-05-25T11:32:04+08:00 ] ::1 /lab08/index.php/Home/Index/homework/p/3.html
INFO: [ app_init ] --START--
INFO: Run Behavior\BuildLiteBehavior [ RunTime:0.000026s ]
INFO: [ app_init ] --END-- [ RunTime:0.000429s ]

[ 2018-05-25T11:32:16+08:00 ] ::1 /lab08/index.php/Home/Index/addMsg
INFO: [ app_init ] --START--
INFO: Run Behavior\BuildLiteBehavior [ RunTime:0.000029s ]
INFO: [ app_init ] --END-- [ RunTime:0.000439s ]

[ 2018-05-25T11:32:17+08:00 ] ::1 /lab08/index.php/Home/public/verify.html
INFO: [ app_init ] --START--
INFO: Run Behavior\BuildLiteBehavior [ RunTime:0.000038s ]
INFO: [ app_init ] --END-- [ RunTime:0.000598s ]

[ 2018-05-25T11:32:45+08:00 ] ::1 /lab08/index.php/Home/Index/addMessage
INFO: [ app_init ] --START--
INFO: Run Behavior\BuildLiteBehavior [ RunTime:0.000029s ]
INFO: [ app_init ] --END-- [ RunTime:0.000443s ]

[ 2018-05-25T11:32:45+08:00 ] ::1 /lab08/index.php/Home/Index/homework
INFO: [ app_init ] --START--
INFO: Run Behavior\BuildLiteBehavior [ RunTime:0.000028s ]
INFO: [ app_init ] --END-- [ RunTime:0.000440s ]

[ 2018-05-25T11:32:47+08:00 ] ::1 /lab08/index.php/Home/Index/homework/p/4.html
INFO: [ app_init ] --START--
INFO: Run Behavior\BuildLiteBehavior [ RunTime:0.000027s ]
INFO: [ app_init ] --END-- [ RunTime:0.000432s ]

[ 2018-05-25T11:36:10+08:00 ] ::1 /lab08/index.php/Home/Index/addMsg
INFO: [ app_init ] --START--
INFO: Run Behavior\BuildLiteBehavior [ RunTime:0.000029s ]
INFO: [ app_init ] --END-- [ RunTime:0.000488s ]

[ 2018-05-25T11:36:10+08:00 ] ::1 /lab08/index.php/Home/public/verify.html
INFO: [ app_init ] --START--
INFO: Run Behavior\BuildLiteBehavior [ RunTime:0.000024s ]
INFO: [ app_init ] --END-- [ RunTime:0.000412s ]

