[ 2018-05-22T19:40:17+08:00 ] ::1 /lab08/index.php/home/index/homework
INFO: [ app_init ] --START--
INFO: Run Behavior\BuildLiteBehavior [ RunTime:0.000077s ]
INFO: [ app_init ] --END-- [ RunTime:0.021263s ]

[ 2018-05-22T19:40:20+08:00 ] ::1 /lab08/index.php/Home/Index/order
INFO: [ app_init ] --START--
INFO: Run Behavior\BuildLiteBehavior [ RunTime:0.000026s ]
INFO: [ app_init ] --END-- [ RunTime:0.000433s ]
INFO: [ app_begin ] --START--
INFO: Run Behavior\ReadHtmlCacheBehavior [ RunTime:0.000444s ]
INFO: [ app_begin ] --END-- [ RunTime:0.000539s ]
SQL: SHOW COLUMNS FROM `tp_message` [ RunTime:0.0009s ]
SQL: SELECT * FROM `tp_message` ORDER BY title  [ RunTime:0.0003s ]

[ 2018-05-22T19:50:02+08:00 ] ::1 /lab08/index.php/home/index/homework
INFO: [ app_init ] --START--
INFO: Run Behavior\BuildLiteBehavior [ RunTime:0.000056s ]
INFO: [ app_init ] --END-- [ RunTime:0.000920s ]

[ 2018-05-22T19:50:03+08:00 ] ::1 /lab08/index.php/Home/Index/order
INFO: [ app_init ] --START--
INFO: Run Behavior\BuildLiteBehavior [ RunTime:0.000024s ]
INFO: [ app_init ] --END-- [ RunTime:0.000438s ]
INFO: [ app_begin ] --START--
INFO: Run Behavior\ReadHtmlCacheBehavior [ RunTime:0.000442s ]
INFO: [ app_begin ] --END-- [ RunTime:0.000538s ]
SQL: SHOW COLUMNS FROM `tp_message` [ RunTime:0.0006s ]
SQL: SELECT * FROM `tp_message` ORDER BY title  [ RunTime:0.0002s ]

[ 2018-05-22T19:50:04+08:00 ] ::1 /lab08/index.php/Home/Index/order
INFO: [ app_init ] --START--
INFO: Run Behavior\BuildLiteBehavior [ RunTime:0.000027s ]
INFO: [ app_init ] --END-- [ RunTime:0.000436s ]
INFO: [ app_begin ] --START--
INFO: Run Behavior\ReadHtmlCacheBehavior [ RunTime:0.000429s ]
INFO: [ app_begin ] --END-- [ RunTime:0.000543s ]
SQL: SHOW COLUMNS FROM `tp_message` [ RunTime:0.0008s ]
SQL: SELECT * FROM `tp_message` ORDER BY title  [ RunTime:0.0003s ]

[ 2018-05-22T19:50:05+08:00 ] ::1 /lab08/index.php/Home/Index/order
INFO: [ app_init ] --START--
INFO: Run Behavior\BuildLiteBehavior [ RunTime:0.000028s ]
INFO: [ app_init ] --END-- [ RunTime:0.000447s ]
INFO: [ app_begin ] --START--
INFO: Run Behavior\ReadHtmlCacheBehavior [ RunTime:0.000431s ]
INFO: [ app_begin ] --END-- [ RunTime:0.000547s ]
SQL: SHOW COLUMNS FROM `tp_message` [ RunTime:0.0008s ]
SQL: SELECT * FROM `tp_message` ORDER BY title  [ RunTime:0.0003s ]

[ 2018-05-22T19:50:05+08:00 ] ::1 /lab08/index.php/Home/Index/order
INFO: [ app_init ] --START--
INFO: Run Behavior\BuildLiteBehavior [ RunTime:0.000031s ]
INFO: [ app_init ] --END-- [ RunTime:0.000439s ]
INFO: [ app_begin ] --START--
INFO: Run Behavior\ReadHtmlCacheBehavior [ RunTime:0.000428s ]
INFO: [ app_begin ] --END-- [ RunTime:0.000541s ]
SQL: SHOW COLUMNS FROM `tp_message` [ RunTime:0.0007s ]
SQL: SELECT * FROM `tp_message` ORDER BY title  [ RunTime:0.0003s ]

[ 2018-05-22T19:50:06+08:00 ] ::1 /lab08/index.php/home/index/homework
INFO: [ app_init ] --START--
INFO: Run Behavior\BuildLiteBehavior [ RunTime:0.000026s ]
INFO: [ app_init ] --END-- [ RunTime:0.000355s ]

[ 2018-05-22T19:50:07+08:00 ] ::1 /lab08/index.php/Home/Index/order
INFO: [ app_init ] --START--
INFO: Run Behavior\BuildLiteBehavior [ RunTime:0.000028s ]
INFO: [ app_init ] --END-- [ RunTime:0.000486s ]
INFO: [ app_begin ] --START--
INFO: Run Behavior\ReadHtmlCacheBehavior [ RunTime:0.000565s ]
INFO: [ app_begin ] --END-- [ RunTime:0.000706s ]
SQL: SHOW COLUMNS FROM `tp_message` [ RunTime:0.0008s ]
SQL: SELECT * FROM `tp_message` ORDER BY title  [ RunTime:0.0003s ]

[ 2018-05-22T19:51:27+08:00 ] ::1 /lab08/index.php/home/index/homework
INFO: [ app_init ] --START--
INFO: Run Behavior\BuildLiteBehavior [ RunTime:0.000039s ]
INFO: [ app_init ] --END-- [ RunTime:0.000660s ]

[ 2018-05-22T19:51:28+08:00 ] ::1 /lab08/index.php/Home/Index/order
INFO: [ app_init ] --START--
INFO: Run Behavior\BuildLiteBehavior [ RunTime:0.000032s ]
INFO: [ app_init ] --END-- [ RunTime:0.000439s ]
INFO: [ app_begin ] --START--
INFO: Run Behavior\ReadHtmlCacheBehavior [ RunTime:0.000428s ]
INFO: [ app_begin ] --END-- [ RunTime:0.000541s ]
SQL: SHOW COLUMNS FROM `tp_message` [ RunTime:0.0009s ]
SQL: SELECT * FROM `tp_message` ORDER BY title  [ RunTime:0.0003s ]

[ 2018-05-22T19:51:28+08:00 ] ::1 /lab08/index.php/Home/Index/order
INFO: [ app_init ] --START--
INFO: Run Behavior\BuildLiteBehavior [ RunTime:0.000028s ]
INFO: [ app_init ] --END-- [ RunTime:0.000428s ]
INFO: [ app_begin ] --START--
INFO: Run Behavior\ReadHtmlCacheBehavior [ RunTime:0.000425s ]
INFO: [ app_begin ] --END-- [ RunTime:0.000540s ]
SQL: SHOW COLUMNS FROM `tp_message` [ RunTime:0.0008s ]
SQL: SELECT * FROM `tp_message` ORDER BY title  [ RunTime:0.0003s ]

[ 2018-05-22T19:51:28+08:00 ] ::1 /lab08/index.php/Home/Index/order
INFO: [ app_init ] --START--
INFO: Run Behavior\BuildLiteBehavior [ RunTime:0.000028s ]
INFO: [ app_init ] --END-- [ RunTime:0.000433s ]
INFO: [ app_begin ] --START--
INFO: Run Behavior\ReadHtmlCacheBehavior [ RunTime:0.000427s ]
INFO: [ app_begin ] --END-- [ RunTime:0.000545s ]
SQL: SHOW COLUMNS FROM `tp_message` [ RunTime:0.0005s ]
SQL: SELECT * FROM `tp_message` ORDER BY title  [ RunTime:0.0003s ]

[ 2018-05-22T19:52:43+08:00 ] ::1 /lab08/index.php/home/index/homework
INFO: [ app_init ] --START--
INFO: Run Behavior\BuildLiteBehavior [ RunTime:0.000034s ]
INFO: [ app_init ] --END-- [ RunTime:0.000514s ]

[ 2018-05-22T19:52:44+08:00 ] ::1 /lab08/index.php/Home/Index/order
INFO: [ app_init ] --START--
INFO: Run Behavior\BuildLiteBehavior [ RunTime:0.000030s ]
INFO: [ app_init ] --END-- [ RunTime:0.000444s ]
INFO: [ app_begin ] --START--
INFO: Run Behavior\ReadHtmlCacheBehavior [ RunTime:0.000453s ]
INFO: [ app_begin ] --END-- [ RunTime:0.000571s ]
SQL: SHOW COLUMNS FROM `tp_message` [ RunTime:0.0007s ]
SQL: SELECT * FROM `tp_message` ORDER BY title  [ RunTime:0.0003s ]

[ 2018-05-22T19:52:45+08:00 ] ::1 /lab08/index.php/Home/Index/order
INFO: [ app_init ] --START--
INFO: Run Behavior\BuildLiteBehavior [ RunTime:0.000028s ]
INFO: [ app_init ] --END-- [ RunTime:0.000477s ]
INFO: [ app_begin ] --START--
INFO: Run Behavior\ReadHtmlCacheBehavior [ RunTime:0.000503s ]
INFO: [ app_begin ] --END-- [ RunTime:0.000624s ]
SQL: SHOW COLUMNS FROM `tp_message` [ RunTime:0.0008s ]
SQL: SELECT * FROM `tp_message` ORDER BY title  [ RunTime:0.0003s ]

[ 2018-05-22T19:52:45+08:00 ] ::1 /lab08/index.php/Home/Index/order
INFO: [ app_init ] --START--
INFO: Run Behavior\BuildLiteBehavior [ RunTime:0.000029s ]
INFO: [ app_init ] --END-- [ RunTime:0.000438s ]
INFO: [ app_begin ] --START--
INFO: Run Behavior\ReadHtmlCacheBehavior [ RunTime:0.000482s ]
INFO: [ app_begin ] --END-- [ RunTime:0.000664s ]
SQL: SHOW COLUMNS FROM `tp_message` [ RunTime:0.0006s ]
SQL: SELECT * FROM `tp_message` ORDER BY title  [ RunTime:0.0003s ]

[ 2018-05-22T19:52:46+08:00 ] ::1 /lab08/index.php/Home/Index/order
INFO: [ app_init ] --START--
INFO: Run Behavior\BuildLiteBehavior [ RunTime:0.000030s ]
INFO: [ app_init ] --END-- [ RunTime:0.000444s ]
INFO: [ app_begin ] --START--
INFO: Run Behavior\ReadHtmlCacheBehavior [ RunTime:0.000440s ]
INFO: [ app_begin ] --END-- [ RunTime:0.000554s ]
SQL: SHOW COLUMNS FROM `tp_message` [ RunTime:0.0006s ]
SQL: SELECT * FROM `tp_message` ORDER BY title  [ RunTime:0.0003s ]

[ 2018-05-22T19:52:49+08:00 ] ::1 /lab08/index.php/Home/Index/order
INFO: [ app_init ] --START--
INFO: Run Behavior\BuildLiteBehavior [ RunTime:0.000022s ]
INFO: [ app_init ] --END-- [ RunTime:0.000335s ]
INFO: [ app_begin ] --START--
INFO: Run Behavior\ReadHtmlCacheBehavior [ RunTime:0.000328s ]
INFO: [ app_begin ] --END-- [ RunTime:0.000414s ]
SQL: SHOW COLUMNS FROM `tp_message` [ RunTime:0.0005s ]
SQL: SELECT * FROM `tp_message` ORDER BY title  [ RunTime:0.0003s ]

[ 2018-05-22T19:52:51+08:00 ] ::1 /lab08/index.php/Home/Index/order
INFO: [ app_init ] --START--
INFO: Run Behavior\BuildLiteBehavior [ RunTime:0.000022s ]
INFO: [ app_init ] --END-- [ RunTime:0.000342s ]
INFO: [ app_begin ] --START--
INFO: Run Behavior\ReadHtmlCacheBehavior [ RunTime:0.000400s ]
INFO: [ app_begin ] --END-- [ RunTime:0.000494s ]
SQL: SHOW COLUMNS FROM `tp_message` [ RunTime:0.0005s ]
SQL: SELECT * FROM `tp_message` ORDER BY title  [ RunTime:0.0002s ]

[ 2018-05-22T19:52:52+08:00 ] ::1 /lab08/index.php/Home/Index/order
INFO: [ app_init ] --START--
INFO: Run Behavior\BuildLiteBehavior [ RunTime:0.000029s ]
INFO: [ app_init ] --END-- [ RunTime:0.000440s ]
INFO: [ app_begin ] --START--
INFO: Run Behavior\ReadHtmlCacheBehavior [ RunTime:0.000434s ]
INFO: [ app_begin ] --END-- [ RunTime:0.000549s ]
SQL: SHOW COLUMNS FROM `tp_message` [ RunTime:0.0006s ]
SQL: SELECT * FROM `tp_message` ORDER BY title  [ RunTime:0.0003s ]

[ 2018-05-22T19:52:57+08:00 ] ::1 /lab08/index.php/home/index/homework
INFO: [ app_init ] --START--
INFO: Run Behavior\BuildLiteBehavior [ RunTime:0.000032s ]
INFO: [ app_init ] --END-- [ RunTime:0.000456s ]

[ 2018-05-22T19:52:59+08:00 ] ::1 /lab08/index.php/Home/Index/order
INFO: [ app_init ] --START--
INFO: Run Behavior\BuildLiteBehavior [ RunTime:0.000029s ]
INFO: [ app_init ] --END-- [ RunTime:0.000436s ]
INFO: [ app_begin ] --START--
INFO: Run Behavior\ReadHtmlCacheBehavior [ RunTime:0.000431s ]
INFO: [ app_begin ] --END-- [ RunTime:0.000545s ]
SQL: SHOW COLUMNS FROM `tp_message` [ RunTime:0.0006s ]
SQL: SELECT * FROM `tp_message` ORDER BY title  [ RunTime:0.0003s ]

[ 2018-05-22T19:53:00+08:00 ] ::1 /lab08/index.php/Home/Index/order
INFO: [ app_init ] --START--
INFO: Run Behavior\BuildLiteBehavior [ RunTime:0.000025s ]
INFO: [ app_init ] --END-- [ RunTime:0.000358s ]
INFO: [ app_begin ] --START--
INFO: Run Behavior\ReadHtmlCacheBehavior [ RunTime:0.000345s ]
INFO: [ app_begin ] --END-- [ RunTime:0.000433s ]
SQL: SHOW COLUMNS FROM `tp_message` [ RunTime:0.0005s ]
SQL: SELECT * FROM `tp_message` ORDER BY title  [ RunTime:0.0003s ]

[ 2018-05-22T19:53:00+08:00 ] ::1 /lab08/index.php/Home/Index/order
INFO: [ app_init ] --START--
INFO: Run Behavior\BuildLiteBehavior [ RunTime:0.000030s ]
INFO: [ app_init ] --END-- [ RunTime:0.000428s ]
INFO: [ app_begin ] --START--
INFO: Run Behavior\ReadHtmlCacheBehavior [ RunTime:0.000431s ]
INFO: [ app_begin ] --END-- [ RunTime:0.000546s ]
SQL: SHOW COLUMNS FROM `tp_message` [ RunTime:0.0005s ]
SQL: SELECT * FROM `tp_message` ORDER BY title  [ RunTime:0.0003s ]

[ 2018-05-22T19:53:38+08:00 ] ::1 /lab08/index.php/home/index/homework
INFO: [ app_init ] --START--
INFO: Run Behavior\BuildLiteBehavior [ RunTime:0.000038s ]
INFO: [ app_init ] --END-- [ RunTime:0.000551s ]

[ 2018-05-22T19:53:39+08:00 ] ::1 /lab08/index.php/Home/Index/order
INFO: [ app_init ] --START--
INFO: Run Behavior\BuildLiteBehavior [ RunTime:0.000029s ]
INFO: [ app_init ] --END-- [ RunTime:0.000445s ]
INFO: [ app_begin ] --START--
INFO: Run Behavior\ReadHtmlCacheBehavior [ RunTime:0.000436s ]
INFO: [ app_begin ] --END-- [ RunTime:0.000551s ]
SQL: SHOW COLUMNS FROM `tp_message` [ RunTime:0.0006s ]
SQL: SELECT * FROM `tp_message` ORDER BY title  [ RunTime:0.0003s ]

[ 2018-05-22T20:19:37+08:00 ] ::1 /lab08/index.php/home/index/homework
INFO: [ app_init ] --START--
INFO: Run Behavior\BuildLiteBehavior [ RunTime:0.000048s ]
INFO: [ app_init ] --END-- [ RunTime:0.000749s ]

[ 2018-05-22T20:19:37+08:00 ] ::1 /lab08/index.php/Home/Index/order
INFO: [ app_init ] --START--
INFO: Run Behavior\BuildLiteBehavior [ RunTime:0.000031s ]
INFO: [ app_init ] --END-- [ RunTime:0.000467s ]
INFO: [ app_begin ] --START--
INFO: Run Behavior\ReadHtmlCacheBehavior [ RunTime:0.000437s ]
INFO: [ app_begin ] --END-- [ RunTime:0.000551s ]
SQL: SHOW COLUMNS FROM `tp_message` [ RunTime:0.0006s ]
SQL: SELECT * FROM `tp_message` ORDER BY id  [ RunTime:0.0003s ]

[ 2018-05-22T20:19:40+08:00 ] ::1 /lab08/index.php/Home/Index/order
INFO: [ app_init ] --START--
INFO: Run Behavior\BuildLiteBehavior [ RunTime:0.000030s ]
INFO: [ app_init ] --END-- [ RunTime:0.000441s ]
INFO: [ app_begin ] --START--
INFO: Run Behavior\ReadHtmlCacheBehavior [ RunTime:0.000432s ]
INFO: [ app_begin ] --END-- [ RunTime:0.000546s ]
SQL: SHOW COLUMNS FROM `tp_message` [ RunTime:0.0007s ]
SQL: SELECT * FROM `tp_message` ORDER BY content  [ RunTime:0.0003s ]

[ 2018-05-22T20:19:44+08:00 ] ::1 /lab08/index.php/Home/Index/order
INFO: [ app_init ] --START--
INFO: Run Behavior\BuildLiteBehavior [ RunTime:0.000030s ]
INFO: [ app_init ] --END-- [ RunTime:0.000438s ]
INFO: [ app_begin ] --START--
INFO: Run Behavior\ReadHtmlCacheBehavior [ RunTime:0.000431s ]
INFO: [ app_begin ] --END-- [ RunTime:0.000545s ]
SQL: SHOW COLUMNS FROM `tp_message` [ RunTime:0.0006s ]
ERR: 1054:Unknown column 'author' in 'order clause'
 [ SQL语句 ] : SELECT * FROM `tp_message` ORDER BY author 
ERR: 1054:Unknown column 'author' in 'order clause'
 [ SQL语句 ] : SELECT * FROM `tp_message` ORDER BY author 

[ 2018-05-22T20:19:46+08:00 ] ::1 /lab08/index.php/Home/Index/order
INFO: [ app_init ] --START--
INFO: Run Behavior\BuildLiteBehavior [ RunTime:0.000029s ]
INFO: [ app_init ] --END-- [ RunTime:0.000440s ]
INFO: [ app_begin ] --START--
INFO: Run Behavior\ReadHtmlCacheBehavior [ RunTime:0.000438s ]
INFO: [ app_begin ] --END-- [ RunTime:0.000569s ]
SQL: SHOW COLUMNS FROM `tp_message` [ RunTime:0.0005s ]
ERR: 1054:Unknown column 'author' in 'order clause'
 [ SQL语句 ] : SELECT * FROM `tp_message` ORDER BY author 
ERR: 1054:Unknown column 'author' in 'order clause'
 [ SQL语句 ] : SELECT * FROM `tp_message` ORDER BY author 

[ 2018-05-22T20:20:31+08:00 ] ::1 /lab08/index.php/home/index/homework
INFO: [ app_init ] --START--
INFO: Run Behavior\BuildLiteBehavior [ RunTime:0.000035s ]
INFO: [ app_init ] --END-- [ RunTime:0.000492s ]

[ 2018-05-22T20:20:45+08:00 ] ::1 /lab08/index.php/home/index/homework
INFO: [ app_init ] --START--
INFO: Run Behavior\BuildLiteBehavior [ RunTime:0.000031s ]
INFO: [ app_init ] --END-- [ RunTime:0.000457s ]

[ 2018-05-22T20:20:46+08:00 ] ::1 /lab08/index.php/Home/Index/order
INFO: [ app_init ] --START--
INFO: Run Behavior\BuildLiteBehavior [ RunTime:0.000048s ]
INFO: [ app_init ] --END-- [ RunTime:0.000694s ]
INFO: [ app_begin ] --START--
INFO: Run Behavior\ReadHtmlCacheBehavior [ RunTime:0.000658s ]
INFO: [ app_begin ] --END-- [ RunTime:0.000855s ]
SQL: SHOW COLUMNS FROM `tp_message` [ RunTime:0.0006s ]
SQL: SELECT * FROM `tp_message` ORDER BY id  [ RunTime:0.0003s ]

[ 2018-05-22T20:20:47+08:00 ] ::1 /lab08/index.php/Home/Index/order
INFO: [ app_init ] --START--
INFO: Run Behavior\BuildLiteBehavior [ RunTime:0.000030s ]
INFO: [ app_init ] --END-- [ RunTime:0.000459s ]
INFO: [ app_begin ] --START--
INFO: Run Behavior\ReadHtmlCacheBehavior [ RunTime:0.000436s ]
INFO: [ app_begin ] --END-- [ RunTime:0.000552s ]
SQL: SHOW COLUMNS FROM `tp_message` [ RunTime:0.0006s ]
SQL: SELECT * FROM `tp_message` ORDER BY id  [ RunTime:0.0003s ]

[ 2018-05-22T20:20:47+08:00 ] ::1 /lab08/index.php/Home/Index/order
INFO: [ app_init ] --START--
INFO: Run Behavior\BuildLiteBehavior [ RunTime:0.000028s ]
INFO: [ app_init ] --END-- [ RunTime:0.000438s ]
INFO: [ app_begin ] --START--
INFO: Run Behavior\ReadHtmlCacheBehavior [ RunTime:0.000466s ]
INFO: [ app_begin ] --END-- [ RunTime:0.000586s ]
SQL: SHOW COLUMNS FROM `tp_message` [ RunTime:0.0007s ]
SQL: SELECT * FROM `tp_message` ORDER BY id  [ RunTime:0.0004s ]

[ 2018-05-22T20:20:49+08:00 ] ::1 /lab08/index.php/Home/Index/order
INFO: [ app_init ] --START--
INFO: Run Behavior\BuildLiteBehavior [ RunTime:0.000039s ]
INFO: [ app_init ] --END-- [ RunTime:0.000443s ]
INFO: [ app_begin ] --START--
INFO: Run Behavior\ReadHtmlCacheBehavior [ RunTime:0.000424s ]
INFO: [ app_begin ] --END-- [ RunTime:0.000538s ]
SQL: SHOW COLUMNS FROM `tp_message` [ RunTime:0.0007s ]
SQL: SELECT * FROM `tp_message` ORDER BY content  [ RunTime:0.0003s ]

[ 2018-05-22T20:20:49+08:00 ] ::1 /lab08/index.php/Home/Index/order
INFO: [ app_init ] --START--
INFO: Run Behavior\BuildLiteBehavior [ RunTime:0.000038s ]
INFO: [ app_init ] --END-- [ RunTime:0.000534s ]
INFO: [ app_begin ] --START--
INFO: Run Behavior\ReadHtmlCacheBehavior [ RunTime:0.000477s ]
INFO: [ app_begin ] --END-- [ RunTime:0.000611s ]
SQL: SHOW COLUMNS FROM `tp_message` [ RunTime:0.0006s ]
SQL: SELECT * FROM `tp_message` ORDER BY content  [ RunTime:0.0003s ]

[ 2018-05-22T20:20:50+08:00 ] ::1 /lab08/index.php/Home/Index/order
INFO: [ app_init ] --START--
INFO: Run Behavior\BuildLiteBehavior [ RunTime:0.000022s ]
INFO: [ app_init ] --END-- [ RunTime:0.000340s ]
INFO: [ app_begin ] --START--
INFO: Run Behavior\ReadHtmlCacheBehavior [ RunTime:0.000342s ]
INFO: [ app_begin ] --END-- [ RunTime:0.000431s ]
SQL: SHOW COLUMNS FROM `tp_message` [ RunTime:0.0005s ]
SQL: SELECT * FROM `tp_message` ORDER BY content  [ RunTime:0.0003s ]

[ 2018-05-22T20:20:50+08:00 ] ::1 /lab08/index.php/Home/Index/order
INFO: [ app_init ] --START--
INFO: Run Behavior\BuildLiteBehavior [ RunTime:0.000032s ]
INFO: [ app_init ] --END-- [ RunTime:0.000564s ]
INFO: [ app_begin ] --START--
INFO: Run Behavior\ReadHtmlCacheBehavior [ RunTime:0.000433s ]
INFO: [ app_begin ] --END-- [ RunTime:0.000549s ]
SQL: SHOW COLUMNS FROM `tp_message` [ RunTime:0.0005s ]
SQL: SELECT * FROM `tp_message` ORDER BY content  [ RunTime:0.0003s ]

[ 2018-05-22T20:22:18+08:00 ] ::1 /lab08/index.php/home/index/homework
INFO: [ app_init ] --START--
INFO: Run Behavior\BuildLiteBehavior [ RunTime:0.000056s ]
INFO: [ app_init ] --END-- [ RunTime:0.000873s ]

[ 2018-05-22T20:22:19+08:00 ] ::1 /lab08/index.php/Home/Index/order
INFO: [ app_init ] --START--
INFO: Run Behavior\BuildLiteBehavior [ RunTime:0.000030s ]
INFO: [ app_init ] --END-- [ RunTime:0.000450s ]
INFO: [ app_begin ] --START--
INFO: Run Behavior\ReadHtmlCacheBehavior [ RunTime:0.000432s ]
INFO: [ app_begin ] --END-- [ RunTime:0.000547s ]
SQL: SHOW COLUMNS FROM `tp_message` [ RunTime:0.0005s ]
SQL: SELECT * FROM `tp_message` ORDER BY id  [ RunTime:0.0003s ]

[ 2018-05-22T20:25:15+08:00 ] ::1 /lab08/index.php/home/index/homework
INFO: [ app_init ] --START--
INFO: Run Behavior\BuildLiteBehavior [ RunTime:0.000035s ]
INFO: [ app_init ] --END-- [ RunTime:0.000493s ]

[ 2018-05-22T20:25:18+08:00 ] ::1 /lab08/index.php/Home/Index/order
INFO: [ app_init ] --START--
INFO: Run Behavior\BuildLiteBehavior [ RunTime:0.000030s ]
INFO: [ app_init ] --END-- [ RunTime:0.000448s ]
INFO: [ app_begin ] --START--
INFO: Run Behavior\ReadHtmlCacheBehavior [ RunTime:0.000451s ]
INFO: [ app_begin ] --END-- [ RunTime:0.000573s ]
SQL: SHOW COLUMNS FROM `tp_message` [ RunTime:0.0006s ]
SQL: SELECT * FROM `tp_message` ORDER BY content  [ RunTime:0.0003s ]

[ 2018-05-22T20:25:20+08:00 ] ::1 /lab08/index.php/Home/Index/order
INFO: [ app_init ] --START--
INFO: Run Behavior\BuildLiteBehavior [ RunTime:0.000023s ]
INFO: [ app_init ] --END-- [ RunTime:0.000391s ]
INFO: [ app_begin ] --START--
INFO: Run Behavior\ReadHtmlCacheBehavior [ RunTime:0.000363s ]
INFO: [ app_begin ] --END-- [ RunTime:0.000456s ]
SQL: SHOW COLUMNS FROM `tp_message` [ RunTime:0.0005s ]
SQL: SELECT * FROM `tp_message` ORDER BY time  [ RunTime:0.0002s ]

[ 2018-05-22T20:25:20+08:00 ] ::1 /lab08/index.php/Home/Index/order
INFO: [ app_init ] --START--
INFO: Run Behavior\BuildLiteBehavior [ RunTime:0.000052s ]
INFO: [ app_init ] --END-- [ RunTime:0.000579s ]
INFO: [ app_begin ] --START--
INFO: Run Behavior\ReadHtmlCacheBehavior [ RunTime:0.000483s ]
INFO: [ app_begin ] --END-- [ RunTime:0.000614s ]
SQL: SHOW COLUMNS FROM `tp_message` [ RunTime:0.0005s ]
SQL: SELECT * FROM `tp_message` ORDER BY time  [ RunTime:0.0003s ]

[ 2018-05-22T20:25:20+08:00 ] ::1 /lab08/index.php/Home/Index/order
INFO: [ app_init ] --START--
INFO: Run Behavior\BuildLiteBehavior [ RunTime:0.000048s ]
INFO: [ app_init ] --END-- [ RunTime:0.000683s ]
INFO: [ app_begin ] --START--
INFO: Run Behavior\ReadHtmlCacheBehavior [ RunTime:0.000674s ]
INFO: [ app_begin ] --END-- [ RunTime:0.000883s ]
SQL: SHOW COLUMNS FROM `tp_message` [ RunTime:0.0006s ]
SQL: SELECT * FROM `tp_message` ORDER BY time  [ RunTime:0.0003s ]

[ 2018-05-22T20:25:20+08:00 ] ::1 /lab08/index.php/Home/Index/order
INFO: [ app_init ] --START--
INFO: Run Behavior\BuildLiteBehavior [ RunTime:0.000030s ]
INFO: [ app_init ] --END-- [ RunTime:0.000454s ]
INFO: [ app_begin ] --START--
INFO: Run Behavior\ReadHtmlCacheBehavior [ RunTime:0.000443s ]
INFO: [ app_begin ] --END-- [ RunTime:0.000560s ]
SQL: SHOW COLUMNS FROM `tp_message` [ RunTime:0.0005s ]
SQL: SELECT * FROM `tp_message` ORDER BY time  [ RunTime:0.0003s ]

[ 2018-05-22T20:26:57+08:00 ] ::1 /lab08/index.php/home/index/homework
INFO: [ app_init ] --START--
INFO: Run Behavior\BuildLiteBehavior [ RunTime:0.000033s ]
INFO: [ app_init ] --END-- [ RunTime:0.000500s ]

[ 2018-05-22T20:27:00+08:00 ] ::1 /lab08/index.php/Home/Index/order
INFO: [ app_init ] --START--
INFO: Run Behavior\BuildLiteBehavior [ RunTime:0.000023s ]
INFO: [ app_init ] --END-- [ RunTime:0.000340s ]
INFO: [ app_begin ] --START--
INFO: Run Behavior\ReadHtmlCacheBehavior [ RunTime:0.000331s ]
INFO: [ app_begin ] --END-- [ RunTime:0.000418s ]
SQL: SHOW COLUMNS FROM `tp_message` [ RunTime:0.0005s ]
SQL: SELECT * FROM `tp_message` ORDER BY title  [ RunTime:0.0003s ]

[ 2018-05-22T20:27:02+08:00 ] ::1 /lab08/index.php/Home/Index/order
INFO: [ app_init ] --START--
INFO: Run Behavior\BuildLiteBehavior [ RunTime:0.000022s ]
INFO: [ app_init ] --END-- [ RunTime:0.000338s ]
INFO: [ app_begin ] --START--
INFO: Run Behavior\ReadHtmlCacheBehavior [ RunTime:0.000329s ]
INFO: [ app_begin ] --END-- [ RunTime:0.000416s ]
SQL: SHOW COLUMNS FROM `tp_message` [ RunTime:0.0005s ]
ERR: 1054:Unknown column 'author' in 'order clause'
 [ SQL语句 ] : SELECT * FROM `tp_message` ORDER BY author 
ERR: 1054:Unknown column 'author' in 'order clause'
 [ SQL语句 ] : SELECT * FROM `tp_message` ORDER BY author 

[ 2018-05-22T20:27:03+08:00 ] ::1 /lab08/index.php/Home/Index/order
INFO: [ app_init ] --START--
INFO: Run Behavior\BuildLiteBehavior [ RunTime:0.000027s ]
INFO: [ app_init ] --END-- [ RunTime:0.000430s ]
INFO: [ app_begin ] --START--
INFO: Run Behavior\ReadHtmlCacheBehavior [ RunTime:0.000432s ]
INFO: [ app_begin ] --END-- [ RunTime:0.000558s ]
SQL: SHOW COLUMNS FROM `tp_message` [ RunTime:0.0005s ]
SQL: SELECT * FROM `tp_message` ORDER BY time  [ RunTime:0.0003s ]

[ 2018-05-22T20:27:04+08:00 ] ::1 /lab08/index.php/Home/Index/order
INFO: [ app_init ] --START--
INFO: Run Behavior\BuildLiteBehavior [ RunTime:0.000047s ]
INFO: [ app_init ] --END-- [ RunTime:0.000644s ]
INFO: [ app_begin ] --START--
INFO: Run Behavior\ReadHtmlCacheBehavior [ RunTime:0.000443s ]
INFO: [ app_begin ] --END-- [ RunTime:0.000560s ]
SQL: SHOW COLUMNS FROM `tp_message` [ RunTime:0.0006s ]
SQL: SELECT * FROM `tp_message` ORDER BY time  [ RunTime:0.0003s ]

[ 2018-05-22T20:27:04+08:00 ] ::1 /lab08/index.php/Home/Index/order
INFO: [ app_init ] --START--
INFO: Run Behavior\BuildLiteBehavior [ RunTime:0.000029s ]
INFO: [ app_init ] --END-- [ RunTime:0.000444s ]
INFO: [ app_begin ] --START--
INFO: Run Behavior\ReadHtmlCacheBehavior [ RunTime:0.000440s ]
INFO: [ app_begin ] --END-- [ RunTime:0.000556s ]
SQL: SHOW COLUMNS FROM `tp_message` [ RunTime:0.0006s ]
SQL: SELECT * FROM `tp_message` ORDER BY time  [ RunTime:0.0003s ]

[ 2018-05-22T20:27:05+08:00 ] ::1 /lab08/index.php/Home/Index/order
INFO: [ app_init ] --START--
INFO: Run Behavior\BuildLiteBehavior [ RunTime:0.000032s ]
INFO: [ app_init ] --END-- [ RunTime:0.000451s ]
INFO: [ app_begin ] --START--
INFO: Run Behavior\ReadHtmlCacheBehavior [ RunTime:0.000468s ]
INFO: [ app_begin ] --END-- [ RunTime:0.000586s ]
SQL: SHOW COLUMNS FROM `tp_message` [ RunTime:0.0005s ]
SQL: SELECT * FROM `tp_message` ORDER BY time  [ RunTime:0.0003s ]

[ 2018-05-22T20:32:15+08:00 ] ::1 /lab08/index.php/home/index/homework
INFO: [ app_init ] --START--
INFO: Run Behavior\BuildLiteBehavior [ RunTime:0.000051s ]
INFO: [ app_init ] --END-- [ RunTime:0.000706s ]

[ 2018-05-22T20:32:16+08:00 ] ::1 /lab08/index.php/Home/Index/order
INFO: [ app_init ] --START--
INFO: Run Behavior\BuildLiteBehavior [ RunTime:0.000034s ]
INFO: [ app_init ] --END-- [ RunTime:0.000507s ]
INFO: [ app_begin ] --START--
INFO: Run Behavior\ReadHtmlCacheBehavior [ RunTime:0.000472s ]
INFO: [ app_begin ] --END-- [ RunTime:0.000611s ]
SQL: SHOW COLUMNS FROM `tp_message` [ RunTime:0.0006s ]
SQL: SELECT * FROM `tp_message` ORDER BY id  [ RunTime:0.0003s ]

[ 2018-05-22T20:32:18+08:00 ] ::1 /lab08/index.php/Home/Index/order
INFO: [ app_init ] --START--
INFO: Run Behavior\BuildLiteBehavior [ RunTime:0.000029s ]
INFO: [ app_init ] --END-- [ RunTime:0.000445s ]
INFO: [ app_begin ] --START--
INFO: Run Behavior\ReadHtmlCacheBehavior [ RunTime:0.000435s ]
INFO: [ app_begin ] --END-- [ RunTime:0.000556s ]
SQL: SHOW COLUMNS FROM `tp_message` [ RunTime:0.0006s ]
SQL: SELECT * FROM `tp_message` ORDER BY title  [ RunTime:0.0003s ]

[ 2018-05-22T20:33:20+08:00 ] ::1 /lab08/index.php/Home/Index/order
INFO: [ app_init ] --START--
INFO: Run Behavior\BuildLiteBehavior [ RunTime:0.000031s ]
INFO: [ app_init ] --END-- [ RunTime:0.000461s ]
INFO: [ app_begin ] --START--
INFO: Run Behavior\ReadHtmlCacheBehavior [ RunTime:0.000452s ]
INFO: [ app_begin ] --END-- [ RunTime:0.000570s ]
SQL: SHOW COLUMNS FROM `tp_message` [ RunTime:0.0006s ]
SQL: SELECT * FROM `tp_message` ORDER BY title  [ RunTime:0.0003s ]

[ 2018-05-22T20:33:22+08:00 ] ::1 /lab08/index.php/home/index/homework
INFO: [ app_init ] --START--
INFO: Run Behavior\BuildLiteBehavior [ RunTime:0.000043s ]
INFO: [ app_init ] --END-- [ RunTime:0.000659s ]

[ 2018-05-22T20:33:22+08:00 ] ::1 /lab08/index.php/Home/Index/order
INFO: [ app_init ] --START--
INFO: Run Behavior\BuildLiteBehavior [ RunTime:0.000046s ]
INFO: [ app_init ] --END-- [ RunTime:0.000649s ]
INFO: [ app_begin ] --START--
INFO: Run Behavior\ReadHtmlCacheBehavior [ RunTime:0.000460s ]
INFO: [ app_begin ] --END-- [ RunTime:0.000608s ]
SQL: SHOW COLUMNS FROM `tp_message` [ RunTime:0.0006s ]
SQL: SELECT * FROM `tp_message` ORDER BY id  [ RunTime:0.0003s ]

[ 2018-05-22T20:33:24+08:00 ] ::1 /lab08/index.php/Home/Index/order
INFO: [ app_init ] --START--
INFO: Run Behavior\BuildLiteBehavior [ RunTime:0.000031s ]
INFO: [ app_init ] --END-- [ RunTime:0.000453s ]
INFO: [ app_begin ] --START--
INFO: Run Behavior\ReadHtmlCacheBehavior [ RunTime:0.000429s ]
INFO: [ app_begin ] --END-- [ RunTime:0.000550s ]
SQL: SHOW COLUMNS FROM `tp_message` [ RunTime:0.0005s ]
SQL: SELECT * FROM `tp_message` ORDER BY content  [ RunTime:0.0003s ]

[ 2018-05-22T20:33:26+08:00 ] ::1 /lab08/index.php/Home/Index/order
INFO: [ app_init ] --START--
INFO: Run Behavior\BuildLiteBehavior [ RunTime:0.000047s ]
INFO: [ app_init ] --END-- [ RunTime:0.000423s ]
INFO: [ app_begin ] --START--
INFO: Run Behavior\ReadHtmlCacheBehavior [ RunTime:0.000341s ]
INFO: [ app_begin ] --END-- [ RunTime:0.000432s ]
SQL: SHOW COLUMNS FROM `tp_message` [ RunTime:0.0006s ]
SQL: SELECT * FROM `tp_message` ORDER BY time  [ RunTime:0.0003s ]

[ 2018-05-22T20:35:04+08:00 ] ::1 /lab08/index.php/Home/Index/order
INFO: [ app_init ] --START--
INFO: Run Behavior\BuildLiteBehavior [ RunTime:0.000030s ]
INFO: [ app_init ] --END-- [ RunTime:0.000517s ]
INFO: [ app_begin ] --START--
INFO: Run Behavior\ReadHtmlCacheBehavior [ RunTime:0.000581s ]
INFO: [ app_begin ] --END-- [ RunTime:0.000706s ]
SQL: SHOW COLUMNS FROM `tp_message` [ RunTime:0.0006s ]
SQL: SELECT * FROM `tp_message` ORDER BY time  [ RunTime:0.0003s ]

[ 2018-05-22T20:39:40+08:00 ] ::1 /lab08/index.php/home/index/homework
INFO: [ app_init ] --START--
INFO: Run Behavior\BuildLiteBehavior [ RunTime:0.000032s ]
INFO: [ app_init ] --END-- [ RunTime:0.000499s ]

[ 2018-05-22T20:39:42+08:00 ] ::1 /lab08/index.php/Home/Index/order
INFO: [ app_init ] --START--
INFO: Run Behavior\BuildLiteBehavior [ RunTime:0.000030s ]
INFO: [ app_init ] --END-- [ RunTime:0.000432s ]
INFO: [ app_begin ] --START--
INFO: Run Behavior\ReadHtmlCacheBehavior [ RunTime:0.000430s ]
INFO: [ app_begin ] --END-- [ RunTime:0.000545s ]
SQL: SHOW COLUMNS FROM `tp_message` [ RunTime:0.0005s ]
SQL: SELECT * FROM `tp_message` ORDER BY id  [ RunTime:0.0003s ]

[ 2018-05-22T20:39:45+08:00 ] ::1 /lab08/index.php/Home/Index/order
INFO: [ app_init ] --START--
INFO: Run Behavior\BuildLiteBehavior [ RunTime:0.000025s ]
INFO: [ app_init ] --END-- [ RunTime:0.000372s ]
INFO: [ app_begin ] --START--
INFO: Run Behavior\ReadHtmlCacheBehavior [ RunTime:0.000346s ]
INFO: [ app_begin ] --END-- [ RunTime:0.000438s ]
SQL: SHOW COLUMNS FROM `tp_message` [ RunTime:0.0005s ]
SQL: SELECT * FROM `tp_message` ORDER BY content  [ RunTime:0.0003s ]

[ 2018-05-22T20:41:44+08:00 ] ::1 /lab08/index.php/home/index/homework
INFO: [ app_init ] --START--
INFO: Run Behavior\BuildLiteBehavior [ RunTime:0.000031s ]
INFO: [ app_init ] --END-- [ RunTime:0.000492s ]

[ 2018-05-22T20:41:45+08:00 ] ::1 /lab08/index.php/Home/Index/order
INFO: [ app_init ] --START--
INFO: Run Behavior\BuildLiteBehavior [ RunTime:0.000024s ]
INFO: [ app_init ] --END-- [ RunTime:0.000348s ]
INFO: [ app_begin ] --START--
INFO: Run Behavior\ReadHtmlCacheBehavior [ RunTime:0.000326s ]
INFO: [ app_begin ] --END-- [ RunTime:0.000412s ]
SQL: SHOW COLUMNS FROM `tp_message` [ RunTime:0.0005s ]
SQL: SELECT * FROM `tp_message` ORDER BY id  [ RunTime:0.0002s ]

[ 2018-05-22T20:52:29+08:00 ] ::1 /lab08/index.php/home/index/homework
INFO: [ app_init ] --START--
INFO: Run Behavior\BuildLiteBehavior [ RunTime:0.000050s ]
INFO: [ app_init ] --END-- [ RunTime:0.000720s ]

[ 2018-05-22T20:52:31+08:00 ] ::1 /lab08/index.php/Home/Index/order
INFO: [ app_init ] --START--
INFO: Run Behavior\BuildLiteBehavior [ RunTime:0.000022s ]
INFO: [ app_init ] --END-- [ RunTime:0.000361s ]
INFO: [ app_begin ] --START--
INFO: Run Behavior\ReadHtmlCacheBehavior [ RunTime:0.000547s ]
INFO: [ app_begin ] --END-- [ RunTime:0.000658s ]
SQL: SHOW COLUMNS FROM `tp_message` [ RunTime:0.0005s ]
SQL: SELECT * FROM `tp_message` WHERE `id` LIKE 'undefined$' ORDER BY id  [ RunTime:0.0003s ]

[ 2018-05-22T20:52:34+08:00 ] ::1 /lab08/index.php/Home/Index/order
INFO: [ app_init ] --START--
INFO: Run Behavior\BuildLiteBehavior [ RunTime:0.000030s ]
INFO: [ app_init ] --END-- [ RunTime:0.000446s ]
INFO: [ app_begin ] --START--
INFO: Run Behavior\ReadHtmlCacheBehavior [ RunTime:0.000504s ]
INFO: [ app_begin ] --END-- [ RunTime:0.000626s ]
SQL: SHOW COLUMNS FROM `tp_message` [ RunTime:0.0005s ]
SQL: SELECT * FROM `tp_message` WHERE `id` LIKE 'undefined$' ORDER BY content  [ RunTime:0.0002s ]

[ 2018-05-22T20:52:34+08:00 ] ::1 /lab08/index.php/Home/Index/order
INFO: [ app_init ] --START--
INFO: Run Behavior\BuildLiteBehavior [ RunTime:0.000035s ]
INFO: [ app_init ] --END-- [ RunTime:0.000539s ]
INFO: [ app_begin ] --START--
INFO: Run Behavior\ReadHtmlCacheBehavior [ RunTime:0.000503s ]
INFO: [ app_begin ] --END-- [ RunTime:0.000628s ]
SQL: SHOW COLUMNS FROM `tp_message` [ RunTime:0.0006s ]
SQL: SELECT * FROM `tp_message` WHERE `id` LIKE 'undefined$' ORDER BY content  [ RunTime:0.0003s ]

[ 2018-05-22T20:52:34+08:00 ] ::1 /lab08/index.php/Home/Index/order
INFO: [ app_init ] --START--
INFO: Run Behavior\BuildLiteBehavior [ RunTime:0.000030s ]
INFO: [ app_init ] --END-- [ RunTime:0.000439s ]
INFO: [ app_begin ] --START--
INFO: Run Behavior\ReadHtmlCacheBehavior [ RunTime:0.000479s ]
INFO: [ app_begin ] --END-- [ RunTime:0.000593s ]
SQL: SHOW COLUMNS FROM `tp_message` [ RunTime:0.0006s ]
SQL: SELECT * FROM `tp_message` WHERE `id` LIKE 'undefined$' ORDER BY content  [ RunTime:0.0003s ]

[ 2018-05-22T20:52:35+08:00 ] ::1 /lab08/index.php/Home/Index/order
INFO: [ app_init ] --START--
INFO: Run Behavior\BuildLiteBehavior [ RunTime:0.000029s ]
INFO: [ app_init ] --END-- [ RunTime:0.000437s ]
INFO: [ app_begin ] --START--
INFO: Run Behavior\ReadHtmlCacheBehavior [ RunTime:0.000490s ]
INFO: [ app_begin ] --END-- [ RunTime:0.000608s ]
SQL: SHOW COLUMNS FROM `tp_message` [ RunTime:0.0005s ]
SQL: SELECT * FROM `tp_message` WHERE `id` LIKE 'undefined$' ORDER BY content  [ RunTime:0.0003s ]

[ 2018-05-22T20:53:09+08:00 ] ::1 /lab08/index.php/home/index/homework
INFO: [ app_init ] --START--
INFO: Run Behavior\BuildLiteBehavior [ RunTime:0.000031s ]
INFO: [ app_init ] --END-- [ RunTime:0.000455s ]

[ 2018-05-22T20:53:09+08:00 ] ::1 /lab08/index.php/Home/Index/order
INFO: [ app_init ] --START--
INFO: Run Behavior\BuildLiteBehavior [ RunTime:0.000029s ]
INFO: [ app_init ] --END-- [ RunTime:0.000445s ]
INFO: [ app_begin ] --START--
INFO: Run Behavior\ReadHtmlCacheBehavior [ RunTime:0.000482s ]
INFO: [ app_begin ] --END-- [ RunTime:0.000598s ]
SQL: SHOW COLUMNS FROM `tp_message` [ RunTime:0.0005s ]
SQL: SELECT * FROM `tp_message` WHERE `id` LIKE '$' ORDER BY id  [ RunTime:0.0003s ]

[ 2018-05-22T20:53:10+08:00 ] ::1 /lab08/index.php/Home/Index/order
INFO: [ app_init ] --START--
INFO: Run Behavior\BuildLiteBehavior [ RunTime:0.000030s ]
INFO: [ app_init ] --END-- [ RunTime:0.000437s ]
INFO: [ app_begin ] --START--
INFO: Run Behavior\ReadHtmlCacheBehavior [ RunTime:0.000480s ]
INFO: [ app_begin ] --END-- [ RunTime:0.000596s ]
SQL: SHOW COLUMNS FROM `tp_message` [ RunTime:0.0006s ]
SQL: SELECT * FROM `tp_message` WHERE `id` LIKE '$' ORDER BY id  [ RunTime:0.0004s ]

[ 2018-05-22T20:53:11+08:00 ] ::1 /lab08/index.php/Home/Index/order
INFO: [ app_init ] --START--
INFO: Run Behavior\BuildLiteBehavior [ RunTime:0.000025s ]
INFO: [ app_init ] --END-- [ RunTime:0.000355s ]
INFO: [ app_begin ] --START--
INFO: Run Behavior\ReadHtmlCacheBehavior [ RunTime:0.000380s ]
INFO: [ app_begin ] --END-- [ RunTime:0.000469s ]
SQL: SHOW COLUMNS FROM `tp_message` [ RunTime:0.0006s ]
SQL: SELECT * FROM `tp_message` WHERE `id` LIKE '$' ORDER BY content  [ RunTime:0.0002s ]

[ 2018-05-22T20:53:22+08:00 ] ::1 /lab08/index.php/home/index/homework
INFO: [ app_init ] --START--
INFO: Run Behavior\BuildLiteBehavior [ RunTime:0.000063s ]
INFO: [ app_init ] --END-- [ RunTime:0.001012s ]

[ 2018-05-22T20:53:22+08:00 ] ::1 /lab08/index.php/Home/Index/order
INFO: [ app_init ] --START--
INFO: Run Behavior\BuildLiteBehavior [ RunTime:0.000028s ]
INFO: [ app_init ] --END-- [ RunTime:0.000436s ]
INFO: [ app_begin ] --START--
INFO: Run Behavior\ReadHtmlCacheBehavior [ RunTime:0.000477s ]
INFO: [ app_begin ] --END-- [ RunTime:0.000592s ]
NOTIC: [8] Undefined index: word E:\wamp\www\lab08\App\Home\Controller\IndexController.class.php 第 15 行.
NOTIC: [8] Undefined index: queryText E:\wamp\www\lab08\App\Home\Controller\IndexController.class.php 第 16 行.
SQL: SHOW COLUMNS FROM `tp_message` [ RunTime:0.0007s ]
SQL: SELECT * FROM `tp_message` ORDER BY id  [ RunTime:0.0004s ]

[ 2018-05-22T20:53:24+08:00 ] ::1 /lab08/index.php/Home/Index/order
INFO: [ app_init ] --START--
INFO: Run Behavior\BuildLiteBehavior [ RunTime:0.000029s ]
INFO: [ app_init ] --END-- [ RunTime:0.000457s ]
INFO: [ app_begin ] --START--
INFO: Run Behavior\ReadHtmlCacheBehavior [ RunTime:0.000549s ]
INFO: [ app_begin ] --END-- [ RunTime:0.000673s ]
NOTIC: [8] Undefined index: word E:\wamp\www\lab08\App\Home\Controller\IndexController.class.php 第 15 行.
NOTIC: [8] Undefined index: queryText E:\wamp\www\lab08\App\Home\Controller\IndexController.class.php 第 16 行.
SQL: SHOW COLUMNS FROM `tp_message` [ RunTime:0.0005s ]
SQL: SELECT * FROM `tp_message` ORDER BY id  [ RunTime:0.0003s ]

[ 2018-05-22T20:55:06+08:00 ] ::1 /lab08/index.php/home/index/homework
INFO: [ app_init ] --START--
INFO: Run Behavior\BuildLiteBehavior [ RunTime:0.000025s ]
INFO: [ app_init ] --END-- [ RunTime:0.000452s ]

[ 2018-05-22T20:55:08+08:00 ] ::1 /lab08/index.php/Home/Index/order
INFO: [ app_init ] --START--
INFO: Run Behavior\BuildLiteBehavior [ RunTime:0.000030s ]
INFO: [ app_init ] --END-- [ RunTime:0.000464s ]
INFO: [ app_begin ] --START--
INFO: Run Behavior\ReadHtmlCacheBehavior [ RunTime:0.000432s ]
INFO: [ app_begin ] --END-- [ RunTime:0.000549s ]
SQL: SHOW COLUMNS FROM `tp_message` [ RunTime:0.0006s ]
ERR: 1054:Unknown column 'author' in 'order clause'
 [ SQL语句 ] : SELECT * FROM `tp_message` WHERE `id` LIKE '$' ORDER BY author 
ERR: 1054:Unknown column 'author' in 'order clause'
 [ SQL语句 ] : SELECT * FROM `tp_message` WHERE `id` LIKE '$' ORDER BY author 

[ 2018-05-22T20:55:09+08:00 ] ::1 /lab08/index.php/Home/Index/order
INFO: [ app_init ] --START--
INFO: Run Behavior\BuildLiteBehavior [ RunTime:0.000021s ]
INFO: [ app_init ] --END-- [ RunTime:0.000340s ]
INFO: [ app_begin ] --START--
INFO: Run Behavior\ReadHtmlCacheBehavior [ RunTime:0.000357s ]
INFO: [ app_begin ] --END-- [ RunTime:0.000450s ]
SQL: SHOW COLUMNS FROM `tp_message` [ RunTime:0.0006s ]
ERR: 1054:Unknown column 'author' in 'order clause'
 [ SQL语句 ] : SELECT * FROM `tp_message` WHERE `id` LIKE '$' ORDER BY author 
ERR: 1054:Unknown column 'author' in 'order clause'
 [ SQL语句 ] : SELECT * FROM `tp_message` WHERE `id` LIKE '$' ORDER BY author 

[ 2018-05-22T20:55:09+08:00 ] ::1 /lab08/index.php/Home/Index/order
INFO: [ app_init ] --START--
INFO: Run Behavior\BuildLiteBehavior [ RunTime:0.000028s ]
INFO: [ app_init ] --END-- [ RunTime:0.000435s ]
INFO: [ app_begin ] --START--
INFO: Run Behavior\ReadHtmlCacheBehavior [ RunTime:0.000426s ]
INFO: [ app_begin ] --END-- [ RunTime:0.000541s ]
SQL: SHOW COLUMNS FROM `tp_message` [ RunTime:0.0006s ]
ERR: 1054:Unknown column 'author' in 'order clause'
 [ SQL语句 ] : SELECT * FROM `tp_message` WHERE `id` LIKE '$' ORDER BY author 
ERR: 1054:Unknown column 'author' in 'order clause'
 [ SQL语句 ] : SELECT * FROM `tp_message` WHERE `id` LIKE '$' ORDER BY author 

[ 2018-05-22T20:55:09+08:00 ] ::1 /lab08/index.php/Home/Index/order
INFO: [ app_init ] --START--
INFO: Run Behavior\BuildLiteBehavior [ RunTime:0.000030s ]
INFO: [ app_init ] --END-- [ RunTime:0.000451s ]
INFO: [ app_begin ] --START--
INFO: Run Behavior\ReadHtmlCacheBehavior [ RunTime:0.000446s ]
INFO: [ app_begin ] --END-- [ RunTime:0.000563s ]
SQL: SHOW COLUMNS FROM `tp_message` [ RunTime:0.0006s ]
ERR: 1054:Unknown column 'author' in 'order clause'
 [ SQL语句 ] : SELECT * FROM `tp_message` WHERE `id` LIKE '$' ORDER BY author 
ERR: 1054:Unknown column 'author' in 'order clause'
 [ SQL语句 ] : SELECT * FROM `tp_message` WHERE `id` LIKE '$' ORDER BY author 

[ 2018-05-22T20:55:11+08:00 ] ::1 /lab08/index.php/Home/Index/order
INFO: [ app_init ] --START--
INFO: Run Behavior\BuildLiteBehavior [ RunTime:0.000028s ]
INFO: [ app_init ] --END-- [ RunTime:0.000430s ]
INFO: [ app_begin ] --START--
INFO: Run Behavior\ReadHtmlCacheBehavior [ RunTime:0.000492s ]
INFO: [ app_begin ] --END-- [ RunTime:0.000625s ]
SQL: SHOW COLUMNS FROM `tp_message` [ RunTime:0.0006s ]
SQL: SELECT * FROM `tp_message` WHERE `id` LIKE '$' ORDER BY time  [ RunTime:0.0003s ]

[ 2018-05-22T20:55:13+08:00 ] ::1 /lab08/index.php/Home/Index/order
INFO: [ app_init ] --START--
INFO: Run Behavior\BuildLiteBehavior [ RunTime:0.000023s ]
INFO: [ app_init ] --END-- [ RunTime:0.000338s ]
INFO: [ app_begin ] --START--
INFO: Run Behavior\ReadHtmlCacheBehavior [ RunTime:0.000327s ]
INFO: [ app_begin ] --END-- [ RunTime:0.000414s ]
SQL: SHOW COLUMNS FROM `tp_message` [ RunTime:0.0005s ]
SQL: SELECT * FROM `tp_message` WHERE `id` LIKE '$' ORDER BY id  [ RunTime:0.0003s ]

[ 2018-05-22T20:55:15+08:00 ] ::1 /lab08/index.php/Home/Index/order
INFO: [ app_init ] --START--
INFO: Run Behavior\BuildLiteBehavior [ RunTime:0.000023s ]
INFO: [ app_init ] --END-- [ RunTime:0.000341s ]
INFO: [ app_begin ] --START--
INFO: Run Behavior\ReadHtmlCacheBehavior [ RunTime:0.000471s ]
INFO: [ app_begin ] --END-- [ RunTime:0.000573s ]
SQL: SHOW COLUMNS FROM `tp_message` [ RunTime:0.0005s ]
SQL: SELECT * FROM `tp_message` WHERE `id` LIKE '$' ORDER BY title  [ RunTime:0.0002s ]

[ 2018-05-22T20:58:05+08:00 ] ::1 /lab08/index.php/home/index/homework
INFO: [ app_init ] --START--
INFO: Run Behavior\BuildLiteBehavior [ RunTime:0.000036s ]
INFO: [ app_init ] --END-- [ RunTime:0.000632s ]

[ 2018-05-22T20:58:06+08:00 ] ::1 /lab08/index.php/Home/Index/order
INFO: [ app_init ] --START--
INFO: Run Behavior\BuildLiteBehavior [ RunTime:0.000038s ]
INFO: [ app_init ] --END-- [ RunTime:0.000532s ]
INFO: [ app_begin ] --START--
INFO: Run Behavior\ReadHtmlCacheBehavior [ RunTime:0.000537s ]
INFO: [ app_begin ] --END-- [ RunTime:0.000690s ]
SQL: SHOW COLUMNS FROM `tp_message` [ RunTime:0.0005s ]
SQL: SELECT * FROM `tp_message` WHERE `id` LIKE '$' ORDER BY id  [ RunTime:0.0002s ]

[ 2018-05-22T20:58:07+08:00 ] ::1 /lab08/index.php/Home/Index/order
INFO: [ app_init ] --START--
INFO: Run Behavior\BuildLiteBehavior [ RunTime:0.000041s ]
INFO: [ app_init ] --END-- [ RunTime:0.000517s ]
INFO: [ app_begin ] --START--
INFO: Run Behavior\ReadHtmlCacheBehavior [ RunTime:0.000442s ]
INFO: [ app_begin ] --END-- [ RunTime:0.000560s ]
SQL: SHOW COLUMNS FROM `tp_message` [ RunTime:0.0005s ]
SQL: SELECT * FROM `tp_message` WHERE `id` LIKE '$' ORDER BY content  [ RunTime:0.0003s ]

[ 2018-05-22T20:59:38+08:00 ] ::1 /lab08/index.php/home/index/homework
INFO: [ app_init ] --START--
INFO: Run Behavior\BuildLiteBehavior [ RunTime:0.000026s ]
INFO: [ app_init ] --END-- [ RunTime:0.000467s ]

[ 2018-05-22T20:59:39+08:00 ] ::1 /lab08/index.php/Home/Index/order
INFO: [ app_init ] --START--
INFO: Run Behavior\BuildLiteBehavior [ RunTime:0.000031s ]
INFO: [ app_init ] --END-- [ RunTime:0.000481s ]
INFO: [ app_begin ] --START--
INFO: Run Behavior\ReadHtmlCacheBehavior [ RunTime:0.000452s ]
INFO: [ app_begin ] --END-- [ RunTime:0.000566s ]
NOTIC: [8] Undefined index: word E:\wamp\www\lab08\App\Home\Controller\IndexController.class.php 第 15 行.
NOTIC: [8] Undefined index: queryText E:\wamp\www\lab08\App\Home\Controller\IndexController.class.php 第 16 行.
SQL: SHOW COLUMNS FROM `tp_message` [ RunTime:0.0005s ]
SQL: SELECT * FROM `tp_message` ORDER BY id  [ RunTime:0.0003s ]

[ 2018-05-22T20:59:41+08:00 ] ::1 /lab08/index.php/Home/Index/order
INFO: [ app_init ] --START--
INFO: Run Behavior\BuildLiteBehavior [ RunTime:0.000031s ]
INFO: [ app_init ] --END-- [ RunTime:0.000477s ]
INFO: [ app_begin ] --START--
INFO: Run Behavior\ReadHtmlCacheBehavior [ RunTime:0.000478s ]
INFO: [ app_begin ] --END-- [ RunTime:0.000606s ]
NOTIC: [8] Undefined index: word E:\wamp\www\lab08\App\Home\Controller\IndexController.class.php 第 15 行.
NOTIC: [8] Undefined index: queryText E:\wamp\www\lab08\App\Home\Controller\IndexController.class.php 第 16 行.
SQL: SHOW COLUMNS FROM `tp_message` [ RunTime:0.0006s ]
SQL: SELECT * FROM `tp_message` ORDER BY content  [ RunTime:0.0003s ]

[ 2018-05-22T20:59:43+08:00 ] ::1 /lab08/index.php/Home/Index/order
INFO: [ app_init ] --START--
INFO: Run Behavior\BuildLiteBehavior [ RunTime:0.000030s ]
INFO: [ app_init ] --END-- [ RunTime:0.000452s ]
INFO: [ app_begin ] --START--
INFO: Run Behavior\ReadHtmlCacheBehavior [ RunTime:0.000434s ]
INFO: [ app_begin ] --END-- [ RunTime:0.000550s ]
NOTIC: [8] Undefined index: word E:\wamp\www\lab08\App\Home\Controller\IndexController.class.php 第 15 行.
NOTIC: [8] Undefined index: queryText E:\wamp\www\lab08\App\Home\Controller\IndexController.class.php 第 16 行.
SQL: SHOW COLUMNS FROM `tp_message` [ RunTime:0.0005s ]
SQL: SELECT * FROM `tp_message` ORDER BY time  [ RunTime:0.0003s ]

[ 2018-05-22T21:02:07+08:00 ] ::1 /lab08/index.php/home/index/homework
INFO: [ app_init ] --START--
INFO: Run Behavior\BuildLiteBehavior [ RunTime:0.000024s ]
INFO: [ app_init ] --END-- [ RunTime:0.000380s ]

[ 2018-05-22T21:02:08+08:00 ] ::1 /lab08/index.php/Home/Index/order
INFO: [ app_init ] --START--
INFO: Run Behavior\BuildLiteBehavior [ RunTime:0.000029s ]
INFO: [ app_init ] --END-- [ RunTime:0.000437s ]
INFO: [ app_begin ] --START--
INFO: Run Behavior\ReadHtmlCacheBehavior [ RunTime:0.000434s ]
INFO: [ app_begin ] --END-- [ RunTime:0.000550s ]
SQL: SHOW COLUMNS FROM `tp_message` [ RunTime:0.0006s ]
SQL: SELECT * FROM `tp_message` WHERE `id` LIKE '$' ORDER BY id  [ RunTime:0.0003s ]

[ 2018-05-22T21:04:08+08:00 ] ::1 /lab08/index.php/home/index/homework
INFO: [ app_init ] --START--
INFO: Run Behavior\BuildLiteBehavior [ RunTime:0.000037s ]
INFO: [ app_init ] --END-- [ RunTime:0.000763s ]

[ 2018-05-22T21:04:08+08:00 ] ::1 /lab08/index.php/Home/Index/order
INFO: [ app_init ] --START--
INFO: Run Behavior\BuildLiteBehavior [ RunTime:0.000030s ]
INFO: [ app_init ] --END-- [ RunTime:0.000457s ]
INFO: [ app_begin ] --START--
INFO: Run Behavior\ReadHtmlCacheBehavior [ RunTime:0.000453s ]
INFO: [ app_begin ] --END-- [ RunTime:0.000573s ]
NOTIC: [8] Undefined index: queryText E:\wamp\www\lab08\App\Home\Controller\IndexController.class.php 第 16 行.
SQL: SHOW COLUMNS FROM `tp_message` [ RunTime:0.0006s ]
SQL: SELECT * FROM `tp_message` WHERE `id` LIKE '$' ORDER BY id  [ RunTime:0.0003s ]

[ 2018-05-22T21:04:20+08:00 ] ::1 /lab08/index.php/home/index/homework
INFO: [ app_init ] --START--
INFO: Run Behavior\BuildLiteBehavior [ RunTime:0.000052s ]
INFO: [ app_init ] --END-- [ RunTime:0.000789s ]

[ 2018-05-22T21:04:21+08:00 ] ::1 /lab08/index.php/Home/Index/order
INFO: [ app_init ] --START--
INFO: Run Behavior\BuildLiteBehavior [ RunTime:0.000021s ]
INFO: [ app_init ] --END-- [ RunTime:0.000340s ]
INFO: [ app_begin ] --START--
INFO: Run Behavior\ReadHtmlCacheBehavior [ RunTime:0.000366s ]
INFO: [ app_begin ] --END-- [ RunTime:0.000461s ]
NOTIC: [8] Undefined index: word E:\wamp\www\lab08\App\Home\Controller\IndexController.class.php 第 15 行.
SQL: SHOW COLUMNS FROM `tp_message` [ RunTime:0.0006s ]
SQL: SELECT * FROM `tp_message` ORDER BY id  [ RunTime:0.0003s ]

[ 2018-05-22T21:04:22+08:00 ] ::1 /lab08/index.php/Home/Index/order
INFO: [ app_init ] --START--
INFO: Run Behavior\BuildLiteBehavior [ RunTime:0.000048s ]
INFO: [ app_init ] --END-- [ RunTime:0.000534s ]
INFO: [ app_begin ] --START--
INFO: Run Behavior\ReadHtmlCacheBehavior [ RunTime:0.000376s ]
INFO: [ app_begin ] --END-- [ RunTime:0.000475s ]
NOTIC: [8] Undefined index: word E:\wamp\www\lab08\App\Home\Controller\IndexController.class.php 第 15 行.
SQL: SHOW COLUMNS FROM `tp_message` [ RunTime:0.0005s ]
SQL: SELECT * FROM `tp_message` ORDER BY id  [ RunTime:0.0003s ]

[ 2018-05-22T21:04:24+08:00 ] ::1 /lab08/index.php/Home/Index/order
INFO: [ app_init ] --START--
INFO: Run Behavior\BuildLiteBehavior [ RunTime:0.000028s ]
INFO: [ app_init ] --END-- [ RunTime:0.000431s ]
INFO: [ app_begin ] --START--
INFO: Run Behavior\ReadHtmlCacheBehavior [ RunTime:0.000426s ]
INFO: [ app_begin ] --END-- [ RunTime:0.000543s ]
NOTIC: [8] Undefined index: word E:\wamp\www\lab08\App\Home\Controller\IndexController.class.php 第 15 行.
SQL: SHOW COLUMNS FROM `tp_message` [ RunTime:0.0005s ]
SQL: SELECT * FROM `tp_message` ORDER BY content  [ RunTime:0.0003s ]

[ 2018-05-22T21:04:26+08:00 ] ::1 /lab08/index.php/Home/Index/order
INFO: [ app_init ] --START--
INFO: Run Behavior\BuildLiteBehavior [ RunTime:0.000029s ]
INFO: [ app_init ] --END-- [ RunTime:0.000450s ]
INFO: [ app_begin ] --START--
INFO: Run Behavior\ReadHtmlCacheBehavior [ RunTime:0.000432s ]
INFO: [ app_begin ] --END-- [ RunTime:0.000550s ]
NOTIC: [8] Undefined index: word E:\wamp\www\lab08\App\Home\Controller\IndexController.class.php 第 15 行.
SQL: SHOW COLUMNS FROM `tp_message` [ RunTime:0.0007s ]
SQL: SELECT * FROM `tp_message` ORDER BY time  [ RunTime:0.0003s ]

[ 2018-05-22T21:04:52+08:00 ] ::1 /lab08/index.php/home/index/homework
INFO: [ app_init ] --START--
INFO: Run Behavior\BuildLiteBehavior [ RunTime:0.000052s ]
INFO: [ app_init ] --END-- [ RunTime:0.000754s ]

[ 2018-05-22T21:04:52+08:00 ] ::1 /lab08/index.php/Home/Index/order
INFO: [ app_init ] --START--
INFO: Run Behavior\BuildLiteBehavior [ RunTime:0.000032s ]
INFO: [ app_init ] --END-- [ RunTime:0.000483s ]
INFO: [ app_begin ] --START--
INFO: Run Behavior\ReadHtmlCacheBehavior [ RunTime:0.000484s ]
INFO: [ app_begin ] --END-- [ RunTime:0.000601s ]
SQL: SHOW COLUMNS FROM `tp_message` [ RunTime:0.0005s ]
SQL: SELECT * FROM `tp_message` WHERE `id` LIKE '$' ORDER BY id  [ RunTime:0.0003s ]

[ 2018-05-22T21:09:33+08:00 ] ::1 /lab08/index.php/home/index/homework
INFO: [ app_init ] --START--
INFO: Run Behavior\BuildLiteBehavior [ RunTime:0.000033s ]
INFO: [ app_init ] --END-- [ RunTime:0.000537s ]

[ 2018-05-22T21:09:34+08:00 ] ::1 /lab08/index.php/Home/Index/order
INFO: [ app_init ] --START--
INFO: Run Behavior\BuildLiteBehavior [ RunTime:0.000023s ]
INFO: [ app_init ] --END-- [ RunTime:0.000343s ]
INFO: [ app_begin ] --START--
INFO: Run Behavior\ReadHtmlCacheBehavior [ RunTime:0.000363s ]
INFO: [ app_begin ] --END-- [ RunTime:0.000455s ]
SQL: SHOW COLUMNS FROM `tp_message` [ RunTime:0.0006s ]
SQL: SELECT * FROM `tp_message` WHERE `id` LIKE '%queryText%' ORDER BY id  [ RunTime:0.0003s ]

[ 2018-05-22T21:09:35+08:00 ] ::1 /lab08/index.php/Home/Index/order
INFO: [ app_init ] --START--
INFO: Run Behavior\BuildLiteBehavior [ RunTime:0.000048s ]
INFO: [ app_init ] --END-- [ RunTime:0.000663s ]
INFO: [ app_begin ] --START--
INFO: Run Behavior\ReadHtmlCacheBehavior [ RunTime:0.000431s ]
INFO: [ app_begin ] --END-- [ RunTime:0.000548s ]
SQL: SHOW COLUMNS FROM `tp_message` [ RunTime:0.0005s ]
SQL: SELECT * FROM `tp_message` WHERE `id` LIKE '%queryText%' ORDER BY content  [ RunTime:0.0003s ]

[ 2018-05-22T21:09:54+08:00 ] ::1 /lab08/index.php/home/index/homework
INFO: [ app_init ] --START--
INFO: Run Behavior\BuildLiteBehavior [ RunTime:0.000036s ]
INFO: [ app_init ] --END-- [ RunTime:0.000641s ]

[ 2018-05-22T21:09:55+08:00 ] ::1 /lab08/index.php/Home/Index/order
INFO: [ app_init ] --START--
INFO: Run Behavior\BuildLiteBehavior [ RunTime:0.000023s ]
INFO: [ app_init ] --END-- [ RunTime:0.000348s ]
INFO: [ app_begin ] --START--
INFO: Run Behavior\ReadHtmlCacheBehavior [ RunTime:0.000366s ]
INFO: [ app_begin ] --END-- [ RunTime:0.000467s ]
SQL: SHOW COLUMNS FROM `tp_message` [ RunTime:0.0005s ]
SQL: SELECT * FROM `tp_message` WHERE `id` LIKE '%%' ORDER BY id  [ RunTime:0.0003s ]

[ 2018-05-22T21:09:57+08:00 ] ::1 /lab08/index.php/Home/Index/order
INFO: [ app_init ] --START--
INFO: Run Behavior\BuildLiteBehavior [ RunTime:0.000029s ]
INFO: [ app_init ] --END-- [ RunTime:0.000452s ]
INFO: [ app_begin ] --START--
INFO: Run Behavior\ReadHtmlCacheBehavior [ RunTime:0.000433s ]
INFO: [ app_begin ] --END-- [ RunTime:0.000550s ]
SQL: SHOW COLUMNS FROM `tp_message` [ RunTime:0.0004s ]
ERR: 1054:Unknown column 'author' in 'order clause'
 [ SQL语句 ] : SELECT * FROM `tp_message` WHERE `id` LIKE '%%' ORDER BY author 
ERR: 1054:Unknown column 'author' in 'order clause'
 [ SQL语句 ] : SELECT * FROM `tp_message` WHERE `id` LIKE '%%' ORDER BY author 

[ 2018-05-22T21:09:59+08:00 ] ::1 /lab08/index.php/Home/Index/order
INFO: [ app_init ] --START--
INFO: Run Behavior\BuildLiteBehavior [ RunTime:0.000022s ]
INFO: [ app_init ] --END-- [ RunTime:0.000341s ]
INFO: [ app_begin ] --START--
INFO: Run Behavior\ReadHtmlCacheBehavior [ RunTime:0.000342s ]
INFO: [ app_begin ] --END-- [ RunTime:0.000430s ]
SQL: SHOW COLUMNS FROM `tp_message` [ RunTime:0.0007s ]
SQL: SELECT * FROM `tp_message` WHERE `id` LIKE '%%' ORDER BY time  [ RunTime:0.0003s ]

[ 2018-05-22T21:14:58+08:00 ] ::1 /lab08/index.php/home/index/homework
INFO: [ app_init ] --START--
INFO: Run Behavior\BuildLiteBehavior [ RunTime:0.000041s ]
INFO: [ app_init ] --END-- [ RunTime:0.000596s ]

[ 2018-05-22T21:16:01+08:00 ] ::1 /lab08/index.php/home/index/homework
INFO: [ app_init ] --START--
INFO: Run Behavior\BuildLiteBehavior [ RunTime:0.000050s ]
INFO: [ app_init ] --END-- [ RunTime:0.000717s ]

[ 2018-05-22T21:16:02+08:00 ] ::1 /lab08/index.php/Home/Index/addMsg
INFO: [ app_init ] --START--
INFO: Run Behavior\BuildLiteBehavior [ RunTime:0.000026s ]
INFO: [ app_init ] --END-- [ RunTime:0.000485s ]

[ 2018-05-22T21:16:07+08:00 ] ::1 /lab08/index.php/Home/Index/addMessage
INFO: [ app_init ] --START--
INFO: Run Behavior\BuildLiteBehavior [ RunTime:0.000025s ]
INFO: [ app_init ] --END-- [ RunTime:0.000391s ]

[ 2018-05-22T21:16:07+08:00 ] ::1 /lab08/index.php/Home/Index/homework
INFO: [ app_init ] --START--
INFO: Run Behavior\BuildLiteBehavior [ RunTime:0.000032s ]
INFO: [ app_init ] --END-- [ RunTime:0.000486s ]

[ 2018-05-22T21:16:10+08:00 ] ::1 /lab08/index.php/Home/Index/order
INFO: [ app_init ] --START--
INFO: Run Behavior\BuildLiteBehavior [ RunTime:0.000023s ]
INFO: [ app_init ] --END-- [ RunTime:0.000342s ]
INFO: [ app_begin ] --START--
INFO: Run Behavior\ReadHtmlCacheBehavior [ RunTime:0.000356s ]
INFO: [ app_begin ] --END-- [ RunTime:0.000455s ]
SQL: SHOW COLUMNS FROM `tp_message` [ RunTime:0.0005s ]
SQL: SELECT * FROM `tp_message` WHERE `id` LIKE '%%' ORDER BY id  [ RunTime:0.0004s ]

[ 2018-05-22T21:16:10+08:00 ] ::1 /lab08/index.php/Home/Index/addMsg
INFO: [ app_init ] --START--
INFO: Run Behavior\BuildLiteBehavior [ RunTime:0.000029s ]
INFO: [ app_init ] --END-- [ RunTime:0.000442s ]

[ 2018-05-22T21:16:29+08:00 ] ::1 /lab08/index.php/Home/Index/order
INFO: [ app_init ] --START--
INFO: Run Behavior\BuildLiteBehavior [ RunTime:0.000031s ]
INFO: [ app_init ] --END-- [ RunTime:0.000454s ]
INFO: [ app_begin ] --START--
INFO: Run Behavior\ReadHtmlCacheBehavior [ RunTime:0.000658s ]
INFO: [ app_begin ] --END-- [ RunTime:0.000851s ]
SQL: SHOW COLUMNS FROM `tp_message` [ RunTime:0.0006s ]
SQL: SELECT * FROM `tp_message` WHERE `id` LIKE '%%' ORDER BY id  [ RunTime:0.0003s ]

[ 2018-05-22T21:16:30+08:00 ] ::1 /lab08/index.php/Home/Index/order
INFO: [ app_init ] --START--
INFO: Run Behavior\BuildLiteBehavior [ RunTime:0.000031s ]
INFO: [ app_init ] --END-- [ RunTime:0.000456s ]
INFO: [ app_begin ] --START--
INFO: Run Behavior\ReadHtmlCacheBehavior [ RunTime:0.000438s ]
INFO: [ app_begin ] --END-- [ RunTime:0.000554s ]
SQL: SHOW COLUMNS FROM `tp_message` [ RunTime:0.0006s ]
SQL: SELECT * FROM `tp_message` WHERE `id` LIKE '%%' ORDER BY id  [ RunTime:0.0004s ]

[ 2018-05-22T21:16:31+08:00 ] ::1 /lab08/index.php/Home/Index/order
INFO: [ app_init ] --START--
INFO: Run Behavior\BuildLiteBehavior [ RunTime:0.000028s ]
INFO: [ app_init ] --END-- [ RunTime:0.000427s ]
INFO: [ app_begin ] --START--
INFO: Run Behavior\ReadHtmlCacheBehavior [ RunTime:0.000425s ]
INFO: [ app_begin ] --END-- [ RunTime:0.000538s ]
SQL: SHOW COLUMNS FROM `tp_message` [ RunTime:0.0006s ]
SQL: SELECT * FROM `tp_message` WHERE `id` LIKE '%%' ORDER BY id  [ RunTime:0.0003s ]

[ 2018-05-22T21:16:33+08:00 ] ::1 /lab08/index.php/Home/Index/order
INFO: [ app_init ] --START--
INFO: Run Behavior\BuildLiteBehavior [ RunTime:0.000031s ]
INFO: [ app_init ] --END-- [ RunTime:0.000432s ]
INFO: [ app_begin ] --START--
INFO: Run Behavior\ReadHtmlCacheBehavior [ RunTime:0.000443s ]
INFO: [ app_begin ] --END-- [ RunTime:0.000562s ]
SQL: SHOW COLUMNS FROM `tp_message` [ RunTime:0.0005s ]
ERR: 1054:Unknown column 'author' in 'order clause'
 [ SQL语句 ] : SELECT * FROM `tp_message` WHERE `id` LIKE '%%' ORDER BY author 
ERR: 1054:Unknown column 'author' in 'order clause'
 [ SQL语句 ] : SELECT * FROM `tp_message` WHERE `id` LIKE '%%' ORDER BY author 

[ 2018-05-22T21:16:33+08:00 ] ::1 /lab08/index.php/Home/Index/order
INFO: [ app_init ] --START--
INFO: Run Behavior\BuildLiteBehavior [ RunTime:0.000044s ]
INFO: [ app_init ] --END-- [ RunTime:0.000642s ]
INFO: [ app_begin ] --START--
INFO: Run Behavior\ReadHtmlCacheBehavior [ RunTime:0.000618s ]
INFO: [ app_begin ] --END-- [ RunTime:0.000805s ]
SQL: SHOW COLUMNS FROM `tp_message` [ RunTime:0.0005s ]
ERR: 1054:Unknown column 'author' in 'order clause'
 [ SQL语句 ] : SELECT * FROM `tp_message` WHERE `id` LIKE '%%' ORDER BY author 
ERR: 1054:Unknown column 'author' in 'order clause'
 [ SQL语句 ] : SELECT * FROM `tp_message` WHERE `id` LIKE '%%' ORDER BY author 

[ 2018-05-22T21:16:35+08:00 ] ::1 /lab08/index.php/Home/Index/order
INFO: [ app_init ] --START--
INFO: Run Behavior\BuildLiteBehavior [ RunTime:0.000029s ]
INFO: [ app_init ] --END-- [ RunTime:0.000436s ]
INFO: [ app_begin ] --START--
INFO: Run Behavior\ReadHtmlCacheBehavior [ RunTime:0.000438s ]
INFO: [ app_begin ] --END-- [ RunTime:0.000554s ]
SQL: SHOW COLUMNS FROM `tp_message` [ RunTime:0.0005s ]
SQL: SELECT * FROM `tp_message` WHERE `id` LIKE '%%' ORDER BY time  [ RunTime:0.0003s ]

[ 2018-05-22T21:16:37+08:00 ] ::1 /lab08/index.php/Home/Index/order
INFO: [ app_init ] --START--
INFO: Run Behavior\BuildLiteBehavior [ RunTime:0.000023s ]
INFO: [ app_init ] --END-- [ RunTime:0.000339s ]
INFO: [ app_begin ] --START--
INFO: Run Behavior\ReadHtmlCacheBehavior [ RunTime:0.000327s ]
INFO: [ app_begin ] --END-- [ RunTime:0.000417s ]
SQL: SHOW COLUMNS FROM `tp_message` [ RunTime:0.0005s ]
SQL: SELECT * FROM `tp_message` WHERE `id` LIKE '%%' ORDER BY title  [ RunTime:0.0003s ]

[ 2018-05-22T21:16:40+08:00 ] ::1 /lab08/index.php/Home/Index/order
INFO: [ app_init ] --START--
INFO: Run Behavior\BuildLiteBehavior [ RunTime:0.000045s ]
INFO: [ app_init ] --END-- [ RunTime:0.000641s ]
INFO: [ app_begin ] --START--
INFO: Run Behavior\ReadHtmlCacheBehavior [ RunTime:0.000624s ]
INFO: [ app_begin ] --END-- [ RunTime:0.000808s ]
SQL: SHOW COLUMNS FROM `tp_message` [ RunTime:0.0006s ]
SQL: SELECT * FROM `tp_message` WHERE `id` LIKE '%%' ORDER BY id  [ RunTime:0.0003s ]

[ 2018-05-22T21:16:41+08:00 ] ::1 /lab08/index.php/Home/Index/homework
INFO: [ app_init ] --START--
INFO: Run Behavior\BuildLiteBehavior [ RunTime:0.000027s ]
INFO: [ app_init ] --END-- [ RunTime:0.000368s ]

[ 2018-05-22T21:16:52+08:00 ] ::1 /lab08/index.php/Home/Index/addMsg
INFO: [ app_init ] --START--
INFO: Run Behavior\BuildLiteBehavior [ RunTime:0.000032s ]
INFO: [ app_init ] --END-- [ RunTime:0.000499s ]

[ 2018-05-22T21:16:58+08:00 ] ::1 /lab08/index.php/Home/Index/addMessage
INFO: [ app_init ] --START--
INFO: Run Behavior\BuildLiteBehavior [ RunTime:0.000024s ]
INFO: [ app_init ] --END-- [ RunTime:0.000334s ]

[ 2018-05-22T21:16:58+08:00 ] ::1 /lab08/index.php/Home/Index/homework
INFO: [ app_init ] --START--
INFO: Run Behavior\BuildLiteBehavior [ RunTime:0.000029s ]
INFO: [ app_init ] --END-- [ RunTime:0.000393s ]

[ 2018-05-22T21:18:17+08:00 ] ::1 /lab08/index.php/Home/Index/homework
INFO: [ app_init ] --START--
INFO: Run Behavior\BuildLiteBehavior [ RunTime:0.000031s ]
INFO: [ app_init ] --END-- [ RunTime:0.000501s ]

[ 2018-05-22T21:18:18+08:00 ] ::1 /lab08/index.php/Home/Index/order
INFO: [ app_init ] --START--
INFO: Run Behavior\BuildLiteBehavior [ RunTime:0.000028s ]
INFO: [ app_init ] --END-- [ RunTime:0.000439s ]
INFO: [ app_begin ] --START--
INFO: Run Behavior\ReadHtmlCacheBehavior [ RunTime:0.000443s ]
INFO: [ app_begin ] --END-- [ RunTime:0.000560s ]
SQL: SHOW COLUMNS FROM `tp_message` [ RunTime:0.0005s ]
SQL: SELECT * FROM `tp_message` WHERE `id` LIKE '%%' ORDER BY id  [ RunTime:0.0003s ]

[ 2018-05-22T21:18:20+08:00 ] ::1 /lab08/index.php/Home/Index/order
INFO: [ app_init ] --START--
INFO: Run Behavior\BuildLiteBehavior [ RunTime:0.000028s ]
INFO: [ app_init ] --END-- [ RunTime:0.000435s ]
INFO: [ app_begin ] --START--
INFO: Run Behavior\ReadHtmlCacheBehavior [ RunTime:0.000432s ]
INFO: [ app_begin ] --END-- [ RunTime:0.000548s ]
SQL: SHOW COLUMNS FROM `tp_message` [ RunTime:0.0006s ]
SQL: SELECT * FROM `tp_message` WHERE `id` LIKE '%%' ORDER BY content  [ RunTime:0.0003s ]

[ 2018-05-22T21:19:41+08:00 ] ::1 /lab08/index.php/Home/Index/homework
INFO: [ app_init ] --START--
INFO: Run Behavior\BuildLiteBehavior [ RunTime:0.000037s ]
INFO: [ app_init ] --END-- [ RunTime:0.000571s ]

[ 2018-05-22T21:24:01+08:00 ] ::1 /lab08/index.php/Home/Index/homework
INFO: [ app_init ] --START--
INFO: Run Behavior\BuildLiteBehavior [ RunTime:0.000026s ]
INFO: [ app_init ] --END-- [ RunTime:0.000433s ]

[ 2018-05-22T21:24:02+08:00 ] ::1 /lab08/index.php/Home/Index/addMsg
INFO: [ app_init ] --START--
INFO: Run Behavior\BuildLiteBehavior [ RunTime:0.000031s ]
INFO: [ app_init ] --END-- [ RunTime:0.000461s ]

[ 2018-05-22T21:24:04+08:00 ] ::1 /lab08/index.php/Home/Index/addMessage
INFO: [ app_init ] --START--
INFO: Run Behavior\BuildLiteBehavior [ RunTime:0.000034s ]
INFO: [ app_init ] --END-- [ RunTime:0.000482s ]

[ 2018-05-22T21:24:04+08:00 ] ::1 /lab08/index.php/Home/Index/homework
INFO: [ app_init ] --START--
INFO: Run Behavior\BuildLiteBehavior [ RunTime:0.000029s ]
INFO: [ app_init ] --END-- [ RunTime:0.000452s ]

[ 2018-05-22T21:24:49+08:00 ] ::1 /lab08/index.php/Home/Index/homework
INFO: [ app_init ] --START--
INFO: Run Behavior\BuildLiteBehavior [ RunTime:0.000031s ]
INFO: [ app_init ] --END-- [ RunTime:0.000466s ]

[ 2018-05-22T21:24:52+08:00 ] ::1 /lab08/index.php/Home/Index/order
INFO: [ app_init ] --START--
INFO: Run Behavior\BuildLiteBehavior [ RunTime:0.000028s ]
INFO: [ app_init ] --END-- [ RunTime:0.000433s ]
INFO: [ app_begin ] --START--
INFO: Run Behavior\ReadHtmlCacheBehavior [ RunTime:0.000445s ]
INFO: [ app_begin ] --END-- [ RunTime:0.000560s ]
SQL: SHOW COLUMNS FROM `tp_message` [ RunTime:0.0008s ]
SQL: SELECT * FROM `tp_message` WHERE `id` LIKE '%%' ORDER BY id  [ RunTime:0.0004s ]

[ 2018-05-22T21:25:10+08:00 ] ::1 /lab08/index.php/Home/Index/homework
INFO: [ app_init ] --START--
INFO: Run Behavior\BuildLiteBehavior [ RunTime:0.000033s ]
INFO: [ app_init ] --END-- [ RunTime:0.000476s ]

[ 2018-05-22T21:27:08+08:00 ] ::1 /lab08/index.php/Home/Index/homework
INFO: [ app_init ] --START--
INFO: Run Behavior\BuildLiteBehavior [ RunTime:0.000044s ]
INFO: [ app_init ] --END-- [ RunTime:0.000673s ]

[ 2018-05-22T21:27:09+08:00 ] ::1 /lab08/index.php/Home/Index/addMsg
INFO: [ app_init ] --START--
INFO: Run Behavior\BuildLiteBehavior [ RunTime:0.000023s ]
INFO: [ app_init ] --END-- [ RunTime:0.000338s ]

[ 2018-05-22T21:27:13+08:00 ] ::1 /lab08/index.php/Home/Index/addMessage
INFO: [ app_init ] --START--
INFO: Run Behavior\BuildLiteBehavior [ RunTime:0.000026s ]
INFO: [ app_init ] --END-- [ RunTime:0.000483s ]

[ 2018-05-22T21:27:13+08:00 ] ::1 /lab08/index.php/Home/Index/homework
INFO: [ app_init ] --START--
INFO: Run Behavior\BuildLiteBehavior [ RunTime:0.000037s ]
INFO: [ app_init ] --END-- [ RunTime:0.000509s ]

[ 2018-05-22T21:28:53+08:00 ] ::1 /lab08/index.php/Home/Index/homework
INFO: [ app_init ] --START--
INFO: Run Behavior\BuildLiteBehavior [ RunTime:0.000040s ]
INFO: [ app_init ] --END-- [ RunTime:0.000646s ]

[ 2018-05-22T21:29:44+08:00 ] ::1 /lab08/index.php/Home/Index/order
INFO: [ app_init ] --START--
INFO: Run Behavior\BuildLiteBehavior [ RunTime:0.000031s ]
INFO: [ app_init ] --END-- [ RunTime:0.000526s ]
INFO: [ app_begin ] --START--
INFO: Run Behavior\ReadHtmlCacheBehavior [ RunTime:0.000589s ]
INFO: [ app_begin ] --END-- [ RunTime:0.000715s ]
SQL: SHOW COLUMNS FROM `tp_message` [ RunTime:0.0006s ]
SQL: SELECT * FROM `tp_message` WHERE `title` LIKE '%%' ORDER BY id  [ RunTime:0.0005s ]

[ 2018-05-22T21:29:44+08:00 ] ::1 /lab08/index.php/Home/Index/order
INFO: [ app_init ] --START--
INFO: Run Behavior\BuildLiteBehavior [ RunTime:0.000029s ]
INFO: [ app_init ] --END-- [ RunTime:0.000441s ]
INFO: [ app_begin ] --START--
INFO: Run Behavior\ReadHtmlCacheBehavior [ RunTime:0.000475s ]
INFO: [ app_begin ] --END-- [ RunTime:0.000601s ]
SQL: SHOW COLUMNS FROM `tp_message` [ RunTime:0.0005s ]
SQL: SELECT * FROM `tp_message` WHERE `title` LIKE '%%' ORDER BY id  [ RunTime:0.0003s ]

[ 2018-05-22T21:29:47+08:00 ] ::1 /lab08/index.php/Home/Index/order
INFO: [ app_init ] --START--
INFO: Run Behavior\BuildLiteBehavior [ RunTime:0.000023s ]
INFO: [ app_init ] --END-- [ RunTime:0.000345s ]
INFO: [ app_begin ] --START--
INFO: Run Behavior\ReadHtmlCacheBehavior [ RunTime:0.000354s ]
INFO: [ app_begin ] --END-- [ RunTime:0.000443s ]
SQL: SHOW COLUMNS FROM `tp_message` [ RunTime:0.0006s ]
SQL: SELECT * FROM `tp_message` ORDER BY id  [ RunTime:0.0003s ]

[ 2018-05-22T21:29:49+08:00 ] ::1 /lab08/index.php/Home/Index/order
INFO: [ app_init ] --START--
INFO: Run Behavior\BuildLiteBehavior [ RunTime:0.000027s ]
INFO: [ app_init ] --END-- [ RunTime:0.000431s ]
INFO: [ app_begin ] --START--
INFO: Run Behavior\ReadHtmlCacheBehavior [ RunTime:0.000425s ]
INFO: [ app_begin ] --END-- [ RunTime:0.000540s ]
SQL: SHOW COLUMNS FROM `tp_message` [ RunTime:0.0005s ]
SQL: SELECT * FROM `tp_message` WHERE `time` LIKE '%%' ORDER BY id  [ RunTime:0.0004s ]

[ 2018-05-22T21:29:53+08:00 ] ::1 /lab08/index.php/Home/Index/order
INFO: [ app_init ] --START--
INFO: Run Behavior\BuildLiteBehavior [ RunTime:0.000023s ]
INFO: [ app_init ] --END-- [ RunTime:0.000345s ]
INFO: [ app_begin ] --START--
INFO: Run Behavior\ReadHtmlCacheBehavior [ RunTime:0.000330s ]
INFO: [ app_begin ] --END-- [ RunTime:0.000417s ]
SQL: SHOW COLUMNS FROM `tp_message` [ RunTime:0.0005s ]
ERR: 1054:Unknown column 'author' in 'order clause'
 [ SQL语句 ] : SELECT * FROM `tp_message` WHERE `time` LIKE '%%' ORDER BY author 
ERR: 1054:Unknown column 'author' in 'order clause'
 [ SQL语句 ] : SELECT * FROM `tp_message` WHERE `time` LIKE '%%' ORDER BY author 

[ 2018-05-22T21:29:54+08:00 ] ::1 /lab08/index.php/Home/Index/order
INFO: [ app_init ] --START--
INFO: Run Behavior\BuildLiteBehavior [ RunTime:0.000029s ]
INFO: [ app_init ] --END-- [ RunTime:0.000510s ]
INFO: [ app_begin ] --START--
INFO: Run Behavior\ReadHtmlCacheBehavior [ RunTime:0.000433s ]
INFO: [ app_begin ] --END-- [ RunTime:0.000549s ]
SQL: SHOW COLUMNS FROM `tp_message` [ RunTime:0.0005s ]
ERR: 1054:Unknown column 'author' in 'order clause'
 [ SQL语句 ] : SELECT * FROM `tp_message` WHERE `time` LIKE '%%' ORDER BY author 
ERR: 1054:Unknown column 'author' in 'order clause'
 [ SQL语句 ] : SELECT * FROM `tp_message` WHERE `time` LIKE '%%' ORDER BY author 

[ 2018-05-22T21:29:56+08:00 ] ::1 /lab08/index.php/Home/Index/order
INFO: [ app_init ] --START--
INFO: Run Behavior\BuildLiteBehavior [ RunTime:0.000039s ]
INFO: [ app_init ] --END-- [ RunTime:0.000549s ]
INFO: [ app_begin ] --START--
INFO: Run Behavior\ReadHtmlCacheBehavior [ RunTime:0.000356s ]
INFO: [ app_begin ] --END-- [ RunTime:0.000451s ]
SQL: SHOW COLUMNS FROM `tp_message` [ RunTime:0.0005s ]
ERR: 1054:Unknown column 'author' in 'order clause'
 [ SQL语句 ] : SELECT * FROM `tp_message` WHERE `content` LIKE '%%' ORDER BY author 
ERR: 1054:Unknown column 'author' in 'order clause'
 [ SQL语句 ] : SELECT * FROM `tp_message` WHERE `content` LIKE '%%' ORDER BY author 

[ 2018-05-22T21:29:59+08:00 ] ::1 /lab08/index.php/Home/Index/order
INFO: [ app_init ] --START--
INFO: Run Behavior\BuildLiteBehavior [ RunTime:0.000029s ]
INFO: [ app_init ] --END-- [ RunTime:0.000441s ]
INFO: [ app_begin ] --START--
INFO: Run Behavior\ReadHtmlCacheBehavior [ RunTime:0.000451s ]
INFO: [ app_begin ] --END-- [ RunTime:0.000566s ]
SQL: SHOW COLUMNS FROM `tp_message` [ RunTime:0.0005s ]
ERR: 1054:Unknown column 'author' in 'order clause'
 [ SQL语句 ] : SELECT * FROM `tp_message` WHERE `id` LIKE '%%' ORDER BY author 
ERR: 1054:Unknown column 'author' in 'order clause'
 [ SQL语句 ] : SELECT * FROM `tp_message` WHERE `id` LIKE '%%' ORDER BY author 

[ 2018-05-22T21:29:59+08:00 ] ::1 /lab08/index.php/Home/Index/order
INFO: [ app_init ] --START--
INFO: Run Behavior\BuildLiteBehavior [ RunTime:0.000021s ]
INFO: [ app_init ] --END-- [ RunTime:0.000324s ]
INFO: [ app_begin ] --START--
INFO: Run Behavior\ReadHtmlCacheBehavior [ RunTime:0.000315s ]
INFO: [ app_begin ] --END-- [ RunTime:0.000399s ]
SQL: SHOW COLUMNS FROM `tp_message` [ RunTime:0.0005s ]
ERR: 1054:Unknown column 'author' in 'order clause'
 [ SQL语句 ] : SELECT * FROM `tp_message` WHERE `id` LIKE '%%' ORDER BY author 
ERR: 1054:Unknown column 'author' in 'order clause'
 [ SQL语句 ] : SELECT * FROM `tp_message` WHERE `id` LIKE '%%' ORDER BY author 

[ 2018-05-22T21:29:59+08:00 ] ::1 /lab08/index.php/Home/Index/order
INFO: [ app_init ] --START--
INFO: Run Behavior\BuildLiteBehavior [ RunTime:0.000022s ]
INFO: [ app_init ] --END-- [ RunTime:0.000333s ]
INFO: [ app_begin ] --START--
INFO: Run Behavior\ReadHtmlCacheBehavior [ RunTime:0.000332s ]
INFO: [ app_begin ] --END-- [ RunTime:0.000420s ]
SQL: SHOW COLUMNS FROM `tp_message` [ RunTime:0.0005s ]
ERR: 1054:Unknown column 'author' in 'order clause'
 [ SQL语句 ] : SELECT * FROM `tp_message` WHERE `id` LIKE '%%' ORDER BY author 
ERR: 1054:Unknown column 'author' in 'order clause'
 [ SQL语句 ] : SELECT * FROM `tp_message` WHERE `id` LIKE '%%' ORDER BY author 

[ 2018-05-22T21:30:13+08:00 ] ::1 /lab08/index.php/Home/Index/homework
INFO: [ app_init ] --START--
INFO: Run Behavior\BuildLiteBehavior [ RunTime:0.000040s ]
INFO: [ app_init ] --END-- [ RunTime:0.000552s ]

[ 2018-05-22T21:31:49+08:00 ] ::1 /lab08/index.php/Home/Index/homework
INFO: [ app_init ] --START--
INFO: Run Behavior\BuildLiteBehavior [ RunTime:0.000026s ]
INFO: [ app_init ] --END-- [ RunTime:0.000407s ]

[ 2018-05-22T21:31:52+08:00 ] ::1 /lab08/index.php/Home/Index/order
INFO: [ app_init ] --START--
INFO: Run Behavior\BuildLiteBehavior [ RunTime:0.000030s ]
INFO: [ app_init ] --END-- [ RunTime:0.000439s ]
INFO: [ app_begin ] --START--
INFO: Run Behavior\ReadHtmlCacheBehavior [ RunTime:0.000432s ]
INFO: [ app_begin ] --END-- [ RunTime:0.000547s ]
SQL: SHOW COLUMNS FROM `tp_message` [ RunTime:0.0008s ]
ERR: 1054:Unknown column 'author' in 'order clause'
 [ SQL语句 ] : SELECT * FROM `tp_message` WHERE `id` LIKE '%%' ORDER BY author 
ERR: 1054:Unknown column 'author' in 'order clause'
 [ SQL语句 ] : SELECT * FROM `tp_message` WHERE `id` LIKE '%%' ORDER BY author 

[ 2018-05-22T21:31:54+08:00 ] ::1 /lab08/index.php/Home/Index/addMsg
INFO: [ app_init ] --START--
INFO: Run Behavior\BuildLiteBehavior [ RunTime:0.000030s ]
INFO: [ app_init ] --END-- [ RunTime:0.000441s ]

[ 2018-05-22T21:31:57+08:00 ] ::1 /lab08/index.php/Home/Index/addMessage
INFO: [ app_init ] --START--
INFO: Run Behavior\BuildLiteBehavior [ RunTime:0.000025s ]
INFO: [ app_init ] --END-- [ RunTime:0.000386s ]

[ 2018-05-22T21:31:57+08:00 ] ::1 /lab08/index.php/Home/Index/homework
INFO: [ app_init ] --START--
INFO: Run Behavior\BuildLiteBehavior [ RunTime:0.000040s ]
INFO: [ app_init ] --END-- [ RunTime:0.000396s ]

[ 2018-05-22T21:32:02+08:00 ] ::1 /lab08/index.php/Home/Index/order
INFO: [ app_init ] --START--
INFO: Run Behavior\BuildLiteBehavior [ RunTime:0.000024s ]
INFO: [ app_init ] --END-- [ RunTime:0.000349s ]
INFO: [ app_begin ] --START--
INFO: Run Behavior\ReadHtmlCacheBehavior [ RunTime:0.000335s ]
INFO: [ app_begin ] --END-- [ RunTime:0.000425s ]
SQL: SHOW COLUMNS FROM `tp_message` [ RunTime:0.0006s ]
ERR: 1054:Unknown column 'author' in 'order clause'
 [ SQL语句 ] : SELECT * FROM `tp_message` WHERE `id` LIKE '%%' ORDER BY author 
ERR: 1054:Unknown column 'author' in 'order clause'
 [ SQL语句 ] : SELECT * FROM `tp_message` WHERE `id` LIKE '%%' ORDER BY author 

[ 2018-05-22T21:32:03+08:00 ] ::1 /lab08/index.php/Home/Index/order
INFO: [ app_init ] --START--
INFO: Run Behavior\BuildLiteBehavior [ RunTime:0.000029s ]
INFO: [ app_init ] --END-- [ RunTime:0.000448s ]
INFO: [ app_begin ] --START--
INFO: Run Behavior\ReadHtmlCacheBehavior [ RunTime:0.000432s ]
INFO: [ app_begin ] --END-- [ RunTime:0.000560s ]
SQL: SHOW COLUMNS FROM `tp_message` [ RunTime:0.0007s ]
ERR: 1054:Unknown column 'author' in 'order clause'
 [ SQL语句 ] : SELECT * FROM `tp_message` WHERE `id` LIKE '%%' ORDER BY author 
ERR: 1054:Unknown column 'author' in 'order clause'
 [ SQL语句 ] : SELECT * FROM `tp_message` WHERE `id` LIKE '%%' ORDER BY author 

[ 2018-05-22T21:32:04+08:00 ] ::1 /lab08/index.php/Home/Index/order
INFO: [ app_init ] --START--
INFO: Run Behavior\BuildLiteBehavior [ RunTime:0.000026s ]
INFO: [ app_init ] --END-- [ RunTime:0.000360s ]
INFO: [ app_begin ] --START--
INFO: Run Behavior\ReadHtmlCacheBehavior [ RunTime:0.000677s ]
INFO: [ app_begin ] --END-- [ RunTime:0.000842s ]
SQL: SHOW COLUMNS FROM `tp_message` [ RunTime:0.0006s ]
SQL: SELECT * FROM `tp_message` WHERE `id` LIKE '%%' ORDER BY time  [ RunTime:0.0003s ]

[ 2018-05-22T21:32:25+08:00 ] ::1 /lab08/index.php/Home/Index/homework
INFO: [ app_init ] --START--
INFO: Run Behavior\BuildLiteBehavior [ RunTime:0.000044s ]
INFO: [ app_init ] --END-- [ RunTime:0.000452s ]

[ 2018-05-22T21:32:26+08:00 ] ::1 /lab08/index.php/Home/Index/order
INFO: [ app_init ] --START--
INFO: Run Behavior\BuildLiteBehavior [ RunTime:0.000028s ]
INFO: [ app_init ] --END-- [ RunTime:0.000439s ]
INFO: [ app_begin ] --START--
INFO: Run Behavior\ReadHtmlCacheBehavior [ RunTime:0.000454s ]
INFO: [ app_begin ] --END-- [ RunTime:0.000570s ]
SQL: SHOW COLUMNS FROM `tp_message` [ RunTime:0.0008s ]
SQL: SELECT * FROM `tp_message` WHERE `id` LIKE '%%' ORDER BY id  [ RunTime:0.0004s ]

[ 2018-05-22T21:32:28+08:00 ] ::1 /lab08/index.php/Home/Index/order
INFO: [ app_init ] --START--
INFO: Run Behavior\BuildLiteBehavior [ RunTime:0.000025s ]
INFO: [ app_init ] --END-- [ RunTime:0.000388s ]
INFO: [ app_begin ] --START--
INFO: Run Behavior\ReadHtmlCacheBehavior [ RunTime:0.000360s ]
INFO: [ app_begin ] --END-- [ RunTime:0.000451s ]
SQL: SHOW COLUMNS FROM `tp_message` [ RunTime:0.0007s ]
SQL: SELECT * FROM `tp_message` WHERE `id` LIKE '%%' ORDER BY content  [ RunTime:0.0003s ]

[ 2018-05-22T21:32:30+08:00 ] ::1 /lab08/index.php/Home/Index/order
INFO: [ app_init ] --START--
INFO: Run Behavior\BuildLiteBehavior [ RunTime:0.000031s ]
INFO: [ app_init ] --END-- [ RunTime:0.000453s ]
INFO: [ app_begin ] --START--
INFO: Run Behavior\ReadHtmlCacheBehavior [ RunTime:0.000570s ]
INFO: [ app_begin ] --END-- [ RunTime:0.000688s ]
SQL: SHOW COLUMNS FROM `tp_message` [ RunTime:0.0007s ]
SQL: SELECT * FROM `tp_message` WHERE `id` LIKE '%%' ORDER BY time  [ RunTime:0.0004s ]

[ 2018-05-22T21:32:32+08:00 ] ::1 /lab08/index.php/Home/Index/homework
INFO: [ app_init ] --START--
INFO: Run Behavior\BuildLiteBehavior [ RunTime:0.000042s ]
INFO: [ app_init ] --END-- [ RunTime:0.000687s ]

[ 2018-05-22T21:32:56+08:00 ] ::1 /lab08/index.php/Home/Index/homework
INFO: [ app_init ] --START--
INFO: Run Behavior\BuildLiteBehavior [ RunTime:0.000025s ]
INFO: [ app_init ] --END-- [ RunTime:0.000370s ]

[ 2018-05-22T21:32:58+08:00 ] ::1 /lab08/index.php/Home/Index/order
INFO: [ app_init ] --START--
INFO: Run Behavior\BuildLiteBehavior [ RunTime:0.000031s ]
INFO: [ app_init ] --END-- [ RunTime:0.000441s ]
INFO: [ app_begin ] --START--
INFO: Run Behavior\ReadHtmlCacheBehavior [ RunTime:0.000455s ]
INFO: [ app_begin ] --END-- [ RunTime:0.000608s ]
SQL: SHOW COLUMNS FROM `tp_message` [ RunTime:0.0008s ]
SQL: SELECT * FROM `tp_message` WHERE `id` LIKE '%%' ORDER BY content  [ RunTime:0.0004s ]

[ 2018-05-22T21:33:00+08:00 ] ::1 /lab08/index.php/Home/Index/homework
INFO: [ app_init ] --START--
INFO: Run Behavior\BuildLiteBehavior [ RunTime:0.000041s ]
INFO: [ app_init ] --END-- [ RunTime:0.000614s ]

[ 2018-05-22T21:33:05+08:00 ] ::1 /lab08/index.php/Home/Index/order
INFO: [ app_init ] --START--
INFO: Run Behavior\BuildLiteBehavior [ RunTime:0.000024s ]
INFO: [ app_init ] --END-- [ RunTime:0.000349s ]
INFO: [ app_begin ] --START--
INFO: Run Behavior\ReadHtmlCacheBehavior [ RunTime:0.000386s ]
INFO: [ app_begin ] --END-- [ RunTime:0.000489s ]
SQL: SHOW COLUMNS FROM `tp_message` [ RunTime:0.0005s ]
SQL: SELECT * FROM `tp_message` WHERE `content` LIKE '%%' ORDER BY id  [ RunTime:0.0003s ]

[ 2018-05-22T21:33:20+08:00 ] ::1 /lab08/index.php/Home/Index/homework
INFO: [ app_init ] --START--
INFO: Run Behavior\BuildLiteBehavior [ RunTime:0.000025s ]
INFO: [ app_init ] --END-- [ RunTime:0.000362s ]

[ 2018-05-22T21:33:21+08:00 ] ::1 /lab08/index.php/Home/Index/order
INFO: [ app_init ] --START--
INFO: Run Behavior\BuildLiteBehavior [ RunTime:0.000021s ]
INFO: [ app_init ] --END-- [ RunTime:0.000335s ]
INFO: [ app_begin ] --START--
INFO: Run Behavior\ReadHtmlCacheBehavior [ RunTime:0.000390s ]
INFO: [ app_begin ] --END-- [ RunTime:0.000478s ]
SQL: SHOW COLUMNS FROM `tp_message` [ RunTime:0.0005s ]
SQL: SELECT * FROM `tp_message` WHERE `id` LIKE '%%' ORDER BY title  [ RunTime:0.0003s ]

[ 2018-05-22T21:34:03+08:00 ] ::1 /lab08/index.php/Home/Index/homework
INFO: [ app_init ] --START--
INFO: Run Behavior\BuildLiteBehavior [ RunTime:0.000042s ]
INFO: [ app_init ] --END-- [ RunTime:0.000616s ]

[ 2018-05-22T21:34:04+08:00 ] ::1 /lab08/index.php/Home/Index/addMsg
INFO: [ app_init ] --START--
INFO: Run Behavior\BuildLiteBehavior [ RunTime:0.000028s ]
INFO: [ app_init ] --END-- [ RunTime:0.000441s ]

[ 2018-05-22T21:34:08+08:00 ] ::1 /lab08/index.php/Home/Index/addMessage
INFO: [ app_init ] --START--
INFO: Run Behavior\BuildLiteBehavior [ RunTime:0.000029s ]
INFO: [ app_init ] --END-- [ RunTime:0.000438s ]

[ 2018-05-22T21:34:08+08:00 ] ::1 /lab08/index.php/Home/Index/homework
INFO: [ app_init ] --START--
INFO: Run Behavior\BuildLiteBehavior [ RunTime:0.000023s ]
INFO: [ app_init ] --END-- [ RunTime:0.000333s ]

[ 2018-05-22T21:34:16+08:00 ] ::1 /lab08/index.php/Home/Index/order
INFO: [ app_init ] --START--
INFO: Run Behavior\BuildLiteBehavior [ RunTime:0.000031s ]
INFO: [ app_init ] --END-- [ RunTime:0.000504s ]
INFO: [ app_begin ] --START--
INFO: Run Behavior\ReadHtmlCacheBehavior [ RunTime:0.000459s ]
INFO: [ app_begin ] --END-- [ RunTime:0.000597s ]
SQL: SHOW COLUMNS FROM `tp_message` [ RunTime:0.0006s ]
SQL: SELECT * FROM `tp_message` WHERE `content` LIKE '%%' ORDER BY id  [ RunTime:0.0004s ]

[ 2018-05-22T21:44:24+08:00 ] ::1 /lab08/index.php/Home/Index/order
INFO: [ app_init ] --START--
INFO: Run Behavior\BuildLiteBehavior [ RunTime:0.000029s ]
INFO: [ app_init ] --END-- [ RunTime:0.000494s ]
INFO: [ app_begin ] --START--
INFO: Run Behavior\ReadHtmlCacheBehavior [ RunTime:0.000567s ]
INFO: [ app_begin ] --END-- [ RunTime:0.000686s ]
SQL: SHOW COLUMNS FROM `tp_message` [ RunTime:0.0007s ]
SQL: SELECT * FROM `tp_message` WHERE `content` LIKE '%%' ORDER BY id  [ RunTime:0.0005s ]

[ 2018-05-22T21:44:26+08:00 ] ::1 /lab08/index.php/Home/Index/addMsg
INFO: [ app_init ] --START--
INFO: Run Behavior\BuildLiteBehavior [ RunTime:0.000029s ]
INFO: [ app_init ] --END-- [ RunTime:0.000447s ]

[ 2018-05-22T22:20:17+08:00 ] ::1 /lab08/index.php/Home/Index/homework
INFO: [ app_init ] --START--
INFO: Run Behavior\BuildLiteBehavior [ RunTime:0.000052s ]
INFO: [ app_init ] --END-- [ RunTime:0.000814s ]

[ 2018-05-22T22:20:19+08:00 ] ::1 /lab08/index.php/Home/Index/addMsg
INFO: [ app_init ] --START--
INFO: Run Behavior\BuildLiteBehavior [ RunTime:0.000029s ]
INFO: [ app_init ] --END-- [ RunTime:0.000435s ]

[ 2018-05-22T22:20:19+08:00 ] ::1 /lab08/index.php/Home/Index/%7B:U('public/verify')%7D
INFO: [ app_init ] --START--
INFO: Run Behavior\BuildLiteBehavior [ RunTime:0.000073s ]
INFO: [ app_init ] --END-- [ RunTime:0.000561s ]
ERR: 非法操作:{:U('public

[ 2018-05-22T22:27:26+08:00 ] ::1 /lab08/index.php/Home/Index/addMsg
INFO: [ app_init ] --START--
INFO: Run Behavior\BuildLiteBehavior [ RunTime:0.000031s ]
INFO: [ app_init ] --END-- [ RunTime:0.000507s ]

[ 2018-05-22T22:27:26+08:00 ] ::1 /lab08/index.php/Home/Index/%7B:U('public/verify')%7D
INFO: [ app_init ] --START--
INFO: Run Behavior\BuildLiteBehavior [ RunTime:0.000026s ]
INFO: [ app_init ] --END-- [ RunTime:0.000447s ]
ERR: 非法操作:{:U('public

[ 2018-05-22T22:30:07+08:00 ] ::1 /lab08/index.php/Home/Public/verify
INFO: [ app_init ] --START--
INFO: Run Behavior\BuildLiteBehavior [ RunTime:0.000055s ]
INFO: [ app_init ] --END-- [ RunTime:0.000848s ]

[ 2018-05-22T22:30:14+08:00 ] ::1 /lab08/index.php/Home/Index/addMsg
INFO: [ app_init ] --START--
INFO: Run Behavior\BuildLiteBehavior [ RunTime:0.000050s ]
INFO: [ app_init ] --END-- [ RunTime:0.000820s ]

[ 2018-05-22T22:30:14+08:00 ] ::1 /lab08/index.php/Home/Index/%7B:U('public/verify')%7D
INFO: [ app_init ] --START--
INFO: Run Behavior\BuildLiteBehavior [ RunTime:0.000026s ]
INFO: [ app_init ] --END-- [ RunTime:0.000367s ]
ERR: 非法操作:{:U('public

