[ 2018-06-07T17:28:32+08:00 ] ::1 /lab8/index.php/home/Index/message
INFO: [ app_init ] --START--
INFO: Run Behavior\BuildLiteBehavior [ RunTime:0.000039s ]
INFO: [ app_init ] --END-- [ RunTime:0.000742s ]

[ 2018-06-07T17:29:10+08:00 ] ::1 /lab8/index.php/home/Index/message
INFO: [ app_init ] --START--
INFO: Run Behavior\BuildLiteBehavior [ RunTime:0.000038s ]
INFO: [ app_init ] --END-- [ RunTime:0.000672s ]

[ 2018-06-07T17:29:11+08:00 ] ::1 /lab8/index.php/home/Index/message
INFO: [ app_init ] --START--
INFO: Run Behavior\BuildLiteBehavior [ RunTime:0.000033s ]
INFO: [ app_init ] --END-- [ RunTime:0.000548s ]

[ 2018-06-07T17:29:14+08:00 ] ::1 /lab8/index.php/home/Index/message
INFO: [ app_init ] --START--
INFO: Run Behavior\BuildLiteBehavior [ RunTime:0.000039s ]
INFO: [ app_init ] --END-- [ RunTime:0.000617s ]

[ 2018-06-07T17:29:15+08:00 ] ::1 /lab8/index.php/home/Index/message
INFO: [ app_init ] --START--
INFO: Run Behavior\BuildLiteBehavior [ RunTime:0.000029s ]
INFO: [ app_init ] --END-- [ RunTime:0.000483s ]

[ 2018-06-07T17:29:24+08:00 ] ::1 /lab8/index.php/home/index/message
INFO: [ app_init ] --START--
INFO: Run Behavior\BuildLiteBehavior [ RunTime:0.000051s ]
INFO: [ app_init ] --END-- [ RunTime:0.000809s ]

[ 2018-06-07T17:29:32+08:00 ] ::1 /lab8/index.php/home/index/message
INFO: [ app_init ] --START--
INFO: Run Behavior\BuildLiteBehavior [ RunTime:0.000030s ]
INFO: [ app_init ] --END-- [ RunTime:0.000489s ]

[ 2018-06-07T17:29:33+08:00 ] ::1 /lab8/index.php/home/index/message
INFO: [ app_init ] --START--
INFO: Run Behavior\BuildLiteBehavior [ RunTime:0.000024s ]
INFO: [ app_init ] --END-- [ RunTime:0.000385s ]

[ 2018-06-07T17:29:40+08:00 ] ::1 /lab8/index.php/Home/Index/deteleMsg
INFO: [ app_init ] --START--
INFO: Run Behavior\BuildLiteBehavior [ RunTime:0.000028s ]
INFO: [ app_init ] --END-- [ RunTime:0.000474s ]
INFO: [ app_begin ] --START--
INFO: Run Behavior\ReadHtmlCacheBehavior [ RunTime:0.000689s ]
INFO: [ app_begin ] --END-- [ RunTime:0.000804s ]
SQL: SHOW COLUMNS FROM `tp_message` [ RunTime:0.0006s ]
SQL: DELETE FROM `tp_message` WHERE `id` = 42 [ RunTime:0.0008s ]
INFO: [ app_end ] --START--
INFO: Run Behavior\ShowPageTraceBehavior [ RunTime:0.000967s ]
INFO: [ app_end ] --END-- [ RunTime:0.001128s ]

[ 2018-06-07T17:30:16+08:00 ] ::1 /lab8/index.php/home/index/message
INFO: [ app_init ] --START--
INFO: Run Behavior\BuildLiteBehavior [ RunTime:0.000030s ]
INFO: [ app_init ] --END-- [ RunTime:0.000514s ]

[ 2018-06-07T17:30:27+08:00 ] ::1 /lab8/index.php/Home/Index/deteleMsg
INFO: [ app_init ] --START--
INFO: Run Behavior\BuildLiteBehavior [ RunTime:0.000051s ]
INFO: [ app_init ] --END-- [ RunTime:0.000768s ]
INFO: [ app_begin ] --START--
INFO: Run Behavior\ReadHtmlCacheBehavior [ RunTime:0.000990s ]
INFO: [ app_begin ] --END-- [ RunTime:0.001200s ]
SQL: SHOW COLUMNS FROM `tp_message` [ RunTime:0.0007s ]
SQL: DELETE FROM `tp_message` WHERE `id` = 32 [ RunTime:0.0004s ]
INFO: [ app_end ] --START--
INFO: Run Behavior\ShowPageTraceBehavior [ RunTime:0.000717s ]
INFO: [ app_end ] --END-- [ RunTime:0.000840s ]

[ 2018-06-07T17:30:44+08:00 ] ::1 /lab8/index.php/home/index/message
INFO: [ app_init ] --START--
INFO: Run Behavior\BuildLiteBehavior [ RunTime:0.000035s ]
INFO: [ app_init ] --END-- [ RunTime:0.000490s ]

[ 2018-06-07T17:30:50+08:00 ] ::1 /lab8/index.php/home/index/message
INFO: [ app_init ] --START--
INFO: Run Behavior\BuildLiteBehavior [ RunTime:0.000029s ]
INFO: [ app_init ] --END-- [ RunTime:0.000484s ]

[ 2018-06-07T17:31:06+08:00 ] ::1 /lab8/index.php/home/index/message
INFO: [ app_init ] --START--
INFO: Run Behavior\BuildLiteBehavior [ RunTime:0.000024s ]
INFO: [ app_init ] --END-- [ RunTime:0.000382s ]

[ 2018-06-07T17:33:29+08:00 ] ::1 /lab8/index.php/home/index/message
INFO: [ app_init ] --START--
INFO: Run Behavior\BuildLiteBehavior [ RunTime:0.000022s ]
INFO: [ app_init ] --END-- [ RunTime:0.000395s ]

