[ 2018-04-10T09:48:04+08:00 ] ::1 /lab05/index.php/home/inex/index.html
ERR: 无法加载控制器:Inex

[ 2018-04-10T09:58:27+08:00 ] ::1 /lab05/index.php/home/login/do_login?username=1640129240&password=123
ERR: 非法操作:do_login

[ 2018-04-10T09:59:13+08:00 ] ::1 /lab05/index.php/home/login/do_login?username=1640129240&password=123
ERR: 非法操作:do_login

[ 2018-04-10T09:59:38+08:00 ] ::1 /lab05/index.php/home/login/do_login?username=1640129240&password=123
ERR: 非法操作:do_login

[ 2018-04-10T10:00:09+08:00 ] ::1 /lab05/index.php/home/Login/do_login?username=1640129240&password=123
ERR: 非法操作:do_login

[ 2018-04-10T10:00:22+08:00 ] ::1 /lab05/index.php/home/Login/do_login?username=1640129240&password=123
ERR: 非法操作:do_login

[ 2018-04-10T10:00:42+08:00 ] ::1 /lab05/index.php/home/login/do_login?username=&password=
ERR: 非法操作:do_login

[ 2018-04-10T10:02:01+08:00 ] ::1 /lab05/index.php/home/login/do_login?username=&password=
ERR: 非法操作:do_login

[ 2018-04-10T10:02:04+08:00 ] ::1 /lab05/index.php/home/login/do_login?username=&password=
ERR: 非法操作:do_login

[ 2018-04-10T10:02:14+08:00 ] ::1 /lab05/index.php/home/login/login1?username=&password=
ERR: 非法操作:login1

[ 2018-04-10T10:02:42+08:00 ] ::1 /lab05/index.php/home/login/login1?username=&password=
ERR: 非法操作:login1

[ 2018-04-10T10:02:44+08:00 ] ::1 /lab05/index.php/home/login/login1?username=&password=
ERR: 非法操作:login1

[ 2018-04-10T10:03:44+08:00 ] ::1 /lab05/index.php/home/login/login1?username=&password=
ERR: 非法操作:login1

[ 2018-04-10T10:04:27+08:00 ] ::1 /lab05/index.php/home/login/login1?username=&password=
ERR: 非法操作:login1

[ 2018-04-10T10:05:48+08:00 ] ::1 /lab05/index.php/home/login/login1?username=1640129240&password=
ERR: 非法操作:login1

[ 2018-04-10T10:05:51+08:00 ] ::1 /lab05/index.php/home/login/login1?username=1640129240&password=
ERR: 非法操作:login1

[ 2018-04-10T10:05:54+08:00 ] ::1 /lab05/index.php/home/login/login1?username=1640&password=
ERR: 非法操作:login1

[ 2018-04-10T10:07:08+08:00 ] ::1 /lab05/index.php/home/login/login1?username=1640&password=
ERR: 非法操作:login1

[ 2018-04-10T10:07:11+08:00 ] ::1 /lab05/index.php/home/login/login1?username=1640&password=
ERR: 非法操作:login1

[ 2018-04-10T10:07:36+08:00 ] ::1 /lab05/index.php/home/login/login1?username=&password=
ERR: 非法操作:login1

[ 2018-04-10T10:08:32+08:00 ] ::1 /lab05/index.php/home/login/login1
ERR: 非法操作:login1

[ 2018-04-10T10:10:47+08:00 ] ::1 /lab05/index.php/home/login/login
ERR: 非法操作:login

[ 2018-04-10T10:11:04+08:00 ] ::1 /lab05/index.php/home/login/login1?username=&password=
ERR: 非法操作:login1

[ 2018-04-10T10:11:09+08:00 ] ::1 /lab05/index.php/home/login/login1?username=1640&password=
ERR: 非法操作:login1

[ 2018-04-10T10:11:13+08:00 ] ::1 /lab05/index.php/home/login/login1?username=1640&password=
ERR: 非法操作:login1

[ 2018-04-10T10:11:14+08:00 ] ::1 /lab05/index.php/home/login/login1?username=1640&password=
ERR: 非法操作:login1

[ 2018-04-10T10:11:16+08:00 ] ::1 /lab05/index.php/home/login/login1?username=1640&password=
ERR: 非法操作:login1

[ 2018-04-10T10:11:27+08:00 ] ::1 /lab05/index.php/home/login/login1?username=&password=
ERR: 非法操作:login1

[ 2018-04-10T10:11:29+08:00 ] ::1 /lab05/index.php/home/login/login1?username=1640&password=
ERR: 非法操作:login1

[ 2018-04-10T10:11:52+08:00 ] ::1 /lab05/index.php/home/login/login1?username=1640&password=
ERR: 非法操作:login1

[ 2018-04-10T10:11:54+08:00 ] ::1 /lab05/index.php/home/login/login1?username=1640&password=
ERR: 非法操作:login1

[ 2018-04-10T10:12:07+08:00 ] ::1 /lab05/index.php/home/login/login1?username=&password=
ERR: 非法操作:login1

[ 2018-04-10T10:12:10+08:00 ] ::1 /lab05/index.php/home/login/login1?username=1640&password=
ERR: 非法操作:login1

[ 2018-04-10T10:13:16+08:00 ] ::1 /lab05/index.php/home/login/login1
ERR: 非法操作:login1

[ 2018-04-10T10:13:45+08:00 ] ::1 /lab05/index.php/home/login/login1
ERR: 非法操作:login1

[ 2018-04-10T10:13:47+08:00 ] ::1 /lab05/index.php/home/login/login1
ERR: 非法操作:login1

[ 2018-04-10T10:13:59+08:00 ] ::1 /lab05/index.php/home/login/login1
ERR: 非法操作:login1

[ 2018-04-10T10:14:12+08:00 ] ::1 /lab05/index.php/home/Login/login1
ERR: 非法操作:login1

[ 2018-04-10T10:14:21+08:00 ] ::1 /lab05/index.php/home/login/login1
ERR: 非法操作:login1

[ 2018-04-10T10:17:58+08:00 ] ::1 /lab05/index.php/home/login/login1
ERR: 非法操作:login1

[ 2018-04-10T10:18:14+08:00 ] ::1 /lab05/index.php/home/login/do_login.php
ERR: 非法操作:do_login.php

[ 2018-04-10T10:18:24+08:00 ] ::1 /lab05/index.php/home/login/do_login
ERR: 非法操作:do_login

[ 2018-04-10T10:18:40+08:00 ] ::1 /lab05/index.php/home/login/do_login.php
ERR: 非法操作:do_login.php

[ 2018-04-10T10:18:52+08:00 ] ::1 /lab05/index.php/home/login/do_login
ERR: 非法操作:do_login

[ 2018-04-10T10:19:43+08:00 ] ::1 /lab05/index.php/home/login/do_login.php
ERR: 非法操作:do_login.php

[ 2018-04-10T10:19:59+08:00 ] ::1 /lab05/index.php/home/login/do_login.php
ERR: 非法操作:do_login.php

[ 2018-04-10T10:20:32+08:00 ] ::1 /lab05/index.php/home/login/do_login.php
ERR: 非法操作:do_login.php

[ 2018-04-10T10:28:29+08:00 ] ::1 /lab05/index.php/home/login/do_login
ERR: 非法操作:do_login

[ 2018-04-10T10:29:34+08:00 ] ::1 /lab05/index.php/home/login/do_login
ERR: 非法操作:do_login

[ 2018-04-10T10:31:50+08:00 ] ::1 /lab05/index.php/home/login/do_login
ERR: 非法操作:do_login

[ 2018-04-10T10:32:47+08:00 ] ::1 /lab05/index.php/home/login/do_login
ERR: 非法操作:do_login

[ 2018-04-10T10:32:48+08:00 ] ::1 /lab05/index.php/home/login/do_login
ERR: 非法操作:do_login

[ 2018-04-10T10:33:27+08:00 ] ::1 /lab05/index.php/home/login/do_login
ERR: 非法操作:do_login

[ 2018-04-10T10:35:02+08:00 ] ::1 /lab05/index.php/home/login/log
ERR: 非法操作:log

[ 2018-04-10T10:39:53+08:00 ] ::1 /lab05/index.php/home/login/Index/data
ERR: 非法操作:index

[ 2018-04-10T11:59:56+08:00 ] ::1 /lab05/index.php/home/index/destroy
ERR: Think\Controller:redirct方法不存在！

